{"meta": {"format": 3, "version": "7.13.2", "timestamp": "2026-01-30T10:50:33.764169", "branch_coverage": false, "show_contexts": false}, "files": {"src/__init__.py": {"executed_lines": [], "summary": {"covered_lines": 0, "num_statements": 11, "percent_covered": 0.0, "percent_covered_display": "0", "missing_lines": 11, "excluded_lines": 0, "percent_statements_covered": 0.0, "percent_statements_covered_display": "0"}, "missing_lines": [31, 33, 34, 35, 38, 40, 41, 42, 44, 45, 48], "excluded_lines": [], "functions": {"": {"executed_lines": [], "summary": {"covered_lines": 0, "num_statements": 11, "percent_covered": 0.0, "percent_covered_display": "0", "missing_lines": 11, "excluded_lines": 0, "percent_statements_covered": 0.0, "percent_statements_covered_display": "0"}, "missing_lines": [31, 33, 34, 35, 38, 40, 41, 42, 44, 45, 48], "excluded_lines": [], "start_line": 1}}, "classes": {"": {"executed_lines": [], "summary": {"covered_lines": 0, "num_statements": 11, "percent_covered": 0.0, "percent_covered_display": "0", "missing_lines": 11, "excluded_lines": 0, "percent_statements_covered": 0.0, "percent_statements_covered_display": "0"}, "missing_lines": [31, 33, 34, 35, 38, 40, 41, 42, 44, 45, 48], "excluded_lines": [], "start_line": 1}}}, "src/api/__init__.py": {"executed_lines": [], "summary": {"covered_lines": 0, "num_statements": 0, "percent_covered": 100.0, "percent_covered_display": "100", "missing_lines": 0, "excluded_lines": 0, "percent_statements_covered": 100.0, "percent_statements_covered_display": "100"}, "missing_lines": [], "excluded_lines": [], "functions": {"": {"executed_lines": [], "summary": {"covered_lines": 0, "num_statements": 0, "percent_covered": 100.0, "percent_covered_display": "100", "missing_lines": 0, "excluded_lines": 0, "percent_statements_covered": 100.0, "percent_statements_covered_display": "100"}, "missing_lines": [], "excluded_lines": [], "start_line": 1}}, "classes": {"": {"executed_lines": [], "summary": {"covered_lines": 0, "num_statements": 0, "percent_covered": 100.0, "percent_covered_display": "100", "missing_lines": 0, "excluded_lines": 0, "percent_statements_covered": 100.0, "percent_statements_covered_display": "100"}, "missing_lines": [], "excluded_lines": [], "start_line": 1}}}, "src/api/generate_openapi.py": {"executed_lines": [], "summary": {"covered_lines": 0, "num_statements": 9, "percent_covered": 0.0, "percent_covered_display": "0", "missing_lines": 9, "excluded_lines": 0, "percent_statements_covered": 0.0, "percent_statements_covered_display": "0"}, "missing_lines": [1, 2, 4, 7, 10, 11, 12, 14, 15], "excluded_lines": [], "functions": {"": {"executed_lines": [], "summary": {"covered_lines": 0, "num_statements": 9, "percent_covered": 0.0, "percent_covered_display": "0", "missing_lines": 9, "excluded_lines": 0, "percent_statements_covered": 0.0, "percent_statements_covered_display": "0"}, "missing_lines": [1, 2, 4, 7, 10, 11, 12, 14, 15], "excluded_lines": [], "start_line": 1}}, "classes": {"": {"executed_lines": [], "summary": {"covered_lines": 0, "num_statements": 9, "percent_covered": 0.0, "percent_covered_display": "0", "missing_lines": 9, "excluded_lines": 0, "percent_statements_covered": 0.0, "percent_statements_covered_display": "0"}, "missing_lines": [1, 2, 4, 7, 10, 11, 12, 14, 15], "excluded_lines": [], "start_line": 1}}}, "src/api/main.py": {"executed_lines": [20, 21, 22, 24, 25, 26, 29, 35, 40, 41, 42, 48, 49, 83, 110, 121, 130, 131, 132, 133, 134, 135, 138, 142, 143, 154, 155, 165, 172, 203, 204], "summary": {"covered_lines": 31, "num_statements": 57, "percent_covered": 54.3859649122807, "percent_covered_display": "54", "missing_lines": 26, "excluded_lines": 3, "percent_statements_covered": 54.3859649122807, "percent_statements_covered_display": "54"}, "missing_lines": [30, 57, 58, 60, 61, 62, 63, 64, 66, 69, 70, 71, 72, 73, 74, 75, 77, 80, 150, 161, 185, 186, 188, 189, 194, 217], "excluded_lines": [43, 44, 45], "functions": {"lifespan": {"executed_lines": [], "summary": {"covered_lines": 0, "num_statements": 17, "percent_covered": 0.0, "percent_covered_display": "0", "missing_lines": 17, "excluded_lines": 0, "percent_statements_covered": 0.0, "percent_statements_covered_display": "0"}, "missing_lines": [57, 58, 60, 61, 62, 63, 64, 66, 69, 70, 71, 72, 73, 74, 75, 77, 80], "excluded_lines": [], "start_line": 49}, "health_check": {"executed_lines": [], "summary": {"covered_lines": 0, "num_statements": 1, "percent_covered": 0.0, "percent_covered_display": "0", "missing_lines": 1, "excluded_lines": 0, "percent_statements_covered": 0.0, "percent_statements_covered_display": "0"}, "missing_lines": [150], "excluded_lines": [], "start_line": 143}, "health_endpoint": {"executed_lines": [], "summary": {"covered_lines": 0, "num_statements": 1, "percent_covered": 0.0, "percent_covered_display": "0", "missing_lines": 1, "excluded_lines": 0, "percent_statements_covered": 0.0, "percent_statements_covered_display": "0"}, "missing_lines": [161], "excluded_lines": [], "start_line": 155}, "readiness_endpoint": {"executed_lines": [], "summary": {"covered_lines": 0, "num_statements": 5, "percent_covered": 0.0, "percent_covered_display": "0", "missing_lines": 5, "excluded_lines": 0, "percent_statements_covered": 0.0, "percent_statements_covered_display": "0"}, "missing_lines": [185, 186, 188, 189, 194], "excluded_lines": [], "start_line": 172}, "websocket_usage_docs": {"executed_lines": [], "summary": {"covered_lines": 0, "num_statements": 1, "percent_covered": 0.0, "percent_covered_display": "0", "missing_lines": 1, "excluded_lines": 0, "percent_statements_covered": 0.0, "percent_statements_covered_display": "0"}, "missing_lines": [217], "excluded_lines": [], "start_line": 204}, "": {"executed_lines": [20, 21, 22, 24, 25, 26, 29, 35, 40, 41, 42, 48, 49, 83, 110, 121, 130, 131, 132, 133, 134, 135, 138, 142, 143, 154, 155, 165, 172, 203, 204], "summary": {"covered_lines": 31, "num_statements": 32, "percent_covered": 96.875, "percent_covered_display": "97", "missing_lines": 1, "excluded_lines": 3, "percent_statements_covered": 96.875, "percent_statements_covered_display": "97"}, "missing_lines": [30], "excluded_lines": [43, 44, 45], "start_line": 1}}, "classes": {"": {"executed_lines": [20, 21, 22, 24, 25, 26, 29, 35, 40, 41, 42, 48, 49, 83, 110, 121, 130, 131, 132, 133, 134, 135, 138, 142, 143, 154, 155, 165, 172, 203, 204], "summary": {"covered_lines": 31, "num_statements": 57, "percent_covered": 54.3859649122807, "percent_covered_display": "54", "missing_lines": 26, "excluded_lines": 3, "percent_statements_covered": 54.3859649122807, "percent_statements_covered_display": "54"}, "missing_lines": [30, 57, 58, 60, 61, 62, 63, 64, 66, 69, 70, 71, 72, 73, 74, 75, 77, 80, 150, 161, 185, 186, 188, 189, 194, 217], "excluded_lines": [43, 44, 45], "start_line": 1}}}, "src/api/routers/__init__.py": {"executed_lines": [4, 6], "summary": {"covered_lines": 2, "num_statements": 2, "percent_covered": 100.0, "percent_covered_display": "100", "missing_lines": 0, "excluded_lines": 0, "percent_statements_covered": 100.0, "percent_statements_covered_display": "100"}, "missing_lines": [], "excluded_lines": [], "functions": {"": {"executed_lines": [4, 6], "summary": {"covered_lines": 2, "num_statements": 2, "percent_covered": 100.0, "percent_covered_display": "100", "missing_lines": 0, "excluded_lines": 0, "percent_statements_covered": 100.0, "percent_statements_covered_display": "100"}, "missing_lines": [], "excluded_lines": [], "start_line": 1}}, "classes": {"": {"executed_lines": [4, 6], "summary": {"covered_lines": 2, "num_statements": 2, "percent_covered": 100.0, "percent_covered_display": "100", "missing_lines": 0, "excluded_lines": 0, "percent_statements_covered": 100.0, "percent_statements_covered_display": "100"}, "missing_lines": [], "excluded_lines": [], "start_line": 1}}}, "src/api/routers/audit.py": {"executed_lines": [5, 6, 8, 9, 10, 11, 12, 14, 25, 36], "summary": {"covered_lines": 10, "num_statements": 20, "percent_covered": 50.0, "percent_covered_display": "50", "missing_lines": 10, "excluded_lines": 0, "percent_statements_covered": 50.0, "percent_statements_covered_display": "50"}, "missing_lines": [49, 51, 52, 53, 55, 71, 73, 74, 75, 76], "excluded_lines": [], "functions": {"query_audit_events": {"executed_lines": [], "summary": {"covered_lines": 0, "num_statements": 10, "percent_covered": 0.0, "percent_covered_display": "0", "missing_lines": 10, "excluded_lines": 0, "percent_statements_covered": 0.0, "percent_statements_covered_display": "0"}, "missing_lines": [49, 51, 52, 53, 55, 71, 73, 74, 75, 76], "excluded_lines": [], "start_line": 36}, "": {"executed_lines": [5, 6, 8, 9, 10, 11, 12, 14, 25, 36], "summary": {"covered_lines": 10, "num_statements": 10, "percent_covered": 100.0, "percent_covered_display": "100", "missing_lines": 0, "excluded_lines": 0, "percent_statements_covered": 100.0, "percent_statements_covered_display": "100"}, "missing_lines": [], "excluded_lines": [], "start_line": 1}}, "classes": {"": {"executed_lines": [5, 6, 8, 9, 10, 11, 12, 14, 25, 36], "summary": {"covered_lines": 10, "num_statements": 20, "percent_covered": 50.0, "percent_covered_display": "50", "missing_lines": 10, "excluded_lines": 0, "percent_statements_covered": 50.0, "percent_statements_covered_display": "50"}, "missing_lines": [49, 51, 52, 53, 55, 71, 73, 74, 75, 76], "excluded_lines": [], "start_line": 1}}}, "src/api/routers/auth.py": {"executed_lines": [5, 6, 7, 8, 10, 11, 17, 20, 23, 24, 25, 26, 29, 30, 31, 32, 33, 36, 37, 38, 41, 42, 43, 44, 47, 48, 49, 52, 53, 54, 55, 58, 59, 60, 61, 62, 65, 66, 119, 120, 141, 142, 166, 167, 200, 201, 204, 205, 206, 209, 210], "summary": {"covered_lines": 51, "num_statements": 101, "percent_covered": 50.495049504950494, "percent_covered_display": "50", "missing_lines": 50, "excluded_lines": 0, "percent_statements_covered": 50.495049504950494, "percent_statements_covered_display": "50"}, "missing_lines": [77, 78, 80, 82, 83, 86, 88, 89, 99, 101, 108, 109, 110, 111, 112, 113, 125, 126, 128, 129, 130, 135, 136, 137, 138, 147, 148, 150, 151, 156, 157, 158, 159, 160, 172, 174, 175, 179, 181, 182, 184, 185, 191, 192, 193, 194, 221, 222, 231, 233], "excluded_lines": [], "functions": {"register_user": {"executed_lines": [], "summary": {"covered_lines": 0, "num_statements": 16, "percent_covered": 0.0, "percent_covered_display": "0", "missing_lines": 16, "excluded_lines": 0, "percent_statements_covered": 0.0, "percent_statements_covered_display": "0"}, "missing_lines": [77, 78, 80, 82, 83, 86, 88, 89, 99, 101, 108, 109, 110, 111, 112, 113], "excluded_lines": [], "start_line": 66}, "login": {"executed_lines": [], "summary": {"covered_lines": 0, "num_statements": 9, "percent_covered": 0.0, "percent_covered_display": "0", "missing_lines": 9, "excluded_lines": 0, "percent_statements_covered": 0.0, "percent_statements_covered_display": "0"}, "missing_lines": [125, 126, 128, 129, 130, 135, 136, 137, 138], "excluded_lines": [], "start_line": 120}, "assign_role": {"executed_lines": [], "summary": {"covered_lines": 0, "num_statements": 9, "percent_covered": 0.0, "percent_covered_display": "0", "missing_lines": 9, "excluded_lines": 0, "percent_statements_covered": 0.0, "percent_statements_covered_display": "0"}, "missing_lines": [147, 148, 150, 151, 156, 157, 158, 159, 160], "excluded_lines": [], "start_line": 142}, "get_me": {"executed_lines": [], "summary": {"covered_lines": 0, "num_statements": 12, "percent_covered": 0.0, "percent_covered_display": "0", "missing_lines": 12, "excluded_lines": 0, "percent_statements_covered": 0.0, "percent_statements_covered_display": "0"}, "missing_lines": [172, 174, 175, 179, 181, 182, 184, 185, 191, 192, 193, 194], "excluded_lines": [], "start_line": 167}, "toggle_registration": {"executed_lines": [], "summary": {"covered_lines": 0, "num_statements": 4, "percent_covered": 0.0, "percent_covered_display": "0", "missing_lines": 4, "excluded_lines": 0, "percent_statements_covered": 0.0, "percent_statements_covered_display": "0"}, "missing_lines": [221, 222, 231, 233], "excluded_lines": [], "start_line": 210}, "": {"executed_lines": [5, 6, 7, 8, 10, 11, 17, 20, 23, 24, 25, 26, 29, 30, 31, 32, 33, 36, 37, 38, 41, 42, 43, 44, 47, 48, 49, 52, 53, 54, 55, 58, 59, 60, 61, 62, 65, 66, 119, 120, 141, 142, 166, 167, 200, 201, 204, 205, 206, 209, 210], "summary": {"covered_lines": 51, "num_statements": 51, "percent_covered": 100.0, "percent_covered_display": "100", "missing_lines": 0, "excluded_lines": 0, "percent_statements_covered": 100.0, "percent_statements_covered_display": "100"}, "missing_lines": [], "excluded_lines": [], "start_line": 1}}, "classes": {"RegisterRequest": {"executed_lines": [], "summary": {"covered_lines": 0, "num_statements": 0, "percent_covered": 100.0, "percent_covered_display": "100", "missing_lines": 0, "excluded_lines": 0, "percent_statements_covered": 100.0, "percent_statements_covered_display": "100"}, "missing_lines": [], "excluded_lines": [], "start_line": 23}, "RegisterResponse": {"executed_lines": [], "summary": {"covered_lines": 0, "num_statements": 0, "percent_covered": 100.0, "percent_covered_display": "100", "missing_lines": 0, "excluded_lines": 0, "percent_statements_covered": 100.0, "percent_statements_covered_display": "100"}, "missing_lines": [], "excluded_lines": [], "start_line": 29}, "LoginRequest": {"executed_lines": [], "summary": {"covered_lines": 0, "num_statements": 0, "percent_covered": 100.0, "percent_covered_display": "100", "missing_lines": 0, "excluded_lines": 0, "percent_statements_covered": 100.0, "percent_statements_covered_display": "100"}, "missing_lines": [], "excluded_lines": [], "start_line": 36}, "LoginResponse": {"executed_lines": [], "summary": {"covered_lines": 0, "num_statements": 0, "percent_covered": 100.0, "percent_covered_display": "100", "missing_lines": 0, "excluded_lines": 0, "percent_statements_covered": 100.0, "percent_statements_covered_display": "100"}, "missing_lines": [], "excluded_lines": [], "start_line": 41}, "AssignRoleRequest": {"executed_lines": [], "summary": {"covered_lines": 0, "num_statements": 0, "percent_covered": 100.0, "percent_covered_display": "100", "missing_lines": 0, "excluded_lines": 0, "percent_statements_covered": 100.0, "percent_statements_covered_display": "100"}, "missing_lines": [], "excluded_lines": [], "start_line": 47}, "AssignRoleResponse": {"executed_lines": [], "summary": {"covered_lines": 0, "num_statements": 0, "percent_covered": 100.0, "percent_covered_display": "100", "missing_lines": 0, "excluded_lines": 0, "percent_statements_covered": 100.0, "percent_statements_covered_display": "100"}, "missing_lines": [], "excluded_lines": [], "start_line": 52}, "UserProfileResponse": {"executed_lines": [], "summary": {"covered_lines": 0, "num_statements": 0, "percent_covered": 100.0, "percent_covered_display": "100", "missing_lines": 0, "excluded_lines": 0, "percent_statements_covered": 100.0, "percent_statements_covered_display": "100"}, "missing_lines": [], "excluded_lines": [], "start_line": 58}, "ToggleRegistrationRequest": {"executed_lines": [], "summary": {"covered_lines": 0, "num_statements": 0, "percent_covered": 100.0, "percent_covered_display": "100", "missing_lines": 0, "excluded_lines": 0, "percent_statements_covered": 100.0, "percent_statements_covered_display": "100"}, "missing_lines": [], "excluded_lines": [], "start_line": 200}, "ToggleRegistrationResponse": {"executed_lines": [], "summary": {"covered_lines": 0, "num_statements": 0, "percent_covered": 100.0, "percent_covered_display": "100", "missing_lines": 0, "excluded_lines": 0, "percent_statements_covered": 100.0, "percent_statements_covered_display": "100"}, "missing_lines": [], "excluded_lines": [], "start_line": 204}, "": {"executed_lines": [5, 6, 7, 8, 10, 11, 17, 20, 23, 24, 25, 26, 29, 30, 31, 32, 33, 36, 37, 38, 41, 42, 43, 44, 47, 48, 49, 52, 53, 54, 55, 58, 59, 60, 61, 62, 65, 66, 119, 120, 141, 142, 166, 167, 200, 201, 204, 205, 206, 209, 210], "summary": {"covered_lines": 51, "num_statements": 101, "percent_covered": 50.495049504950494, "percent_covered_display": "50", "missing_lines": 50, "excluded_lines": 0, "percent_statements_covered": 50.495049504950494, "percent_statements_covered_display": "50"}, "missing_lines": [77, 78, 80, 82, 83, 86, 88, 89, 99, 101, 108, 109, 110, 111, 112, 113, 125, 126, 128, 129, 130, 135, 136, 137, 138, 147, 148, 150, 151, 156, 157, 158, 159, 160, 172, 174, 175, 179, 181, 182, 184, 185, 191, 192, 193, 194, 221, 222, 231, 233], "excluded_lines": [], "start_line": 1}}}, "src/api/routers/drafts.py": {"executed_lines": [5, 6, 8, 9, 10, 11, 12, 14, 25, 38], "summary": {"covered_lines": 10, "num_statements": 25, "percent_covered": 40.0, "percent_covered_display": "40", "missing_lines": 15, "excluded_lines": 0, "percent_statements_covered": 40.0, "percent_statements_covered_display": "40"}, "missing_lines": [46, 47, 49, 50, 52, 53, 63, 64, 74, 75, 82, 84, 85, 86, 87], "excluded_lines": [], "functions": {"create_draft": {"executed_lines": [], "summary": {"covered_lines": 0, "num_statements": 15, "percent_covered": 0.0, "percent_covered_display": "0", "missing_lines": 15, "excluded_lines": 0, "percent_statements_covered": 0.0, "percent_statements_covered_display": "0"}, "missing_lines": [46, 47, 49, 50, 52, 53, 63, 64, 74, 75, 82, 84, 85, 86, 87], "excluded_lines": [], "start_line": 38}, "": {"executed_lines": [5, 6, 8, 9, 10, 11, 12, 14, 25, 38], "summary": {"covered_lines": 10, "num_statements": 10, "percent_covered": 100.0, "percent_covered_display": "100", "missing_lines": 0, "excluded_lines": 0, "percent_statements_covered": 100.0, "percent_statements_covered_display": "100"}, "missing_lines": [], "excluded_lines": [], "start_line": 1}}, "classes": {"": {"executed_lines": [5, 6, 8, 9, 10, 11, 12, 14, 25, 38], "summary": {"covered_lines": 10, "num_statements": 25, "percent_covered": 40.0, "percent_covered_display": "40", "missing_lines": 15, "excluded_lines": 0, "percent_statements_covered": 40.0, "percent_statements_covered_display": "40"}, "missing_lines": [46, 47, 49, 50, 52, 53, 63, 64, 74, 75, 82, 84, 85, 86, 87], "excluded_lines": [], "start_line": 1}}}, "src/api/routers/evidence.py": {"executed_lines": [5, 6, 8, 9, 10, 11, 12, 14, 24, 36], "summary": {"covered_lines": 10, "num_statements": 29, "percent_covered": 34.48275862068966, "percent_covered_display": "34", "missing_lines": 19, "excluded_lines": 0, "percent_statements_covered": 34.48275862068966, "percent_statements_covered_display": "34"}, "missing_lines": [44, 45, 47, 48, 50, 51, 53, 54, 59, 60, 70, 79, 80, 81, 85, 89, 90, 91, 92], "excluded_lines": [], "functions": {"get_evidence_package": {"executed_lines": [], "summary": {"covered_lines": 0, "num_statements": 19, "percent_covered": 0.0, "percent_covered_display": "0", "missing_lines": 19, "excluded_lines": 0, "percent_statements_covered": 0.0, "percent_statements_covered_display": "0"}, "missing_lines": [44, 45, 47, 48, 50, 51, 53, 54, 59, 60, 70, 79, 80, 81, 85, 89, 90, 91, 92], "excluded_lines": [], "start_line": 36}, "": {"executed_lines": [5, 6, 8, 9, 10, 11, 12, 14, 24, 36], "summary": {"covered_lines": 10, "num_statements": 10, "percent_covered": 100.0, "percent_covered_display": "100", "missing_lines": 0, "excluded_lines": 0, "percent_statements_covered": 100.0, "percent_statements_covered_display": "100"}, "missing_lines": [], "excluded_lines": [], "start_line": 1}}, "classes": {"": {"executed_lines": [5, 6, 8, 9, 10, 11, 12, 14, 24, 36], "summary": {"covered_lines": 10, "num_statements": 29, "percent_covered": 34.48275862068966, "percent_covered_display": "34", "missing_lines": 19, "excluded_lines": 0, "percent_statements_covered": 34.48275862068966, "percent_statements_covered_display": "34"}, "missing_lines": [44, 45, 47, 48, 50, 51, 53, 54, 59, 60, 70, 79, 80, 81, 85, 89, 90, 91, 92], "excluded_lines": [], "start_line": 1}}}, "src/api/routers/submissions.py": {"executed_lines": [5, 6, 8, 9, 19, 20, 21, 30, 31, 33, 44, 57, 126, 137, 184, 196, 254, 268], "summary": {"covered_lines": 18, "num_statements": 94, "percent_covered": 19.148936170212767, "percent_covered_display": "19", "missing_lines": 76, "excluded_lines": 0, "percent_statements_covered": 19.148936170212767, "percent_statements_covered_display": "19"}, "missing_lines": [69, 71, 73, 74, 76, 77, 87, 88, 98, 99, 106, 108, 109, 113, 114, 115, 116, 145, 146, 148, 149, 151, 152, 154, 155, 160, 161, 162, 164, 175, 176, 177, 178, 205, 206, 208, 209, 211, 212, 221, 222, 230, 236, 237, 241, 242, 243, 244, 277, 278, 280, 281, 283, 284, 293, 294, 306, 308, 309, 321, 329, 330, 334, 335, 339, 340, 344, 345, 349, 350, 354, 355, 359, 360, 361, 362], "excluded_lines": [], "functions": {"create_submission": {"executed_lines": [], "summary": {"covered_lines": 0, "num_statements": 17, "percent_covered": 0.0, "percent_covered_display": "0", "missing_lines": 17, "excluded_lines": 0, "percent_statements_covered": 0.0, "percent_statements_covered_display": "0"}, "missing_lines": [69, 71, 73, 74, 76, 77, 87, 88, 98, 99, 106, 108, 109, 113, 114, 115, 116], "excluded_lines": [], "start_line": 57}, "get_submission": {"executed_lines": [], "summary": {"covered_lines": 0, "num_statements": 16, "percent_covered": 0.0, "percent_covered_display": "0", "missing_lines": 16, "excluded_lines": 0, "percent_statements_covered": 0.0, "percent_statements_covered_display": "0"}, "missing_lines": [145, 146, 148, 149, 151, 152, 154, 155, 160, 161, 162, 164, 175, 176, 177, 178], "excluded_lines": [], "start_line": 137}, "trigger_validation": {"executed_lines": [], "summary": {"covered_lines": 0, "num_statements": 15, "percent_covered": 0.0, "percent_covered_display": "0", "missing_lines": 15, "excluded_lines": 0, "percent_statements_covered": 0.0, "percent_statements_covered_display": "0"}, "missing_lines": [205, 206, 208, 209, 211, 212, 221, 222, 230, 236, 237, 241, 242, 243, 244], "excluded_lines": [], "start_line": 196}, "approve_submission": {"executed_lines": [], "summary": {"covered_lines": 0, "num_statements": 28, "percent_covered": 0.0, "percent_covered_display": "0", "missing_lines": 28, "excluded_lines": 0, "percent_statements_covered": 0.0, "percent_statements_covered_display": "0"}, "missing_lines": [277, 278, 280, 281, 283, 284, 293, 294, 306, 308, 309, 321, 329, 330, 334, 335, 339, 340, 344, 345, 349, 350, 354, 355, 359, 360, 361, 362], "excluded_lines": [], "start_line": 268}, "": {"executed_lines": [5, 6, 8, 9, 19, 20, 21, 30, 31, 33, 44, 57, 126, 137, 184, 196, 254, 268], "summary": {"covered_lines": 18, "num_statements": 18, "percent_covered": 100.0, "percent_covered_display": "100", "missing_lines": 0, "excluded_lines": 0, "percent_statements_covered": 100.0, "percent_statements_covered_display": "100"}, "missing_lines": [], "excluded_lines": [], "start_line": 1}}, "classes": {"": {"executed_lines": [5, 6, 8, 9, 19, 20, 21, 30, 31, 33, 44, 57, 126, 137, 184, 196, 254, 268], "summary": {"covered_lines": 18, "num_statements": 94, "percent_covered": 19.148936170212767, "percent_covered_display": "19", "missing_lines": 76, "excluded_lines": 0, "percent_statements_covered": 19.148936170212767, "percent_statements_covered_display": "19"}, "missing_lines": [69, 71, 73, 74, 76, 77, 87, 88, 98, 99, 106, 108, 109, 113, 114, 115, 116, 145, 146, 148, 149, 151, 152, 154, 155, 160, 161, 162, 164, 175, 176, 177, 178, 205, 206, 208, 209, 211, 212, 221, 222, 230, 236, 237, 241, 242, 243, 244, 277, 278, 280, 281, 283, 284, 293, 294, 306, 308, 309, 321, 329, 330, 334, 335, 339, 340, 344, 345, 349, 350, 354, 355, 359, 360, 361, 362], "excluded_lines": [], "start_line": 1}}}, "src/api/routers/submissions_compat.py": {"executed_lines": [9, 10, 11, 12, 13, 15, 16, 17, 18, 19, 21, 24, 26, 27, 28, 29, 30, 31, 32, 33, 35, 36, 49, 63, 119, 120, 229, 230, 289, 290, 316, 317], "summary": {"covered_lines": 32, "num_statements": 130, "percent_covered": 24.615384615384617, "percent_covered_display": "25", "missing_lines": 98, "excluded_lines": 0, "percent_statements_covered": 24.615384615384617, "percent_statements_covered_display": "25"}, "missing_lines": [38, 39, 42, 43, 44, 45, 46, 51, 52, 54, 55, 56, 58, 59, 60, 69, 70, 71, 73, 75, 76, 77, 79, 80, 81, 93, 100, 104, 106, 107, 116, 128, 129, 131, 132, 134, 137, 139, 143, 144, 154, 155, 156, 158, 176, 182, 184, 185, 187, 188, 189, 195, 199, 201, 202, 209, 217, 219, 220, 221, 222, 223, 241, 244, 246, 247, 249, 250, 258, 264, 266, 272, 274, 280, 281, 300, 302, 303, 308, 309, 311, 313, 328, 330, 332, 333, 334, 336, 338, 340, 342, 343, 350, 351, 358, 359, 367, 369], "excluded_lines": [], "functions": {"SimplifiedSubmissionPayload._validate_payload": {"executed_lines": [], "summary": {"covered_lines": 0, "num_statements": 7, "percent_covered": 0.0, "percent_covered_display": "0", "missing_lines": 7, "excluded_lines": 0, "percent_statements_covered": 0.0, "percent_statements_covered_display": "0"}, "missing_lines": [38, 39, 42, 43, 44, 45, 46], "excluded_lines": [], "start_line": 36}, "get_or_create_test_user": {"executed_lines": [], "summary": {"covered_lines": 0, "num_statements": 8, "percent_covered": 0.0, "percent_covered_display": "0", "missing_lines": 8, "excluded_lines": 0, "percent_statements_covered": 0.0, "percent_statements_covered_display": "0"}, "missing_lines": [51, 52, 54, 55, 56, 58, 59, 60], "excluded_lines": [], "start_line": 49}, "ensure_submission_exists_for_tests": {"executed_lines": [], "summary": {"covered_lines": 0, "num_statements": 16, "percent_covered": 0.0, "percent_covered_display": "0", "missing_lines": 16, "excluded_lines": 0, "percent_statements_covered": 0.0, "percent_statements_covered_display": "0"}, "missing_lines": [69, 70, 71, 73, 75, 76, 77, 79, 80, 81, 93, 100, 104, 106, 107, 116], "excluded_lines": [], "start_line": 63}, "create_submission_compat": {"executed_lines": [], "summary": {"covered_lines": 0, "num_statements": 31, "percent_covered": 0.0, "percent_covered_display": "0", "missing_lines": 31, "excluded_lines": 0, "percent_statements_covered": 0.0, "percent_statements_covered_display": "0"}, "missing_lines": [128, 129, 131, 132, 134, 137, 139, 143, 144, 154, 155, 156, 158, 176, 182, 184, 185, 187, 188, 189, 195, 199, 201, 202, 209, 217, 219, 220, 221, 222, 223], "excluded_lines": [], "start_line": 120}, "run_quality_gates_compat": {"executed_lines": [], "summary": {"covered_lines": 0, "num_statements": 13, "percent_covered": 0.0, "percent_covered_display": "0", "missing_lines": 13, "excluded_lines": 0, "percent_statements_covered": 0.0, "percent_statements_covered_display": "0"}, "missing_lines": [241, 244, 246, 247, 249, 250, 258, 264, 266, 272, 274, 280, 281], "excluded_lines": [], "start_line": 230}, "approve_submission_compat": {"executed_lines": [], "summary": {"covered_lines": 0, "num_statements": 7, "percent_covered": 0.0, "percent_covered_display": "0", "missing_lines": 7, "excluded_lines": 0, "percent_statements_covered": 0.0, "percent_statements_covered_display": "0"}, "missing_lines": [300, 302, 303, 308, 309, 311, 313], "excluded_lines": [], "start_line": 290}, "publish_submission_compat": {"executed_lines": [], "summary": {"covered_lines": 0, "num_statements": 16, "percent_covered": 0.0, "percent_covered_display": "0", "missing_lines": 16, "excluded_lines": 0, "percent_statements_covered": 0.0, "percent_statements_covered_display": "0"}, "missing_lines": [328, 330, 332, 333, 334, 336, 338, 340, 342, 343, 350, 351, 358, 359, 367, 369], "excluded_lines": [], "start_line": 317}, "": {"executed_lines": [9, 10, 11, 12, 13, 15, 16, 17, 18, 19, 21, 24, 26, 27, 28, 29, 30, 31, 32, 33, 35, 36, 49, 63, 119, 120, 229, 230, 289, 290, 316, 317], "summary": {"covered_lines": 32, "num_statements": 32, "percent_covered": 100.0, "percent_covered_display": "100", "missing_lines": 0, "excluded_lines": 0, "percent_statements_covered": 100.0, "percent_statements_covered_display": "100"}, "missing_lines": [], "excluded_lines": [], "start_line": 1}}, "classes": {"SimplifiedSubmissionPayload": {"executed_lines": [], "summary": {"covered_lines": 0, "num_statements": 7, "percent_covered": 0.0, "percent_covered_display": "0", "missing_lines": 7, "excluded_lines": 0, "percent_statements_covered": 0.0, "percent_statements_covered_display": "0"}, "missing_lines": [38, 39, 42, 43, 44, 45, 46], "excluded_lines": [], "start_line": 24}, "": {"executed_lines": [9, 10, 11, 12, 13, 15, 16, 17, 18, 19, 21, 24, 26, 27, 28, 29, 30, 31, 32, 33, 35, 36, 49, 63, 119, 120, 229, 230, 289, 290, 316, 317], "summary": {"covered_lines": 32, "num_statements": 123, "percent_covered": 26.016260162601625, "percent_covered_display": "26", "missing_lines": 91, "excluded_lines": 0, "percent_statements_covered": 26.016260162601625, "percent_statements_covered_display": "26"}, "missing_lines": [51, 52, 54, 55, 56, 58, 59, 60, 69, 70, 71, 73, 75, 76, 77, 79, 80, 81, 93, 100, 104, 106, 107, 116, 128, 129, 131, 132, 134, 137, 139, 143, 144, 154, 155, 156, 158, 176, 182, 184, 185, 187, 188, 189, 195, 199, 201, 202, 209, 217, 219, 220, 221, 222, 223, 241, 244, 246, 247, 249, 250, 258, 264, 266, 272, 274, 280, 281, 300, 302, 303, 308, 309, 311, 313, 328, 330, 332, 333, 334, 336, 338, 340, 342, 343, 350, 351, 358, 359, 367, 369], "excluded_lines": [], "start_line": 1}}}, "src/api/routers/validation.py": {"executed_lines": [5, 6, 8, 9, 10, 11, 12, 14, 24, 35], "summary": {"covered_lines": 10, "num_statements": 23, "percent_covered": 43.47826086956522, "percent_covered_display": "43", "missing_lines": 13, "excluded_lines": 0, "percent_statements_covered": 43.47826086956522, "percent_statements_covered_display": "43"}, "missing_lines": [43, 44, 46, 47, 49, 50, 52, 53, 58, 66, 67, 68, 69], "excluded_lines": [], "functions": {"get_validation_report": {"executed_lines": [], "summary": {"covered_lines": 0, "num_statements": 13, "percent_covered": 0.0, "percent_covered_display": "0", "missing_lines": 13, "excluded_lines": 0, "percent_statements_covered": 0.0, "percent_statements_covered_display": "0"}, "missing_lines": [43, 44, 46, 47, 49, 50, 52, 53, 58, 66, 67, 68, 69], "excluded_lines": [], "start_line": 35}, "": {"executed_lines": [5, 6, 8, 9, 10, 11, 12, 14, 24, 35], "summary": {"covered_lines": 10, "num_statements": 10, "percent_covered": 100.0, "percent_covered_display": "100", "missing_lines": 0, "excluded_lines": 0, "percent_statements_covered": 100.0, "percent_statements_covered_display": "100"}, "missing_lines": [], "excluded_lines": [], "start_line": 1}}, "classes": {"": {"executed_lines": [5, 6, 8, 9, 10, 11, 12, 14, 24, 35], "summary": {"covered_lines": 10, "num_statements": 23, "percent_covered": 43.47826086956522, "percent_covered_display": "43", "missing_lines": 13, "excluded_lines": 0, "percent_statements_covered": 43.47826086956522, "percent_statements_covered_display": "43"}, "missing_lines": [43, 44, 46, 47, 49, 50, 52, 53, 58, 66, 67, 68, 69], "excluded_lines": [], "start_line": 1}}}, "src/database/__init__.py": {"executed_lines": [9, 10, 11, 12, 13, 14, 15, 17, 19, 20, 21, 24, 37, 42, 50, 55, 145, 168, 214, 217, 223, 239, 483], "summary": {"covered_lines": 23, "num_statements": 175, "percent_covered": 13.142857142857142, "percent_covered_display": "13", "missing_lines": 152, "excluded_lines": 4, "percent_statements_covered": 13.142857142857142, "percent_statements_covered_display": "13"}, "missing_lines": [33, 34, 39, 44, 45, 46, 47, 52, 70, 71, 75, 76, 80, 81, 83, 84, 87, 88, 89, 90, 92, 94, 95, 96, 98, 100, 101, 102, 103, 104, 105, 107, 112, 113, 114, 115, 117, 118, 119, 120, 123, 124, 126, 127, 129, 130, 131, 132, 133, 134, 136, 137, 141, 147, 148, 149, 153, 154, 155, 159, 160, 161, 162, 164, 177, 178, 180, 183, 184, 185, 186, 187, 188, 189, 190, 193, 194, 195, 196, 197, 198, 199, 200, 201, 202, 203, 206, 207, 208, 209, 210, 218, 219, 229, 230, 231, 232, 233, 234, 235, 241, 244, 261, 264, 265, 266, 267, 268, 269, 270, 272, 275, 278, 295, 314, 333, 347, 366, 381, 397, 420, 437, 456, 471, 472, 473, 474, 475, 476, 477, 479, 485, 488, 491, 492, 496, 499, 508, 509, 511, 512, 513, 516, 519, 521, 522, 523, 526, 529, 534, 535, 537], "excluded_lines": [72, 73, 493, 494], "functions": {"_default_db_path": {"executed_lines": [], "summary": {"covered_lines": 0, "num_statements": 2, "percent_covered": 0.0, "percent_covered_display": "0", "missing_lines": 2, "excluded_lines": 0, "percent_statements_covered": 0.0, "percent_statements_covered_display": "0"}, "missing_lines": [33, 34], "excluded_lines": [], "start_line": 24}, "_fallback_db_path": {"executed_lines": [], "summary": {"covered_lines": 0, "num_statements": 1, "percent_covered": 0.0, "percent_covered_display": "0", "missing_lines": 1, "excluded_lines": 0, "percent_statements_covered": 0.0, "percent_statements_covered_display": "0"}, "missing_lines": [39], "excluded_lines": [], "start_line": 37}, "_connect_sqlite": {"executed_lines": [], "summary": {"covered_lines": 0, "num_statements": 4, "percent_covered": 0.0, "percent_covered_display": "0", "missing_lines": 4, "excluded_lines": 0, "percent_statements_covered": 0.0, "percent_statements_covered_display": "0"}, "missing_lines": [44, 45, 46, 47], "excluded_lines": [], "start_line": 42}, "_ensure_parent_dir": {"executed_lines": [], "summary": {"covered_lines": 0, "num_statements": 1, "percent_covered": 0.0, "percent_covered_display": "0", "missing_lines": 1, "excluded_lines": 0, "percent_statements_covered": 0.0, "percent_statements_covered_display": "0"}, "missing_lines": [52], "excluded_lines": [], "start_line": 50}, "_ensure_system_user": {"executed_lines": [], "summary": {"covered_lines": 0, "num_statements": 45, "percent_covered": 0.0, "percent_covered_display": "0", "missing_lines": 45, "excluded_lines": 2, "percent_statements_covered": 0.0, "percent_statements_covered_display": "0"}, "missing_lines": [70, 71, 75, 76, 80, 81, 83, 84, 87, 88, 89, 90, 92, 94, 95, 96, 98, 100, 101, 102, 103, 104, 105, 107, 112, 113, 114, 115, 117, 118, 119, 120, 123, 124, 126, 127, 129, 130, 131, 132, 133, 134, 136, 137, 141], "excluded_lines": [72, 73], "start_line": 55}, "get_db_path": {"executed_lines": [], "summary": {"covered_lines": 0, "num_statements": 11, "percent_covered": 0.0, "percent_covered_display": "0", "missing_lines": 11, "excluded_lines": 0, "percent_statements_covered": 0.0, "percent_statements_covered_display": "0"}, "missing_lines": [147, 148, 149, 153, 154, 155, 159, 160, 161, 162, 164], "excluded_lines": [], "start_line": 145}, "get_connection": {"executed_lines": [], "summary": {"covered_lines": 0, "num_statements": 27, "percent_covered": 0.0, "percent_covered_display": "0", "missing_lines": 27, "excluded_lines": 0, "percent_statements_covered": 0.0, "percent_statements_covered_display": "0"}, "missing_lines": [177, 178, 180, 183, 184, 185, 186, 187, 188, 189, 190, 193, 194, 195, 196, 197, 198, 199, 200, 201, 202, 203, 206, 207, 208, 209, 210], "excluded_lines": [], "start_line": 168}, "close_connection": {"executed_lines": [217], "summary": {"covered_lines": 1, "num_statements": 3, "percent_covered": 33.333333333333336, "percent_covered_display": "33", "missing_lines": 2, "excluded_lines": 0, "percent_statements_covered": 33.333333333333336, "percent_statements_covered_display": "33"}, "missing_lines": [218, 219], "excluded_lines": [], "start_line": 214}, "db_status": {"executed_lines": [], "summary": {"covered_lines": 0, "num_statements": 7, "percent_covered": 0.0, "percent_covered_display": "0", "missing_lines": 7, "excluded_lines": 0, "percent_statements_covered": 0.0, "percent_statements_covered_display": "0"}, "missing_lines": [229, 230, 231, 232, 233, 234, 235], "excluded_lines": [], "start_line": 223}, "init_db": {"executed_lines": [], "summary": {"covered_lines": 0, "num_statements": 31, "percent_covered": 0.0, "percent_covered_display": "0", "missing_lines": 31, "excluded_lines": 0, "percent_statements_covered": 0.0, "percent_statements_covered_display": "0"}, "missing_lines": [241, 244, 261, 264, 265, 266, 267, 268, 269, 270, 272, 275, 278, 295, 314, 333, 347, 366, 381, 397, 420, 437, 456, 471, 472, 473, 474, 475, 476, 477, 479], "excluded_lines": [], "start_line": 239}, "seed_test_users": {"executed_lines": [], "summary": {"covered_lines": 0, "num_statements": 21, "percent_covered": 0.0, "percent_covered_display": "0", "missing_lines": 21, "excluded_lines": 2, "percent_statements_covered": 0.0, "percent_statements_covered_display": "0"}, "missing_lines": [485, 488, 491, 492, 496, 499, 508, 509, 511, 512, 513, 516, 519, 521, 522, 523, 526, 529, 534, 535, 537], "excluded_lines": [493, 494], "start_line": 483}, "": {"executed_lines": [9, 10, 11, 12, 13, 14, 15, 17, 19, 20, 21, 24, 37, 42, 50, 55, 145, 168, 214, 223, 239, 483], "summary": {"covered_lines": 22, "num_statements": 22, "percent_covered": 100.0, "percent_covered_display": "100", "missing_lines": 0, "excluded_lines": 0, "percent_statements_covered": 100.0, "percent_statements_covered_display": "100"}, "missing_lines": [], "excluded_lines": [], "start_line": 1}}, "classes": {"": {"executed_lines": [9, 10, 11, 12, 13, 14, 15, 17, 19, 20, 21, 24, 37, 42, 50, 55, 145, 168, 214, 217, 223, 239, 483], "summary": {"covered_lines": 23, "num_statements": 175, "percent_covered": 13.142857142857142, "percent_covered_display": "13", "missing_lines": 152, "excluded_lines": 4, "percent_statements_covered": 13.142857142857142, "percent_statements_covered_display": "13"}, "missing_lines": [33, 34, 39, 44, 45, 46, 47, 52, 70, 71, 75, 76, 80, 81, 83, 84, 87, 88, 89, 90, 92, 94, 95, 96, 98, 100, 101, 102, 103, 104, 105, 107, 112, 113, 114, 115, 117, 118, 119, 120, 123, 124, 126, 127, 129, 130, 131, 132, 133, 134, 136, 137, 141, 147, 148, 149, 153, 154, 155, 159, 160, 161, 162, 164, 177, 178, 180, 183, 184, 185, 186, 187, 188, 189, 190, 193, 194, 195, 196, 197, 198, 199, 200, 201, 202, 203, 206, 207, 208, 209, 210, 218, 219, 229, 230, 231, 232, 233, 234, 235, 241, 244, 261, 264, 265, 266, 267, 268, 269, 270, 272, 275, 278, 295, 314, 333, 347, 366, 381, 397, 420, 437, 456, 471, 472, 473, 474, 475, 476, 477, 479, 485, 488, 491, 492, 496, 499, 508, 509, 511, 512, 513, 516, 519, 521, 522, 523, 526, 529, 534, 535, 537], "excluded_lines": [72, 73, 493, 494], "start_line": 1}}}, "src/schemas/__init__.py": {"executed_lines": [4, 5, 6, 9, 11, 12, 13, 14, 17, 19, 20, 21, 22, 23, 24, 27, 29, 32, 34, 35, 36, 37, 38, 41, 43, 44, 45, 46, 49, 51, 52, 53, 56, 58, 59, 60, 61, 62, 65, 67, 68, 71, 73, 74, 75, 76, 77, 80, 82, 83, 86, 88, 89, 90, 91, 92, 93, 96, 98, 99, 102, 104, 105, 106, 107, 108, 109, 112, 114, 115, 116, 117, 118, 119, 120, 121, 124, 126, 127, 128, 129, 132, 134, 135, 136, 137, 138, 141, 143, 146, 148, 149, 150, 151, 152, 153, 156, 158, 159, 160, 161, 162, 165, 167, 168, 171, 173, 174, 175, 178, 180, 181, 182, 183, 184, 185, 186, 187, 188, 189, 192, 194, 197, 199, 200, 201, 202, 205, 207, 208, 209, 210, 211, 212], "summary": {"covered_lines": 134, "num_statements": 134, "percent_covered": 100.0, "percent_covered_display": "100", "missing_lines": 0, "excluded_lines": 0, "percent_statements_covered": 100.0, "percent_statements_covered_display": "100"}, "missing_lines": [], "excluded_lines": [], "functions": {"": {"executed_lines": [4, 5, 6, 9, 11, 12, 13, 14, 17, 19, 20, 21, 22, 23, 24, 27, 29, 32, 34, 35, 36, 37, 38, 41, 43, 44, 45, 46, 49, 51, 52, 53, 56, 58, 59, 60, 61, 62, 65, 67, 68, 71, 73, 74, 75, 76, 77, 80, 82, 83, 86, 88, 89, 90, 91, 92, 93, 96, 98, 99, 102, 104, 105, 106, 107, 108, 109, 112, 114, 115, 116, 117, 118, 119, 120, 121, 124, 126, 127, 128, 129, 132, 134, 135, 136, 137, 138, 141, 143, 146, 148, 149, 150, 151, 152, 153, 156, 158, 159, 160, 161, 162, 165, 167, 168, 171, 173, 174, 175, 178, 180, 181, 182, 183, 184, 185, 186, 187, 188, 189, 192, 194, 197, 199, 200, 201, 202, 205, 207, 208, 209, 210, 211, 212], "summary": {"covered_lines": 134, "num_statements": 134, "percent_covered": 100.0, "percent_covered_display": "100", "missing_lines": 0, "excluded_lines": 0, "percent_statements_covered": 100.0, "percent_statements_covered_display": "100"}, "missing_lines": [], "excluded_lines": [], "start_line": 1}}, "classes": {"AuditContext": {"executed_lines": [], "summary": {"covered_lines": 0, "num_statements": 0, "percent_covered": 100.0, "percent_covered_display": "100", "missing_lines": 0, "excluded_lines": 0, "percent_statements_covered": 100.0, "percent_statements_covered_display": "100"}, "missing_lines": [], "excluded_lines": [], "start_line": 9}, "SignatureBlock": {"executed_lines": [], "summary": {"covered_lines": 0, "num_statements": 0, "percent_covered": 100.0, "percent_covered_display": "100", "missing_lines": 0, "excluded_lines": 0, "percent_statements_covered": 100.0, "percent_statements_covered_display": "100"}, "missing_lines": [], "excluded_lines": [], "start_line": 17}, "ErrorResponse": {"executed_lines": [], "summary": {"covered_lines": 0, "num_statements": 0, "percent_covered": 100.0, "percent_covered_display": "100", "missing_lines": 0, "excluded_lines": 0, "percent_statements_covered": 100.0, "percent_statements_covered_display": "100"}, "missing_lines": [], "excluded_lines": [], "start_line": 27}, "DatasetReference": {"executed_lines": [], "summary": {"covered_lines": 0, "num_statements": 0, "percent_covered": 100.0, "percent_covered_display": "100", "missing_lines": 0, "excluded_lines": 0, "percent_statements_covered": 100.0, "percent_statements_covered_display": "100"}, "missing_lines": [], "excluded_lines": [], "start_line": 32}, "SchemaField": {"executed_lines": [], "summary": {"covered_lines": 0, "num_statements": 0, "percent_covered": 100.0, "percent_covered_display": "100", "missing_lines": 0, "excluded_lines": 0, "percent_statements_covered": 100.0, "percent_statements_covered_display": "100"}, "missing_lines": [], "excluded_lines": [], "start_line": 41}, "SchemaDefinition": {"executed_lines": [], "summary": {"covered_lines": 0, "num_statements": 0, "percent_covered": 100.0, "percent_covered_display": "100", "missing_lines": 0, "excluded_lines": 0, "percent_statements_covered": 100.0, "percent_statements_covered_display": "100"}, "missing_lines": [], "excluded_lines": [], "start_line": 49}, "ProductMetadata": {"executed_lines": [], "summary": {"covered_lines": 0, "num_statements": 0, "percent_covered": 100.0, "percent_covered_display": "100", "missing_lines": 0, "excluded_lines": 0, "percent_statements_covered": 100.0, "percent_statements_covered_display": "100"}, "missing_lines": [], "excluded_lines": [], "start_line": 56}, "ControlsMetadata": {"executed_lines": [], "summary": {"covered_lines": 0, "num_statements": 0, "percent_covered": 100.0, "percent_covered_display": "100", "missing_lines": 0, "excluded_lines": 0, "percent_statements_covered": 100.0, "percent_statements_covered_display": "100"}, "missing_lines": [], "excluded_lines": [], "start_line": 65}, "DataProductPackage": {"executed_lines": [], "summary": {"covered_lines": 0, "num_statements": 0, "percent_covered": 100.0, "percent_covered_display": "100", "missing_lines": 0, "excluded_lines": 0, "percent_statements_covered": 100.0, "percent_statements_covered_display": "100"}, "missing_lines": [], "excluded_lines": [], "start_line": 71}, "CreateDraftRequest": {"executed_lines": [], "summary": {"covered_lines": 0, "num_statements": 0, "percent_covered": 100.0, "percent_covered_display": "100", "missing_lines": 0, "excluded_lines": 0, "percent_statements_covered": 100.0, "percent_statements_covered_display": "100"}, "missing_lines": [], "excluded_lines": [], "start_line": 80}, "CreateDraftResponse": {"executed_lines": [], "summary": {"covered_lines": 0, "num_statements": 0, "percent_covered": 100.0, "percent_covered_display": "100", "missing_lines": 0, "excluded_lines": 0, "percent_statements_covered": 100.0, "percent_statements_covered_display": "100"}, "missing_lines": [], "excluded_lines": [], "start_line": 86}, "CreateSubmissionRequest": {"executed_lines": [], "summary": {"covered_lines": 0, "num_statements": 0, "percent_covered": 100.0, "percent_covered_display": "100", "missing_lines": 0, "excluded_lines": 0, "percent_statements_covered": 100.0, "percent_statements_covered_display": "100"}, "missing_lines": [], "excluded_lines": [], "start_line": 96}, "CreateSubmissionResponse": {"executed_lines": [], "summary": {"covered_lines": 0, "num_statements": 0, "percent_covered": 100.0, "percent_covered_display": "100", "missing_lines": 0, "excluded_lines": 0, "percent_statements_covered": 100.0, "percent_statements_covered_display": "100"}, "missing_lines": [], "excluded_lines": [], "start_line": 102}, "GetSubmissionResponse": {"executed_lines": [], "summary": {"covered_lines": 0, "num_statements": 0, "percent_covered": 100.0, "percent_covered_display": "100", "missing_lines": 0, "excluded_lines": 0, "percent_statements_covered": 100.0, "percent_statements_covered_display": "100"}, "missing_lines": [], "excluded_lines": [], "start_line": 112}, "ValidationCheck": {"executed_lines": [], "summary": {"covered_lines": 0, "num_statements": 0, "percent_covered": 100.0, "percent_covered_display": "100", "missing_lines": 0, "excluded_lines": 0, "percent_statements_covered": 100.0, "percent_statements_covered_display": "100"}, "missing_lines": [], "excluded_lines": [], "start_line": 124}, "ValidationReportSummary": {"executed_lines": [], "summary": {"covered_lines": 0, "num_statements": 0, "percent_covered": 100.0, "percent_covered_display": "100", "missing_lines": 0, "excluded_lines": 0, "percent_statements_covered": 100.0, "percent_statements_covered_display": "100"}, "missing_lines": [], "excluded_lines": [], "start_line": 132}, "ApprovalPreconditions": {"executed_lines": [], "summary": {"covered_lines": 0, "num_statements": 0, "percent_covered": 100.0, "percent_covered_display": "100", "missing_lines": 0, "excluded_lines": 0, "percent_statements_covered": 100.0, "percent_statements_covered_display": "100"}, "missing_lines": [], "excluded_lines": [], "start_line": 141}, "ApproveSubmissionRequest": {"executed_lines": [], "summary": {"covered_lines": 0, "num_statements": 0, "percent_covered": 100.0, "percent_covered_display": "100", "missing_lines": 0, "excluded_lines": 0, "percent_statements_covered": 100.0, "percent_statements_covered_display": "100"}, "missing_lines": [], "excluded_lines": [], "start_line": 146}, "ApproveSubmissionResponse": {"executed_lines": [], "summary": {"covered_lines": 0, "num_statements": 0, "percent_covered": 100.0, "percent_covered_display": "100", "missing_lines": 0, "excluded_lines": 0, "percent_statements_covered": 100.0, "percent_statements_covered_display": "100"}, "missing_lines": [], "excluded_lines": [], "start_line": 156}, "TriggerValidationRequest": {"executed_lines": [], "summary": {"covered_lines": 0, "num_statements": 0, "percent_covered": 100.0, "percent_covered_display": "100", "missing_lines": 0, "excluded_lines": 0, "percent_statements_covered": 100.0, "percent_statements_covered_display": "100"}, "missing_lines": [], "excluded_lines": [], "start_line": 165}, "TriggerValidationResponse": {"executed_lines": [], "summary": {"covered_lines": 0, "num_statements": 0, "percent_covered": 100.0, "percent_covered_display": "100", "missing_lines": 0, "excluded_lines": 0, "percent_statements_covered": 100.0, "percent_statements_covered_display": "100"}, "missing_lines": [], "excluded_lines": [], "start_line": 171}, "AuditEvent": {"executed_lines": [], "summary": {"covered_lines": 0, "num_statements": 0, "percent_covered": 100.0, "percent_covered_display": "100", "missing_lines": 0, "excluded_lines": 0, "percent_statements_covered": 100.0, "percent_statements_covered_display": "100"}, "missing_lines": [], "excluded_lines": [], "start_line": 178}, "GetAuditEventsResponse": {"executed_lines": [], "summary": {"covered_lines": 0, "num_statements": 0, "percent_covered": 100.0, "percent_covered_display": "100", "missing_lines": 0, "excluded_lines": 0, "percent_statements_covered": 100.0, "percent_statements_covered_display": "100"}, "missing_lines": [], "excluded_lines": [], "start_line": 192}, "EvidenceArtifact": {"executed_lines": [], "summary": {"covered_lines": 0, "num_statements": 0, "percent_covered": 100.0, "percent_covered_display": "100", "missing_lines": 0, "excluded_lines": 0, "percent_statements_covered": 100.0, "percent_statements_covered_display": "100"}, "missing_lines": [], "excluded_lines": [], "start_line": 197}, "EvidencePackageResponse": {"executed_lines": [], "summary": {"covered_lines": 0, "num_statements": 0, "percent_covered": 100.0, "percent_covered_display": "100", "missing_lines": 0, "excluded_lines": 0, "percent_statements_covered": 100.0, "percent_statements_covered_display": "100"}, "missing_lines": [], "excluded_lines": [], "start_line": 205}, "": {"executed_lines": [4, 5, 6, 9, 11, 12, 13, 14, 17, 19, 20, 21, 22, 23, 24, 27, 29, 32, 34, 35, 36, 37, 38, 41, 43, 44, 45, 46, 49, 51, 52, 53, 56, 58, 59, 60, 61, 62, 65, 67, 68, 71, 73, 74, 75, 76, 77, 80, 82, 83, 86, 88, 89, 90, 91, 92, 93, 96, 98, 99, 102, 104, 105, 106, 107, 108, 109, 112, 114, 115, 116, 117, 118, 119, 120, 121, 124, 126, 127, 128, 129, 132, 134, 135, 136, 137, 138, 141, 143, 146, 148, 149, 150, 151, 152, 153, 156, 158, 159, 160, 161, 162, 165, 167, 168, 171, 173, 174, 175, 178, 180, 181, 182, 183, 184, 185, 186, 187, 188, 189, 192, 194, 197, 199, 200, 201, 202, 205, 207, 208, 209, 210, 211, 212], "summary": {"covered_lines": 134, "num_statements": 134, "percent_covered": 100.0, "percent_covered_display": "100", "missing_lines": 0, "excluded_lines": 0, "percent_statements_covered": 100.0, "percent_statements_covered_display": "100"}, "missing_lines": [], "excluded_lines": [], "start_line": 1}}}, "src/services/__init__.py": {"executed_lines": [], "summary": {"covered_lines": 0, "num_statements": 0, "percent_covered": 100.0, "percent_covered_display": "100", "missing_lines": 0, "excluded_lines": 0, "percent_statements_covered": 100.0, "percent_statements_covered_display": "100"}, "missing_lines": [], "excluded_lines": [], "functions": {"": {"executed_lines": [], "summary": {"covered_lines": 0, "num_statements": 0, "percent_covered": 100.0, "percent_covered_display": "100", "missing_lines": 0, "excluded_lines": 0, "percent_statements_covered": 100.0, "percent_statements_covered_display": "100"}, "missing_lines": [], "excluded_lines": [], "start_line": 1}}, "classes": {"": {"executed_lines": [], "summary": {"covered_lines": 0, "num_statements": 0, "percent_covered": 100.0, "percent_covered_display": "100", "missing_lines": 0, "excluded_lines": 0, "percent_statements_covered": 100.0, "percent_statements_covered_display": "100"}, "missing_lines": [], "excluded_lines": [], "start_line": 1}}}, "src/services/approval.py": {"executed_lines": [5, 6, 7, 8, 10, 11, 12, 15, 18, 25, 28, 32, 35, 39, 42, 46, 49, 53, 56, 60, 65, 75, 76, 78, 83, 142, 376], "summary": {"covered_lines": 27, "num_statements": 165, "percent_covered": 16.363636363636363, "percent_covered_display": "16", "missing_lines": 138, "excluded_lines": 0, "percent_statements_covered": 16.363636363636363, "percent_statements_covered_display": "16"}, "missing_lines": [19, 20, 21, 22, 29, 36, 43, 50, 57, 79, 80, 81, 95, 96, 98, 102, 103, 104, 106, 107, 108, 110, 111, 112, 113, 115, 116, 121, 122, 123, 124, 125, 126, 127, 131, 132, 134, 135, 137, 138, 139, 140, 158, 159, 161, 162, 167, 168, 169, 170, 171, 173, 174, 175, 177, 178, 188, 189, 191, 192, 195, 196, 202, 203, 204, 205, 206, 207, 208, 209, 210, 214, 215, 216, 217, 219, 220, 221, 222, 224, 225, 226, 227, 228, 229, 230, 233, 234, 240, 241, 242, 247, 248, 258, 259, 260, 261, 262, 263, 264, 265, 267, 269, 270, 271, 272, 274, 284, 289, 300, 301, 302, 317, 318, 319, 328, 329, 330, 331, 332, 333, 334, 336, 345, 347, 355, 357, 365, 366, 367, 368, 370, 372, 373, 374, 377, 378, 379], "excluded_lines": [], "functions": {"ApprovalError.__init__": {"executed_lines": [], "summary": {"covered_lines": 0, "num_statements": 4, "percent_covered": 0.0, "percent_covered_display": "0", "missing_lines": 4, "excluded_lines": 0, "percent_statements_covered": 0.0, "percent_statements_covered_display": "0"}, "missing_lines": [19, 20, 21, 22], "excluded_lines": [], "start_line": 18}, "AuthenticationError.__init__": {"executed_lines": [], "summary": {"covered_lines": 0, "num_statements": 1, "percent_covered": 0.0, "percent_covered_display": "0", "missing_lines": 1, "excluded_lines": 0, "percent_statements_covered": 0.0, "percent_statements_covered_display": "0"}, "missing_lines": [29], "excluded_lines": [], "start_line": 28}, "AuthorizationError.__init__": {"executed_lines": [], "summary": {"covered_lines": 0, "num_statements": 1, "percent_covered": 0.0, "percent_covered_display": "0", "missing_lines": 1, "excluded_lines": 0, "percent_statements_covered": 0.0, "percent_statements_covered_display": "0"}, "missing_lines": [36], "excluded_lines": [], "start_line": 35}, "SoDViolationError.__init__": {"executed_lines": [], "summary": {"covered_lines": 0, "num_statements": 1, "percent_covered": 0.0, "percent_covered_display": "0", "missing_lines": 1, "excluded_lines": 0, "percent_statements_covered": 0.0, "percent_statements_covered_display": "0"}, "missing_lines": [43], "excluded_lines": [], "start_line": 42}, "SignatureError.__init__": {"executed_lines": [], "summary": {"covered_lines": 0, "num_statements": 1, "percent_covered": 0.0, "percent_covered_display": "0", "missing_lines": 1, "excluded_lines": 0, "percent_statements_covered": 0.0, "percent_statements_covered_display": "0"}, "missing_lines": [50], "excluded_lines": [], "start_line": 49}, "InvalidStateError.__init__": {"executed_lines": [], "summary": {"covered_lines": 0, "num_statements": 1, "percent_covered": 0.0, "percent_covered_display": "0", "missing_lines": 1, "excluded_lines": 0, "percent_statements_covered": 0.0, "percent_statements_covered_display": "0"}, "missing_lines": [57], "excluded_lines": [], "start_line": 56}, "ApprovalService.__init__": {"executed_lines": [], "summary": {"covered_lines": 0, "num_statements": 3, "percent_covered": 0.0, "percent_covered_display": "0", "missing_lines": 3, "excluded_lines": 0, "percent_statements_covered": 0.0, "percent_statements_covered_display": "0"}, "missing_lines": [79, 80, 81], "excluded_lines": [], "start_line": 78}, "ApprovalService.verify_esign": {"executed_lines": [], "summary": {"covered_lines": 0, "num_statements": 30, "percent_covered": 0.0, "percent_covered_display": "0", "missing_lines": 30, "excluded_lines": 0, "percent_statements_covered": 0.0, "percent_statements_covered_display": "0"}, "missing_lines": [95, 96, 98, 102, 103, 104, 106, 107, 108, 110, 111, 112, 113, 115, 116, 121, 122, 123, 124, 125, 126, 127, 131, 132, 134, 135, 137, 138, 139, 140], "excluded_lines": [], "start_line": 83}, "ApprovalService.approve_submission": {"executed_lines": [], "summary": {"covered_lines": 0, "num_statements": 93, "percent_covered": 0.0, "percent_covered_display": "0", "missing_lines": 93, "excluded_lines": 0, "percent_statements_covered": 0.0, "percent_statements_covered_display": "0"}, "missing_lines": [158, 159, 161, 162, 167, 168, 169, 170, 171, 173, 174, 175, 177, 178, 188, 189, 191, 192, 195, 196, 202, 203, 204, 205, 206, 207, 208, 209, 210, 214, 215, 216, 217, 219, 220, 221, 222, 224, 225, 226, 227, 228, 229, 230, 233, 234, 240, 241, 242, 247, 248, 258, 259, 260, 261, 262, 263, 264, 265, 267, 269, 270, 271, 272, 274, 284, 289, 300, 301, 302, 317, 318, 319, 328, 329, 330, 331, 332, 333, 334, 336, 345, 347, 355, 357, 365, 366, 367, 368, 370, 372, 373, 374], "excluded_lines": [], "start_line": 142}, "ApprovalService._add_minutes_to_iso": {"executed_lines": [], "summary": {"covered_lines": 0, "num_statements": 3, "percent_covered": 0.0, "percent_covered_display": "0", "missing_lines": 3, "excluded_lines": 0, "percent_statements_covered": 0.0, "percent_statements_covered_display": "0"}, "missing_lines": [377, 378, 379], "excluded_lines": [], "start_line": 376}, "": {"executed_lines": [5, 6, 7, 8, 10, 11, 12, 15, 18, 25, 28, 32, 35, 39, 42, 46, 49, 53, 56, 60, 65, 75, 76, 78, 83, 142, 376], "summary": {"covered_lines": 27, "num_statements": 27, "percent_covered": 100.0, "percent_covered_display": "100", "missing_lines": 0, "excluded_lines": 0, "percent_statements_covered": 100.0, "percent_statements_covered_display": "100"}, "missing_lines": [], "excluded_lines": [], "start_line": 1}}, "classes": {"ApprovalError": {"executed_lines": [], "summary": {"covered_lines": 0, "num_statements": 4, "percent_covered": 0.0, "percent_covered_display": "0", "missing_lines": 4, "excluded_lines": 0, "percent_statements_covered": 0.0, "percent_statements_covered_display": "0"}, "missing_lines": [19, 20, 21, 22], "excluded_lines": [], "start_line": 15}, "AuthenticationError": {"executed_lines": [], "summary": {"covered_lines": 0, "num_statements": 1, "percent_covered": 0.0, "percent_covered_display": "0", "missing_lines": 1, "excluded_lines": 0, "percent_statements_covered": 0.0, "percent_statements_covered_display": "0"}, "missing_lines": [29], "excluded_lines": [], "start_line": 25}, "AuthorizationError": {"executed_lines": [], "summary": {"covered_lines": 0, "num_statements": 1, "percent_covered": 0.0, "percent_covered_display": "0", "missing_lines": 1, "excluded_lines": 0, "percent_statements_covered": 0.0, "percent_statements_covered_display": "0"}, "missing_lines": [36], "excluded_lines": [], "start_line": 32}, "SoDViolationError": {"executed_lines": [], "summary": {"covered_lines": 0, "num_statements": 1, "percent_covered": 0.0, "percent_covered_display": "0", "missing_lines": 1, "excluded_lines": 0, "percent_statements_covered": 0.0, "percent_statements_covered_display": "0"}, "missing_lines": [43], "excluded_lines": [], "start_line": 39}, "SignatureError": {"executed_lines": [], "summary": {"covered_lines": 0, "num_statements": 1, "percent_covered": 0.0, "percent_covered_display": "0", "missing_lines": 1, "excluded_lines": 0, "percent_statements_covered": 0.0, "percent_statements_covered_display": "0"}, "missing_lines": [50], "excluded_lines": [], "start_line": 46}, "InvalidStateError": {"executed_lines": [], "summary": {"covered_lines": 0, "num_statements": 1, "percent_covered": 0.0, "percent_covered_display": "0", "missing_lines": 1, "excluded_lines": 0, "percent_statements_covered": 0.0, "percent_statements_covered_display": "0"}, "missing_lines": [57], "excluded_lines": [], "start_line": 53}, "ApprovalService": {"executed_lines": [], "summary": {"covered_lines": 0, "num_statements": 129, "percent_covered": 0.0, "percent_covered_display": "0", "missing_lines": 129, "excluded_lines": 0, "percent_statements_covered": 0.0, "percent_statements_covered_display": "0"}, "missing_lines": [79, 80, 81, 95, 96, 98, 102, 103, 104, 106, 107, 108, 110, 111, 112, 113, 115, 116, 121, 122, 123, 124, 125, 126, 127, 131, 132, 134, 135, 137, 138, 139, 140, 158, 159, 161, 162, 167, 168, 169, 170, 171, 173, 174, 175, 177, 178, 188, 189, 191, 192, 195, 196, 202, 203, 204, 205, 206, 207, 208, 209, 210, 214, 215, 216, 217, 219, 220, 221, 222, 224, 225, 226, 227, 228, 229, 230, 233, 234, 240, 241, 242, 247, 248, 258, 259, 260, 261, 262, 263, 264, 265, 267, 269, 270, 271, 272, 274, 284, 289, 300, 301, 302, 317, 318, 319, 328, 329, 330, 331, 332, 333, 334, 336, 345, 347, 355, 357, 365, 366, 367, 368, 370, 372, 373, 374, 377, 378, 379], "excluded_lines": [], "start_line": 60}, "": {"executed_lines": [5, 6, 7, 8, 10, 11, 12, 15, 18, 25, 28, 32, 35, 39, 42, 46, 49, 53, 56, 60, 65, 75, 76, 78, 83, 142, 376], "summary": {"covered_lines": 27, "num_statements": 27, "percent_covered": 100.0, "percent_covered_display": "100", "missing_lines": 0, "excluded_lines": 0, "percent_statements_covered": 100.0, "percent_statements_covered_display": "100"}, "missing_lines": [], "excluded_lines": [], "start_line": 1}}}, "src/services/audit.py": {"executed_lines": [5, 6, 7, 10, 15, 18, 70], "summary": {"covered_lines": 7, "num_statements": 26, "percent_covered": 26.923076923076923, "percent_covered_display": "27", "missing_lines": 19, "excluded_lines": 0, "percent_statements_covered": 26.923076923076923, "percent_statements_covered_display": "27"}, "missing_lines": [16, 49, 50, 51, 53, 68, 88, 89, 91, 92, 93, 95, 96, 97, 99, 100, 102, 103, 105], "excluded_lines": [], "functions": {"AuditService.__init__": {"executed_lines": [], "summary": {"covered_lines": 0, "num_statements": 1, "percent_covered": 0.0, "percent_covered_display": "0", "missing_lines": 1, "excluded_lines": 0, "percent_statements_covered": 0.0, "percent_statements_covered_display": "0"}, "missing_lines": [16], "excluded_lines": [], "start_line": 15}, "AuditService.record_event": {"executed_lines": [], "summary": {"covered_lines": 0, "num_statements": 5, "percent_covered": 0.0, "percent_covered_display": "0", "missing_lines": 5, "excluded_lines": 0, "percent_statements_covered": 0.0, "percent_statements_covered_display": "0"}, "missing_lines": [49, 50, 51, 53, 68], "excluded_lines": [], "start_line": 18}, "AuditService.query_events": {"executed_lines": [], "summary": {"covered_lines": 0, "num_statements": 13, "percent_covered": 0.0, "percent_covered_display": "0", "missing_lines": 13, "excluded_lines": 0, "percent_statements_covered": 0.0, "percent_statements_covered_display": "0"}, "missing_lines": [88, 89, 91, 92, 93, 95, 96, 97, 99, 100, 102, 103, 105], "excluded_lines": [], "start_line": 70}, "": {"executed_lines": [5, 6, 7, 10, 15, 18, 70], "summary": {"covered_lines": 7, "num_statements": 7, "percent_covered": 100.0, "percent_covered_display": "100", "missing_lines": 0, "excluded_lines": 0, "percent_statements_covered": 100.0, "percent_statements_covered_display": "100"}, "missing_lines": [], "excluded_lines": [], "start_line": 1}}, "classes": {"AuditService": {"executed_lines": [], "summary": {"covered_lines": 0, "num_statements": 19, "percent_covered": 0.0, "percent_covered_display": "0", "missing_lines": 19, "excluded_lines": 0, "percent_statements_covered": 0.0, "percent_statements_covered_display": "0"}, "missing_lines": [16, 49, 50, 51, 53, 68, 88, 89, 91, 92, 93, 95, 96, 97, 99, 100, 102, 103, 105], "excluded_lines": [], "start_line": 10}, "": {"executed_lines": [5, 6, 7, 10, 15, 18, 70], "summary": {"covered_lines": 7, "num_statements": 7, "percent_covered": 100.0, "percent_covered_display": "100", "missing_lines": 0, "excluded_lines": 0, "percent_statements_covered": 100.0, "percent_statements_covered_display": "100"}, "missing_lines": [], "excluded_lines": [], "start_line": 1}}}, "src/services/auth.py": {"executed_lines": [5, 6, 7, 8, 9, 10, 11, 12, 13, 15, 18, 19, 22, 25, 28, 38, 45, 52, 58, 70, 74, 84, 90, 111, 171, 233, 260, 280, 303, 318, 327, 329, 335], "summary": {"covered_lines": 33, "num_statements": 175, "percent_covered": 18.857142857142858, "percent_covered_display": "19", "missing_lines": 142, "excluded_lines": 0, "percent_statements_covered": 18.857142857142858, "percent_statements_covered_display": "19"}, "missing_lines": [41, 47, 48, 49, 54, 55, 71, 76, 77, 79, 80, 81, 86, 87, 96, 97, 99, 101, 102, 104, 105, 106, 108, 123, 124, 126, 127, 129, 130, 131, 132, 134, 135, 136, 137, 138, 139, 140, 141, 143, 144, 147, 148, 149, 151, 153, 154, 155, 157, 158, 160, 161, 162, 164, 165, 166, 168, 177, 178, 180, 181, 184, 185, 187, 188, 192, 194, 196, 197, 199, 202, 203, 204, 205, 206, 208, 212, 214, 215, 217, 218, 220, 221, 223, 225, 226, 227, 228, 229, 230, 235, 236, 237, 239, 240, 241, 243, 245, 246, 247, 248, 250, 255, 257, 262, 266, 268, 269, 270, 271, 273, 274, 276, 277, 282, 283, 285, 286, 288, 289, 290, 291, 293, 294, 295, 296, 297, 298, 300, 305, 306, 308, 309, 311, 312, 320, 322, 323, 330, 331, 332, 333], "excluded_lines": [], "functions": {"set_registration_enabled": {"executed_lines": [], "summary": {"covered_lines": 0, "num_statements": 1, "percent_covered": 0.0, "percent_covered_display": "0", "missing_lines": 1, "excluded_lines": 0, "percent_statements_covered": 0.0, "percent_statements_covered_display": "0"}, "missing_lines": [41], "excluded_lines": [], "start_line": 38}, "is_registration_enabled": {"executed_lines": [], "summary": {"covered_lines": 0, "num_statements": 3, "percent_covered": 0.0, "percent_covered_display": "0", "missing_lines": 3, "excluded_lines": 0, "percent_statements_covered": 0.0, "percent_statements_covered_display": "0"}, "missing_lines": [47, 48, 49], "excluded_lines": [], "start_line": 45}, "_normalize_roles": {"executed_lines": [], "summary": {"covered_lines": 0, "num_statements": 2, "percent_covered": 0.0, "percent_covered_display": "0", "missing_lines": 2, "excluded_lines": 0, "percent_statements_covered": 0.0, "percent_statements_covered_display": "0"}, "missing_lines": [54, 55], "excluded_lines": [], "start_line": 52}, "AuthService.__init__": {"executed_lines": [], "summary": {"covered_lines": 0, "num_statements": 1, "percent_covered": 0.0, "percent_covered_display": "0", "missing_lines": 1, "excluded_lines": 0, "percent_statements_covered": 0.0, "percent_statements_covered_display": "0"}, "missing_lines": [71], "excluded_lines": [], "start_line": 70}, "AuthService.hash_password": {"executed_lines": [], "summary": {"covered_lines": 0, "num_statements": 5, "percent_covered": 0.0, "percent_covered_display": "0", "missing_lines": 5, "excluded_lines": 0, "percent_statements_covered": 0.0, "percent_statements_covered_display": "0"}, "missing_lines": [76, 77, 79, 80, 81], "excluded_lines": [], "start_line": 74}, "AuthService.verify_password": {"executed_lines": [], "summary": {"covered_lines": 0, "num_statements": 2, "percent_covered": 0.0, "percent_covered_display": "0", "missing_lines": 2, "excluded_lines": 0, "percent_statements_covered": 0.0, "percent_statements_covered_display": "0"}, "missing_lines": [86, 87], "excluded_lines": [], "start_line": 84}, "AuthService.create_token": {"executed_lines": [], "summary": {"covered_lines": 0, "num_statements": 9, "percent_covered": 0.0, "percent_covered_display": "0", "missing_lines": 9, "excluded_lines": 0, "percent_statements_covered": 0.0, "percent_statements_covered_display": "0"}, "missing_lines": [96, 97, 99, 101, 102, 104, 105, 106, 108], "excluded_lines": [], "start_line": 90}, "AuthService.decode_token": {"executed_lines": [], "summary": {"covered_lines": 0, "num_statements": 34, "percent_covered": 0.0, "percent_covered_display": "0", "missing_lines": 34, "excluded_lines": 0, "percent_statements_covered": 0.0, "percent_statements_covered_display": "0"}, "missing_lines": [123, 124, 126, 127, 129, 130, 131, 132, 134, 135, 136, 137, 138, 139, 140, 141, 143, 144, 147, 148, 149, 151, 153, 154, 155, 157, 158, 160, 161, 162, 164, 165, 166, 168], "excluded_lines": [], "start_line": 111}, "AuthService.get_current_user": {"executed_lines": [], "summary": {"covered_lines": 0, "num_statements": 33, "percent_covered": 0.0, "percent_covered_display": "0", "missing_lines": 33, "excluded_lines": 0, "percent_statements_covered": 0.0, "percent_statements_covered_display": "0"}, "missing_lines": [177, 178, 180, 181, 184, 185, 187, 188, 192, 194, 196, 197, 199, 202, 203, 204, 205, 206, 208, 212, 214, 215, 217, 218, 220, 221, 223, 225, 226, 227, 228, 229, 230], "excluded_lines": [], "start_line": 171}, "AuthService.create_user": {"executed_lines": [], "summary": {"covered_lines": 0, "num_statements": 14, "percent_covered": 0.0, "percent_covered_display": "0", "missing_lines": 14, "excluded_lines": 0, "percent_statements_covered": 0.0, "percent_statements_covered_display": "0"}, "missing_lines": [235, 236, 237, 239, 240, 241, 243, 245, 246, 247, 248, 250, 255, 257], "excluded_lines": [], "start_line": 233}, "AuthService.authenticate_user": {"executed_lines": [], "summary": {"covered_lines": 0, "num_statements": 10, "percent_covered": 0.0, "percent_covered_display": "0", "missing_lines": 10, "excluded_lines": 0, "percent_statements_covered": 0.0, "percent_statements_covered_display": "0"}, "missing_lines": [262, 266, 268, 269, 270, 271, 273, 274, 276, 277], "excluded_lines": [], "start_line": 260}, "AuthService.assign_role": {"executed_lines": [], "summary": {"covered_lines": 0, "num_statements": 15, "percent_covered": 0.0, "percent_covered_display": "0", "missing_lines": 15, "excluded_lines": 0, "percent_statements_covered": 0.0, "percent_statements_covered_display": "0"}, "missing_lines": [282, 283, 285, 286, 288, 289, 290, 291, 293, 294, 295, 296, 297, 298, 300], "excluded_lines": [], "start_line": 280}, "AuthService.enforce_sod": {"executed_lines": [], "summary": {"covered_lines": 0, "num_statements": 6, "percent_covered": 0.0, "percent_covered_display": "0", "missing_lines": 6, "excluded_lines": 0, "percent_statements_covered": 0.0, "percent_statements_covered_display": "0"}, "missing_lines": [305, 306, 308, 309, 311, 312], "excluded_lines": [], "start_line": 303}, "get_current_user_dep": {"executed_lines": [], "summary": {"covered_lines": 0, "num_statements": 3, "percent_covered": 0.0, "percent_covered_display": "0", "missing_lines": 3, "excluded_lines": 0, "percent_statements_covered": 0.0, "percent_statements_covered_display": "0"}, "missing_lines": [320, 322, 323], "excluded_lines": [], "start_line": 318}, "require_roles": {"executed_lines": [329, 335], "summary": {"covered_lines": 2, "num_statements": 2, "percent_covered": 100.0, "percent_covered_display": "100", "missing_lines": 0, "excluded_lines": 0, "percent_statements_covered": 100.0, "percent_statements_covered_display": "100"}, "missing_lines": [], "excluded_lines": [], "start_line": 327}, "require_roles.role_checker": {"executed_lines": [], "summary": {"covered_lines": 0, "num_statements": 4, "percent_covered": 0.0, "percent_covered_display": "0", "missing_lines": 4, "excluded_lines": 0, "percent_statements_covered": 0.0, "percent_statements_covered_display": "0"}, "missing_lines": [330, 331, 332, 333], "excluded_lines": [], "start_line": 329}, "": {"executed_lines": [5, 6, 7, 8, 9, 10, 11, 12, 13, 15, 18, 19, 22, 25, 28, 38, 45, 52, 58, 70, 74, 84, 90, 111, 171, 233, 260, 280, 303, 318, 327], "summary": {"covered_lines": 31, "num_statements": 31, "percent_covered": 100.0, "percent_covered_display": "100", "missing_lines": 0, "excluded_lines": 0, "percent_statements_covered": 100.0, "percent_statements_covered_display": "100"}, "missing_lines": [], "excluded_lines": [], "start_line": 1}}, "classes": {"AuthService": {"executed_lines": [], "summary": {"covered_lines": 0, "num_statements": 129, "percent_covered": 0.0, "percent_covered_display": "0", "missing_lines": 129, "excluded_lines": 0, "percent_statements_covered": 0.0, "percent_statements_covered_display": "0"}, "missing_lines": [71, 76, 77, 79, 80, 81, 86, 87, 96, 97, 99, 101, 102, 104, 105, 106, 108, 123, 124, 126, 127, 129, 130, 131, 132, 134, 135, 136, 137, 138, 139, 140, 141, 143, 144, 147, 148, 149, 151, 153, 154, 155, 157, 158, 160, 161, 162, 164, 165, 166, 168, 177, 178, 180, 181, 184, 185, 187, 188, 192, 194, 196, 197, 199, 202, 203, 204, 205, 206, 208, 212, 214, 215, 217, 218, 220, 221, 223, 225, 226, 227, 228, 229, 230, 235, 236, 237, 239, 240, 241, 243, 245, 246, 247, 248, 250, 255, 257, 262, 266, 268, 269, 270, 271, 273, 274, 276, 277, 282, 283, 285, 286, 288, 289, 290, 291, 293, 294, 295, 296, 297, 298, 300, 305, 306, 308, 309, 311, 312], "excluded_lines": [], "start_line": 58}, "": {"executed_lines": [5, 6, 7, 8, 9, 10, 11, 12, 13, 15, 18, 19, 22, 25, 28, 38, 45, 52, 58, 70, 74, 84, 90, 111, 171, 233, 260, 280, 303, 318, 327, 329, 335], "summary": {"covered_lines": 33, "num_statements": 46, "percent_covered": 71.73913043478261, "percent_covered_display": "72", "missing_lines": 13, "excluded_lines": 0, "percent_statements_covered": 71.73913043478261, "percent_statements_covered_display": "72"}, "missing_lines": [41, 47, 48, 49, 54, 55, 320, 322, 323, 330, 331, 332, 333], "excluded_lines": [], "start_line": 1}}}, "src/services/draft.py": {"executed_lines": [5, 6, 8, 9, 12, 15, 19, 100, 114], "summary": {"covered_lines": 9, "num_statements": 55, "percent_covered": 16.363636363636363, "percent_covered_display": "16", "missing_lines": 46, "excluded_lines": 0, "percent_statements_covered": 16.363636363636363, "percent_statements_covered_display": "16"}, "missing_lines": [16, 17, 30, 31, 32, 33, 34, 35, 37, 38, 40, 41, 43, 44, 45, 46, 47, 48, 50, 51, 52, 54, 55, 74, 85, 87, 96, 97, 98, 105, 106, 107, 108, 110, 111, 112, 119, 120, 125, 127, 128, 129, 130, 131, 132, 133], "excluded_lines": [], "functions": {"DraftService.__init__": {"executed_lines": [], "summary": {"covered_lines": 0, "num_statements": 2, "percent_covered": 0.0, "percent_covered_display": "0", "missing_lines": 2, "excluded_lines": 0, "percent_statements_covered": 0.0, "percent_statements_covered_display": "0"}, "missing_lines": [16, 17], "excluded_lines": [], "start_line": 15}, "DraftService.create_draft": {"executed_lines": [], "summary": {"covered_lines": 0, "num_statements": 27, "percent_covered": 0.0, "percent_covered_display": "0", "missing_lines": 27, "excluded_lines": 0, "percent_statements_covered": 0.0, "percent_statements_covered_display": "0"}, "missing_lines": [30, 31, 32, 33, 34, 35, 37, 38, 40, 41, 43, 44, 45, 46, 47, 48, 50, 51, 52, 54, 55, 74, 85, 87, 96, 97, 98], "excluded_lines": [], "start_line": 19}, "DraftService.get_draft": {"executed_lines": [], "summary": {"covered_lines": 0, "num_statements": 7, "percent_covered": 0.0, "percent_covered_display": "0", "missing_lines": 7, "excluded_lines": 0, "percent_statements_covered": 0.0, "percent_statements_covered_display": "0"}, "missing_lines": [105, 106, 107, 108, 110, 111, 112], "excluded_lines": [], "start_line": 100}, "DraftService.list_drafts": {"executed_lines": [], "summary": {"covered_lines": 0, "num_statements": 10, "percent_covered": 0.0, "percent_covered_display": "0", "missing_lines": 10, "excluded_lines": 0, "percent_statements_covered": 0.0, "percent_statements_covered_display": "0"}, "missing_lines": [119, 120, 125, 127, 128, 129, 130, 131, 132, 133], "excluded_lines": [], "start_line": 114}, "": {"executed_lines": [5, 6, 8, 9, 12, 15, 19, 100, 114], "summary": {"covered_lines": 9, "num_statements": 9, "percent_covered": 100.0, "percent_covered_display": "100", "missing_lines": 0, "excluded_lines": 0, "percent_statements_covered": 100.0, "percent_statements_covered_display": "100"}, "missing_lines": [], "excluded_lines": [], "start_line": 1}}, "classes": {"DraftService": {"executed_lines": [], "summary": {"covered_lines": 0, "num_statements": 46, "percent_covered": 0.0, "percent_covered_display": "0", "missing_lines": 46, "excluded_lines": 0, "percent_statements_covered": 0.0, "percent_statements_covered_display": "0"}, "missing_lines": [16, 17, 30, 31, 32, 33, 34, 35, 37, 38, 40, 41, 43, 44, 45, 46, 47, 48, 50, 51, 52, 54, 55, 74, 85, 87, 96, 97, 98, 105, 106, 107, 108, 110, 111, 112, 119, 120, 125, 127, 128, 129, 130, 131, 132, 133], "excluded_lines": [], "start_line": 12}, "": {"executed_lines": [5, 6, 8, 9, 12, 15, 19, 100, 114], "summary": {"covered_lines": 9, "num_statements": 9, "percent_covered": 100.0, "percent_covered_display": "100", "missing_lines": 0, "excluded_lines": 0, "percent_statements_covered": 100.0, "percent_statements_covered_display": "100"}, "missing_lines": [], "excluded_lines": [], "start_line": 1}}}, "src/services/evidence.py": {"executed_lines": [5, 6, 7, 8, 10, 11, 14, 17, 24, 27, 33, 149, 193, 228], "summary": {"covered_lines": 14, "num_statements": 92, "percent_covered": 15.217391304347826, "percent_covered_display": "15", "missing_lines": 78, "excluded_lines": 0, "percent_statements_covered": 15.217391304347826, "percent_statements_covered_display": "15"}, "missing_lines": [18, 19, 20, 21, 28, 29, 30, 31, 47, 48, 49, 51, 52, 53, 55, 57, 58, 59, 60, 61, 63, 65, 66, 67, 68, 70, 79, 81, 91, 93, 94, 95, 96, 97, 99, 108, 118, 135, 136, 145, 146, 147, 154, 163, 164, 165, 167, 168, 170, 171, 172, 174, 175, 176, 182, 191, 198, 199, 200, 201, 203, 204, 205, 206, 208, 209, 211, 212, 213, 219, 240, 241, 242, 244, 245, 246, 248, 258], "excluded_lines": [], "functions": {"EvidenceError.__init__": {"executed_lines": [], "summary": {"covered_lines": 0, "num_statements": 4, "percent_covered": 0.0, "percent_covered_display": "0", "missing_lines": 4, "excluded_lines": 0, "percent_statements_covered": 0.0, "percent_statements_covered_display": "0"}, "missing_lines": [18, 19, 20, 21], "excluded_lines": [], "start_line": 17}, "EvidenceService.__init__": {"executed_lines": [], "summary": {"covered_lines": 0, "num_statements": 4, "percent_covered": 0.0, "percent_covered_display": "0", "missing_lines": 4, "excluded_lines": 0, "percent_statements_covered": 0.0, "percent_statements_covered_display": "0"}, "missing_lines": [28, 29, 30, 31], "excluded_lines": [], "start_line": 27}, "EvidenceService.create_evidence_package": {"executed_lines": [], "summary": {"covered_lines": 0, "num_statements": 34, "percent_covered": 0.0, "percent_covered_display": "0", "missing_lines": 34, "excluded_lines": 0, "percent_statements_covered": 0.0, "percent_statements_covered_display": "0"}, "missing_lines": [47, 48, 49, 51, 52, 53, 55, 57, 58, 59, 60, 61, 63, 65, 66, 67, 68, 70, 79, 81, 91, 93, 94, 95, 96, 97, 99, 108, 118, 135, 136, 145, 146, 147], "excluded_lines": [], "start_line": 33}, "EvidenceService.get_evidence_package": {"executed_lines": [], "summary": {"covered_lines": 0, "num_statements": 14, "percent_covered": 0.0, "percent_covered_display": "0", "missing_lines": 14, "excluded_lines": 0, "percent_statements_covered": 0.0, "percent_statements_covered_display": "0"}, "missing_lines": [154, 163, 164, 165, 167, 168, 170, 171, 172, 174, 175, 176, 182, 191], "excluded_lines": [], "start_line": 149}, "EvidenceService.get_evidence_artifact": {"executed_lines": [], "summary": {"covered_lines": 0, "num_statements": 14, "percent_covered": 0.0, "percent_covered_display": "0", "missing_lines": 14, "excluded_lines": 0, "percent_statements_covered": 0.0, "percent_statements_covered_display": "0"}, "missing_lines": [198, 199, 200, 201, 203, 204, 205, 206, 208, 209, 211, 212, 213, 219], "excluded_lines": [], "start_line": 193}, "EvidenceService.link_evidence_to_approval": {"executed_lines": [], "summary": {"covered_lines": 0, "num_statements": 8, "percent_covered": 0.0, "percent_covered_display": "0", "missing_lines": 8, "excluded_lines": 0, "percent_statements_covered": 0.0, "percent_statements_covered_display": "0"}, "missing_lines": [240, 241, 242, 244, 245, 246, 248, 258], "excluded_lines": [], "start_line": 228}, "": {"executed_lines": [5, 6, 7, 8, 10, 11, 14, 17, 24, 27, 33, 149, 193, 228], "summary": {"covered_lines": 14, "num_statements": 14, "percent_covered": 100.0, "percent_covered_display": "100", "missing_lines": 0, "excluded_lines": 0, "percent_statements_covered": 100.0, "percent_statements_covered_display": "100"}, "missing_lines": [], "excluded_lines": [], "start_line": 1}}, "classes": {"EvidenceError": {"executed_lines": [], "summary": {"covered_lines": 0, "num_statements": 4, "percent_covered": 0.0, "percent_covered_display": "0", "missing_lines": 4, "excluded_lines": 0, "percent_statements_covered": 0.0, "percent_statements_covered_display": "0"}, "missing_lines": [18, 19, 20, 21], "excluded_lines": [], "start_line": 14}, "EvidenceService": {"executed_lines": [], "summary": {"covered_lines": 0, "num_statements": 74, "percent_covered": 0.0, "percent_covered_display": "0", "missing_lines": 74, "excluded_lines": 0, "percent_statements_covered": 0.0, "percent_statements_covered_display": "0"}, "missing_lines": [28, 29, 30, 31, 47, 48, 49, 51, 52, 53, 55, 57, 58, 59, 60, 61, 63, 65, 66, 67, 68, 70, 79, 81, 91, 93, 94, 95, 96, 97, 99, 108, 118, 135, 136, 145, 146, 147, 154, 163, 164, 165, 167, 168, 170, 171, 172, 174, 175, 176, 182, 191, 198, 199, 200, 201, 203, 204, 205, 206, 208, 209, 211, 212, 213, 219, 240, 241, 242, 244, 245, 246, 248, 258], "excluded_lines": [], "start_line": 24}, "": {"executed_lines": [5, 6, 7, 8, 10, 11, 14, 17, 24, 27, 33, 149, 193, 228], "summary": {"covered_lines": 14, "num_statements": 14, "percent_covered": 100.0, "percent_covered_display": "100", "missing_lines": 0, "excluded_lines": 0, "percent_statements_covered": 100.0, "percent_statements_covered_display": "100"}, "missing_lines": [], "excluded_lines": [], "start_line": 1}}}, "src/services/submission.py": {"executed_lines": [5, 7, 8, 9, 12, 15, 20, 116, 206, 215], "summary": {"covered_lines": 10, "num_statements": 74, "percent_covered": 13.513513513513514, "percent_covered_display": "14", "missing_lines": 64, "excluded_lines": 0, "percent_statements_covered": 13.513513513513514, "percent_statements_covered_display": "14"}, "missing_lines": [16, 17, 32, 33, 34, 36, 37, 38, 42, 43, 44, 46, 48, 49, 50, 51, 52, 53, 55, 57, 58, 59, 61, 62, 63, 81, 88, 89, 90, 91, 92, 94, 95, 114, 127, 128, 129, 130, 132, 134, 135, 136, 138, 139, 159, 160, 169, 180, 191, 193, 202, 203, 204, 211, 212, 213, 227, 229, 230, 235, 246, 247, 248, 249], "excluded_lines": [], "functions": {"SubmissionService.__init__": {"executed_lines": [], "summary": {"covered_lines": 0, "num_statements": 2, "percent_covered": 0.0, "percent_covered_display": "0", "missing_lines": 2, "excluded_lines": 0, "percent_statements_covered": 0.0, "percent_statements_covered_display": "0"}, "missing_lines": [16, 17], "excluded_lines": [], "start_line": 15}, "SubmissionService.ensure_minimal_submission_for_tests": {"executed_lines": [], "summary": {"covered_lines": 0, "num_statements": 32, "percent_covered": 0.0, "percent_covered_display": "0", "missing_lines": 32, "excluded_lines": 0, "percent_statements_covered": 0.0, "percent_statements_covered_display": "0"}, "missing_lines": [32, 33, 34, 36, 37, 38, 42, 43, 44, 46, 48, 49, 50, 51, 52, 53, 55, 57, 58, 59, 61, 62, 63, 81, 88, 89, 90, 91, 92, 94, 95, 114], "excluded_lines": [], "start_line": 20}, "SubmissionService.create_submission": {"executed_lines": [], "summary": {"covered_lines": 0, "num_statements": 19, "percent_covered": 0.0, "percent_covered_display": "0", "missing_lines": 19, "excluded_lines": 0, "percent_statements_covered": 0.0, "percent_statements_covered_display": "0"}, "missing_lines": [127, 128, 129, 130, 132, 134, 135, 136, 138, 139, 159, 160, 169, 180, 191, 193, 202, 203, 204], "excluded_lines": [], "start_line": 116}, "SubmissionService.get_submission": {"executed_lines": [], "summary": {"covered_lines": 0, "num_statements": 3, "percent_covered": 0.0, "percent_covered_display": "0", "missing_lines": 3, "excluded_lines": 0, "percent_statements_covered": 0.0, "percent_statements_covered_display": "0"}, "missing_lines": [211, 212, 213], "excluded_lines": [], "start_line": 206}, "SubmissionService.update_state": {"executed_lines": [], "summary": {"covered_lines": 0, "num_statements": 8, "percent_covered": 0.0, "percent_covered_display": "0", "missing_lines": 8, "excluded_lines": 0, "percent_statements_covered": 0.0, "percent_statements_covered_display": "0"}, "missing_lines": [227, 229, 230, 235, 246, 247, 248, 249], "excluded_lines": [], "start_line": 215}, "": {"executed_lines": [5, 7, 8, 9, 12, 15, 20, 116, 206, 215], "summary": {"covered_lines": 10, "num_statements": 10, "percent_covered": 100.0, "percent_covered_display": "100", "missing_lines": 0, "excluded_lines": 0, "percent_statements_covered": 100.0, "percent_statements_covered_display": "100"}, "missing_lines": [], "excluded_lines": [], "start_line": 1}}, "classes": {"SubmissionService": {"executed_lines": [], "summary": {"covered_lines": 0, "num_statements": 64, "percent_covered": 0.0, "percent_covered_display": "0", "missing_lines": 64, "excluded_lines": 0, "percent_statements_covered": 0.0, "percent_statements_covered_display": "0"}, "missing_lines": [16, 17, 32, 33, 34, 36, 37, 38, 42, 43, 44, 46, 48, 49, 50, 51, 52, 53, 55, 57, 58, 59, 61, 62, 63, 81, 88, 89, 90, 91, 92, 94, 95, 114, 127, 128, 129, 130, 132, 134, 135, 136, 138, 139, 159, 160, 169, 180, 191, 193, 202, 203, 204, 211, 212, 213, 227, 229, 230, 235, 246, 247, 248, 249], "excluded_lines": [], "start_line": 12}, "": {"executed_lines": [5, 7, 8, 9, 12, 15, 20, 116, 206, 215], "summary": {"covered_lines": 10, "num_statements": 10, "percent_covered": 100.0, "percent_covered_display": "100", "missing_lines": 0, "excluded_lines": 0, "percent_statements_covered": 100.0, "percent_statements_covered_display": "100"}, "missing_lines": [], "excluded_lines": [], "start_line": 1}}}, "src/services/validation.py": {"executed_lines": [5, 6, 7, 8, 10, 11, 14, 17, 23, 124, 144, 147, 150, 174], "summary": {"covered_lines": 14, "num_statements": 69, "percent_covered": 20.28985507246377, "percent_covered_display": "20", "missing_lines": 55, "excluded_lines": 0, "percent_statements_covered": 20.28985507246377, "percent_statements_covered_display": "20"}, "missing_lines": [18, 19, 20, 21, 35, 44, 45, 46, 48, 49, 51, 52, 53, 54, 56, 58, 59, 61, 69, 71, 72, 73, 74, 75, 77, 78, 87, 88, 90, 100, 101, 106, 117, 118, 120, 121, 122, 132, 133, 134, 135, 142, 145, 148, 155, 164, 165, 166, 168, 169, 170, 171, 172, 179, 188], "excluded_lines": [], "functions": {"ValidationService.__init__": {"executed_lines": [], "summary": {"covered_lines": 0, "num_statements": 4, "percent_covered": 0.0, "percent_covered_display": "0", "missing_lines": 4, "excluded_lines": 0, "percent_statements_covered": 0.0, "percent_statements_covered_display": "0"}, "missing_lines": [18, 19, 20, 21], "excluded_lines": [], "start_line": 17}, "ValidationService.run_validation": {"executed_lines": [], "summary": {"covered_lines": 0, "num_statements": 33, "percent_covered": 0.0, "percent_covered_display": "0", "missing_lines": 33, "excluded_lines": 0, "percent_statements_covered": 0.0, "percent_statements_covered_display": "0"}, "missing_lines": [35, 44, 45, 46, 48, 49, 51, 52, 53, 54, 56, 58, 59, 61, 69, 71, 72, 73, 74, 75, 77, 78, 87, 88, 90, 100, 101, 106, 117, 118, 120, 121, 122], "excluded_lines": [], "start_line": 23}, "ValidationService._check_schema_conformance": {"executed_lines": [], "summary": {"covered_lines": 0, "num_statements": 5, "percent_covered": 0.0, "percent_covered_display": "0", "missing_lines": 5, "excluded_lines": 0, "percent_statements_covered": 0.0, "percent_statements_covered_display": "0"}, "missing_lines": [132, 133, 134, 135, 142], "excluded_lines": [], "start_line": 124}, "ValidationService._check_freshness": {"executed_lines": [], "summary": {"covered_lines": 0, "num_statements": 1, "percent_covered": 0.0, "percent_covered_display": "0", "missing_lines": 1, "excluded_lines": 0, "percent_statements_covered": 0.0, "percent_statements_covered_display": "0"}, "missing_lines": [145], "excluded_lines": [], "start_line": 144}, "ValidationService._check_completeness": {"executed_lines": [], "summary": {"covered_lines": 0, "num_statements": 1, "percent_covered": 0.0, "percent_covered_display": "0", "missing_lines": 1, "excluded_lines": 0, "percent_statements_covered": 0.0, "percent_statements_covered_display": "0"}, "missing_lines": [148], "excluded_lines": [], "start_line": 147}, "ValidationService.get_validation_report": {"executed_lines": [], "summary": {"covered_lines": 0, "num_statements": 9, "percent_covered": 0.0, "percent_covered_display": "0", "missing_lines": 9, "excluded_lines": 0, "percent_statements_covered": 0.0, "percent_statements_covered_display": "0"}, "missing_lines": [155, 164, 165, 166, 168, 169, 170, 171, 172], "excluded_lines": [], "start_line": 150}, "ValidationService.list_validation_runs": {"executed_lines": [], "summary": {"covered_lines": 0, "num_statements": 2, "percent_covered": 0.0, "percent_covered_display": "0", "missing_lines": 2, "excluded_lines": 0, "percent_statements_covered": 0.0, "percent_statements_covered_display": "0"}, "missing_lines": [179, 188], "excluded_lines": [], "start_line": 174}, "": {"executed_lines": [5, 6, 7, 8, 10, 11, 14, 17, 23, 124, 144, 147, 150, 174], "summary": {"covered_lines": 14, "num_statements": 14, "percent_covered": 100.0, "percent_covered_display": "100", "missing_lines": 0, "excluded_lines": 0, "percent_statements_covered": 100.0, "percent_statements_covered_display": "100"}, "missing_lines": [], "excluded_lines": [], "start_line": 1}}, "classes": {"ValidationService": {"executed_lines": [], "summary": {"covered_lines": 0, "num_statements": 55, "percent_covered": 0.0, "percent_covered_display": "0", "missing_lines": 55, "excluded_lines": 0, "percent_statements_covered": 0.0, "percent_statements_covered_display": "0"}, "missing_lines": [18, 19, 20, 21, 35, 44, 45, 46, 48, 49, 51, 52, 53, 54, 56, 58, 59, 61, 69, 71, 72, 73, 74, 75, 77, 78, 87, 88, 90, 100, 101, 106, 117, 118, 120, 121, 122, 132, 133, 134, 135, 142, 145, 148, 155, 164, 165, 166, 168, 169, 170, 171, 172, 179, 188], "excluded_lines": [], "start_line": 14}, "": {"executed_lines": [5, 6, 7, 8, 10, 11, 14, 17, 23, 124, 144, 147, 150, 174], "summary": {"covered_lines": 14, "num_statements": 14, "percent_covered": 100.0, "percent_covered_display": "100", "missing_lines": 0, "excluded_lines": 0, "percent_statements_covered": 100.0, "percent_statements_covered_display": "100"}, "missing_lines": [], "excluded_lines": [], "start_line": 1}}}, "src/utils/__init__.py": {"executed_lines": [4, 5, 6, 7, 8, 11, 17, 22, 27, 39], "summary": {"covered_lines": 10, "num_statements": 21, "percent_covered": 47.61904761904762, "percent_covered_display": "48", "missing_lines": 11, "excluded_lines": 0, "percent_statements_covered": 47.61904761904762, "percent_statements_covered_display": "48"}, "missing_lines": [13, 14, 19, 24, 29, 30, 31, 32, 34, 36, 41], "excluded_lines": [], "functions": {"generate_id": {"executed_lines": [], "summary": {"covered_lines": 0, "num_statements": 2, "percent_covered": 0.0, "percent_covered_display": "0", "missing_lines": 2, "excluded_lines": 0, "percent_statements_covered": 0.0, "percent_statements_covered_display": "0"}, "missing_lines": [13, 14], "excluded_lines": [], "start_line": 11}, "utc_now_iso": {"executed_lines": [], "summary": {"covered_lines": 0, "num_statements": 1, "percent_covered": 0.0, "percent_covered_display": "0", "missing_lines": 1, "excluded_lines": 0, "percent_statements_covered": 0.0, "percent_statements_covered_display": "0"}, "missing_lines": [19], "excluded_lines": [], "start_line": 17}, "canonical_json": {"executed_lines": [], "summary": {"covered_lines": 0, "num_statements": 1, "percent_covered": 0.0, "percent_covered_display": "0", "missing_lines": 1, "excluded_lines": 0, "percent_statements_covered": 0.0, "percent_statements_covered_display": "0"}, "missing_lines": [24], "excluded_lines": [], "start_line": 22}, "compute_hash": {"executed_lines": [], "summary": {"covered_lines": 0, "num_statements": 6, "percent_covered": 0.0, "percent_covered_display": "0", "missing_lines": 6, "excluded_lines": 0, "percent_statements_covered": 0.0, "percent_statements_covered_display": "0"}, "missing_lines": [29, 30, 31, 32, 34, 36], "excluded_lines": [], "start_line": 27}, "make_error_response": {"executed_lines": [], "summary": {"covered_lines": 0, "num_statements": 1, "percent_covered": 0.0, "percent_covered_display": "0", "missing_lines": 1, "excluded_lines": 0, "percent_statements_covered": 0.0, "percent_statements_covered_display": "0"}, "missing_lines": [41], "excluded_lines": [], "start_line": 39}, "": {"executed_lines": [4, 5, 6, 7, 8, 11, 17, 22, 27, 39], "summary": {"covered_lines": 10, "num_statements": 10, "percent_covered": 100.0, "percent_covered_display": "100", "missing_lines": 0, "excluded_lines": 0, "percent_statements_covered": 100.0, "percent_statements_covered_display": "100"}, "missing_lines": [], "excluded_lines": [], "start_line": 1}}, "classes": {"": {"executed_lines": [4, 5, 6, 7, 8, 11, 17, 22, 27, 39], "summary": {"covered_lines": 10, "num_statements": 21, "percent_covered": 47.61904761904762, "percent_covered_display": "48", "missing_lines": 11, "excluded_lines": 0, "percent_statements_covered": 47.61904761904762, "percent_statements_covered_display": "48"}, "missing_lines": [13, 14, 19, 24, 29, 30, 31, 32, 34, 36, 41], "excluded_lines": [], "start_line": 1}}}}, "totals": {"covered_lines": 455, "num_statements": 1487, "percent_covered": 30.598520511096165, "percent_covered_display": "31", "missing_lines": 1032, "excluded_lines": 7, "percent_statements_covered": 30.598520511096165, "percent_statements_covered_display": "31"}}