{"meta": {"format": 3, "version": "7.13.2", "timestamp": "2026-01-30T07:35:56.747447", "branch_coverage": false, "show_contexts": false}, "files": {"src/__init__.py": {"executed_lines": [], "summary": {"covered_lines": 0, "num_statements": 0, "percent_covered": 100.0, "percent_covered_display": "100", "missing_lines": 0, "excluded_lines": 0, "percent_statements_covered": 100.0, "percent_statements_covered_display": "100"}, "missing_lines": [], "excluded_lines": [], "functions": {"": {"executed_lines": [], "summary": {"covered_lines": 0, "num_statements": 0, "percent_covered": 100.0, "percent_covered_display": "100", "missing_lines": 0, "excluded_lines": 0, "percent_statements_covered": 100.0, "percent_statements_covered_display": "100"}, "missing_lines": [], "excluded_lines": [], "start_line": 1}}, "classes": {"": {"executed_lines": [], "summary": {"covered_lines": 0, "num_statements": 0, "percent_covered": 100.0, "percent_covered_display": "100", "missing_lines": 0, "excluded_lines": 0, "percent_statements_covered": 100.0, "percent_statements_covered_display": "100"}, "missing_lines": [], "excluded_lines": [], "start_line": 1}}}, "src/api/__init__.py": {"executed_lines": [], "summary": {"covered_lines": 0, "num_statements": 0, "percent_covered": 100.0, "percent_covered_display": "100", "missing_lines": 0, "excluded_lines": 0, "percent_statements_covered": 100.0, "percent_statements_covered_display": "100"}, "missing_lines": [], "excluded_lines": [], "functions": {"": {"executed_lines": [], "summary": {"covered_lines": 0, "num_statements": 0, "percent_covered": 100.0, "percent_covered_display": "100", "missing_lines": 0, "excluded_lines": 0, "percent_statements_covered": 100.0, "percent_statements_covered_display": "100"}, "missing_lines": [], "excluded_lines": [], "start_line": 1}}, "classes": {"": {"executed_lines": [], "summary": {"covered_lines": 0, "num_statements": 0, "percent_covered": 100.0, "percent_covered_display": "100", "missing_lines": 0, "excluded_lines": 0, "percent_statements_covered": 100.0, "percent_statements_covered_display": "100"}, "missing_lines": [], "excluded_lines": [], "start_line": 1}}}, "src/api/generate_openapi.py": {"executed_lines": [], "summary": {"covered_lines": 0, "num_statements": 9, "percent_covered": 0.0, "percent_covered_display": "0", "missing_lines": 9, "excluded_lines": 0, "percent_statements_covered": 0.0, "percent_statements_covered_display": "0"}, "missing_lines": [1, 2, 4, 7, 10, 11, 12, 14, 15], "excluded_lines": [], "functions": {"": {"executed_lines": [], "summary": {"covered_lines": 0, "num_statements": 9, "percent_covered": 0.0, "percent_covered_display": "0", "missing_lines": 9, "excluded_lines": 0, "percent_statements_covered": 0.0, "percent_statements_covered_display": "0"}, "missing_lines": [1, 2, 4, 7, 10, 11, 12, 14, 15], "excluded_lines": [], "start_line": 1}}, "classes": {"": {"executed_lines": [], "summary": {"covered_lines": 0, "num_statements": 9, "percent_covered": 0.0, "percent_covered_display": "0", "missing_lines": 9, "excluded_lines": 0, "percent_statements_covered": 0.0, "percent_statements_covered_display": "0"}, "missing_lines": [1, 2, 4, 7, 10, 11, 12, 14, 15], "excluded_lines": [], "start_line": 1}}}, "src/api/main.py": {"executed_lines": [20, 21, 22, 24], "summary": {"covered_lines": 4, "num_statements": 34, "percent_covered": 11.764705882352942, "percent_covered_display": "12", "missing_lines": 30, "excluded_lines": 0, "percent_statements_covered": 11.764705882352942, "percent_statements_covered_display": "12"}, "missing_lines": [25, 28, 29, 32, 33, 34, 35, 36, 37, 39, 42, 45, 72, 83, 92, 93, 94, 95, 96, 97, 100, 103, 104, 110, 113, 114, 120, 123, 124, 137], "excluded_lines": [], "functions": {"lifespan": {"executed_lines": [], "summary": {"covered_lines": 0, "num_statements": 8, "percent_covered": 0.0, "percent_covered_display": "0", "missing_lines": 8, "excluded_lines": 0, "percent_statements_covered": 0.0, "percent_statements_covered_display": "0"}, "missing_lines": [32, 33, 34, 35, 36, 37, 39, 42], "excluded_lines": [], "start_line": 29}, "health_check": {"executed_lines": [], "summary": {"covered_lines": 0, "num_statements": 1, "percent_covered": 0.0, "percent_covered_display": "0", "missing_lines": 1, "excluded_lines": 0, "percent_statements_covered": 0.0, "percent_statements_covered_display": "0"}, "missing_lines": [110], "excluded_lines": [], "start_line": 104}, "health_endpoint": {"executed_lines": [], "summary": {"covered_lines": 0, "num_statements": 1, "percent_covered": 0.0, "percent_covered_display": "0", "missing_lines": 1, "excluded_lines": 0, "percent_statements_covered": 0.0, "percent_statements_covered_display": "0"}, "missing_lines": [120], "excluded_lines": [], "start_line": 114}, "websocket_usage_docs": {"executed_lines": [], "summary": {"covered_lines": 0, "num_statements": 1, "percent_covered": 0.0, "percent_covered_display": "0", "missing_lines": 1, "excluded_lines": 0, "percent_statements_covered": 0.0, "percent_statements_covered_display": "0"}, "missing_lines": [137], "excluded_lines": [], "start_line": 124}, "": {"executed_lines": [20, 21, 22, 24], "summary": {"covered_lines": 4, "num_statements": 23, "percent_covered": 17.391304347826086, "percent_covered_display": "17", "missing_lines": 19, "excluded_lines": 0, "percent_statements_covered": 17.391304347826086, "percent_statements_covered_display": "17"}, "missing_lines": [25, 28, 29, 45, 72, 83, 92, 93, 94, 95, 96, 97, 100, 103, 104, 113, 114, 123, 124], "excluded_lines": [], "start_line": 1}}, "classes": {"": {"executed_lines": [20, 21, 22, 24], "summary": {"covered_lines": 4, "num_statements": 34, "percent_covered": 11.764705882352942, "percent_covered_display": "12", "missing_lines": 30, "excluded_lines": 0, "percent_statements_covered": 11.764705882352942, "percent_statements_covered_display": "12"}, "missing_lines": [25, 28, 29, 32, 33, 34, 35, 36, 37, 39, 42, 45, 72, 83, 92, 93, 94, 95, 96, 97, 100, 103, 104, 110, 113, 114, 120, 123, 124, 137], "excluded_lines": [], "start_line": 1}}}, "src/api/routers/__init__.py": {"executed_lines": [], "summary": {"covered_lines": 0, "num_statements": 2, "percent_covered": 0.0, "percent_covered_display": "0", "missing_lines": 2, "excluded_lines": 0, "percent_statements_covered": 0.0, "percent_statements_covered_display": "0"}, "missing_lines": [4, 6], "excluded_lines": [], "functions": {"": {"executed_lines": [], "summary": {"covered_lines": 0, "num_statements": 2, "percent_covered": 0.0, "percent_covered_display": "0", "missing_lines": 2, "excluded_lines": 0, "percent_statements_covered": 0.0, "percent_statements_covered_display": "0"}, "missing_lines": [4, 6], "excluded_lines": [], "start_line": 1}}, "classes": {"": {"executed_lines": [], "summary": {"covered_lines": 0, "num_statements": 2, "percent_covered": 0.0, "percent_covered_display": "0", "missing_lines": 2, "excluded_lines": 0, "percent_statements_covered": 0.0, "percent_statements_covered_display": "0"}, "missing_lines": [4, 6], "excluded_lines": [], "start_line": 1}}}, "src/api/routers/audit.py": {"executed_lines": [], "summary": {"covered_lines": 0, "num_statements": 25, "percent_covered": 0.0, "percent_covered_display": "0", "missing_lines": 25, "excluded_lines": 0, "percent_statements_covered": 0.0, "percent_statements_covered_display": "0"}, "missing_lines": [5, 6, 7, 9, 10, 11, 12, 13, 15, 26, 37, 64, 65, 67, 69, 72, 73, 84, 85, 92, 108, 110, 111, 112, 113], "excluded_lines": [], "functions": {"query_audit_events": {"executed_lines": [], "summary": {"covered_lines": 0, "num_statements": 14, "percent_covered": 0.0, "percent_covered_display": "0", "missing_lines": 14, "excluded_lines": 0, "percent_statements_covered": 0.0, "percent_statements_covered_display": "0"}, "missing_lines": [64, 65, 67, 69, 72, 73, 84, 85, 92, 108, 110, 111, 112, 113], "excluded_lines": [], "start_line": 37}, "": {"executed_lines": [], "summary": {"covered_lines": 0, "num_statements": 11, "percent_covered": 0.0, "percent_covered_display": "0", "missing_lines": 11, "excluded_lines": 0, "percent_statements_covered": 0.0, "percent_statements_covered_display": "0"}, "missing_lines": [5, 6, 7, 9, 10, 11, 12, 13, 15, 26, 37], "excluded_lines": [], "start_line": 1}}, "classes": {"": {"executed_lines": [], "summary": {"covered_lines": 0, "num_statements": 25, "percent_covered": 0.0, "percent_covered_display": "0", "missing_lines": 25, "excluded_lines": 0, "percent_statements_covered": 0.0, "percent_statements_covered_display": "0"}, "missing_lines": [5, 6, 7, 9, 10, 11, 12, 13, 15, 26, 37, 64, 65, 67, 69, 72, 73, 84, 85, 92, 108, 110, 111, 112, 113], "excluded_lines": [], "start_line": 1}}}, "src/api/routers/auth.py": {"executed_lines": [], "summary": {"covered_lines": 0, "num_statements": 100, "percent_covered": 0.0, "percent_covered_display": "0", "missing_lines": 100, "excluded_lines": 0, "percent_statements_covered": 0.0, "percent_statements_covered_display": "0"}, "missing_lines": [5, 6, 7, 8, 10, 11, 12, 15, 21, 22, 23, 24, 27, 28, 29, 30, 31, 34, 35, 36, 39, 40, 41, 42, 45, 46, 47, 50, 51, 52, 53, 56, 57, 58, 59, 60, 63, 64, 65, 66, 68, 70, 73, 74, 78, 79, 88, 90, 97, 98, 99, 100, 101, 102, 105, 106, 107, 108, 110, 111, 112, 117, 118, 119, 120, 123, 124, 125, 126, 128, 129, 134, 135, 136, 137, 138, 141, 142, 143, 145, 146, 147, 149, 150, 152, 153, 154, 155, 156, 157, 160, 161, 164, 165, 166, 169, 170, 181, 182, 194], "excluded_lines": [], "functions": {"register_user": {"executed_lines": [], "summary": {"covered_lines": 0, "num_statements": 16, "percent_covered": 0.0, "percent_covered_display": "0", "missing_lines": 16, "excluded_lines": 0, "percent_statements_covered": 0.0, "percent_statements_covered_display": "0"}, "missing_lines": [65, 66, 68, 70, 73, 74, 78, 79, 88, 90, 97, 98, 99, 100, 101, 102], "excluded_lines": [], "start_line": 64}, "login": {"executed_lines": [], "summary": {"covered_lines": 0, "num_statements": 9, "percent_covered": 0.0, "percent_covered_display": "0", "missing_lines": 9, "excluded_lines": 0, "percent_statements_covered": 0.0, "percent_statements_covered_display": "0"}, "missing_lines": [107, 108, 110, 111, 112, 117, 118, 119, 120], "excluded_lines": [], "start_line": 106}, "assign_role": {"executed_lines": [], "summary": {"covered_lines": 0, "num_statements": 9, "percent_covered": 0.0, "percent_covered_display": "0", "missing_lines": 9, "excluded_lines": 0, "percent_statements_covered": 0.0, "percent_statements_covered_display": "0"}, "missing_lines": [125, 126, 128, 129, 134, 135, 136, 137, 138], "excluded_lines": [], "start_line": 124}, "get_me": {"executed_lines": [], "summary": {"covered_lines": 0, "num_statements": 12, "percent_covered": 0.0, "percent_covered_display": "0", "missing_lines": 12, "excluded_lines": 0, "percent_statements_covered": 0.0, "percent_statements_covered_display": "0"}, "missing_lines": [143, 145, 146, 147, 149, 150, 152, 153, 154, 155, 156, 157], "excluded_lines": [], "start_line": 142}, "toggle_registration": {"executed_lines": [], "summary": {"covered_lines": 0, "num_statements": 3, "percent_covered": 0.0, "percent_covered_display": "0", "missing_lines": 3, "excluded_lines": 0, "percent_statements_covered": 0.0, "percent_statements_covered_display": "0"}, "missing_lines": [181, 182, 194], "excluded_lines": [], "start_line": 170}, "": {"executed_lines": [], "summary": {"covered_lines": 0, "num_statements": 51, "percent_covered": 0.0, "percent_covered_display": "0", "missing_lines": 51, "excluded_lines": 0, "percent_statements_covered": 0.0, "percent_statements_covered_display": "0"}, "missing_lines": [5, 6, 7, 8, 10, 11, 12, 15, 21, 22, 23, 24, 27, 28, 29, 30, 31, 34, 35, 36, 39, 40, 41, 42, 45, 46, 47, 50, 51, 52, 53, 56, 57, 58, 59, 60, 63, 64, 105, 106, 123, 124, 141, 142, 160, 161, 164, 165, 166, 169, 170], "excluded_lines": [], "start_line": 1}}, "classes": {"RegisterRequest": {"executed_lines": [], "summary": {"covered_lines": 0, "num_statements": 0, "percent_covered": 100.0, "percent_covered_display": "100", "missing_lines": 0, "excluded_lines": 0, "percent_statements_covered": 100.0, "percent_statements_covered_display": "100"}, "missing_lines": [], "excluded_lines": [], "start_line": 21}, "RegisterResponse": {"executed_lines": [], "summary": {"covered_lines": 0, "num_statements": 0, "percent_covered": 100.0, "percent_covered_display": "100", "missing_lines": 0, "excluded_lines": 0, "percent_statements_covered": 100.0, "percent_statements_covered_display": "100"}, "missing_lines": [], "excluded_lines": [], "start_line": 27}, "LoginRequest": {"executed_lines": [], "summary": {"covered_lines": 0, "num_statements": 0, "percent_covered": 100.0, "percent_covered_display": "100", "missing_lines": 0, "excluded_lines": 0, "percent_statements_covered": 100.0, "percent_statements_covered_display": "100"}, "missing_lines": [], "excluded_lines": [], "start_line": 34}, "LoginResponse": {"executed_lines": [], "summary": {"covered_lines": 0, "num_statements": 0, "percent_covered": 100.0, "percent_covered_display": "100", "missing_lines": 0, "excluded_lines": 0, "percent_statements_covered": 100.0, "percent_statements_covered_display": "100"}, "missing_lines": [], "excluded_lines": [], "start_line": 39}, "AssignRoleRequest": {"executed_lines": [], "summary": {"covered_lines": 0, "num_statements": 0, "percent_covered": 100.0, "percent_covered_display": "100", "missing_lines": 0, "excluded_lines": 0, "percent_statements_covered": 100.0, "percent_statements_covered_display": "100"}, "missing_lines": [], "excluded_lines": [], "start_line": 45}, "AssignRoleResponse": {"executed_lines": [], "summary": {"covered_lines": 0, "num_statements": 0, "percent_covered": 100.0, "percent_covered_display": "100", "missing_lines": 0, "excluded_lines": 0, "percent_statements_covered": 100.0, "percent_statements_covered_display": "100"}, "missing_lines": [], "excluded_lines": [], "start_line": 50}, "UserProfileResponse": {"executed_lines": [], "summary": {"covered_lines": 0, "num_statements": 0, "percent_covered": 100.0, "percent_covered_display": "100", "missing_lines": 0, "excluded_lines": 0, "percent_statements_covered": 100.0, "percent_statements_covered_display": "100"}, "missing_lines": [], "excluded_lines": [], "start_line": 56}, "ToggleRegistrationRequest": {"executed_lines": [], "summary": {"covered_lines": 0, "num_statements": 0, "percent_covered": 100.0, "percent_covered_display": "100", "missing_lines": 0, "excluded_lines": 0, "percent_statements_covered": 100.0, "percent_statements_covered_display": "100"}, "missing_lines": [], "excluded_lines": [], "start_line": 160}, "ToggleRegistrationResponse": {"executed_lines": [], "summary": {"covered_lines": 0, "num_statements": 0, "percent_covered": 100.0, "percent_covered_display": "100", "missing_lines": 0, "excluded_lines": 0, "percent_statements_covered": 100.0, "percent_statements_covered_display": "100"}, "missing_lines": [], "excluded_lines": [], "start_line": 164}, "": {"executed_lines": [], "summary": {"covered_lines": 0, "num_statements": 100, "percent_covered": 0.0, "percent_covered_display": "0", "missing_lines": 100, "excluded_lines": 0, "percent_statements_covered": 0.0, "percent_statements_covered_display": "0"}, "missing_lines": [5, 6, 7, 8, 10, 11, 12, 15, 21, 22, 23, 24, 27, 28, 29, 30, 31, 34, 35, 36, 39, 40, 41, 42, 45, 46, 47, 50, 51, 52, 53, 56, 57, 58, 59, 60, 63, 64, 65, 66, 68, 70, 73, 74, 78, 79, 88, 90, 97, 98, 99, 100, 101, 102, 105, 106, 107, 108, 110, 111, 112, 117, 118, 119, 120, 123, 124, 125, 126, 128, 129, 134, 135, 136, 137, 138, 141, 142, 143, 145, 146, 147, 149, 150, 152, 153, 154, 155, 156, 157, 160, 161, 164, 165, 166, 169, 170, 181, 182, 194], "excluded_lines": [], "start_line": 1}}}, "src/api/routers/drafts.py": {"executed_lines": [], "summary": {"covered_lines": 0, "num_statements": 26, "percent_covered": 0.0, "percent_covered_display": "0", "missing_lines": 26, "excluded_lines": 0, "percent_statements_covered": 0.0, "percent_statements_covered_display": "0"}, "missing_lines": [5, 6, 7, 9, 10, 11, 12, 13, 15, 26, 39, 63, 64, 66, 68, 71, 72, 82, 83, 94, 95, 102, 104, 105, 106, 107], "excluded_lines": [], "functions": {"create_draft": {"executed_lines": [], "summary": {"covered_lines": 0, "num_statements": 15, "percent_covered": 0.0, "percent_covered_display": "0", "missing_lines": 15, "excluded_lines": 0, "percent_statements_covered": 0.0, "percent_statements_covered_display": "0"}, "missing_lines": [63, 64, 66, 68, 71, 72, 82, 83, 94, 95, 102, 104, 105, 106, 107], "excluded_lines": [], "start_line": 39}, "": {"executed_lines": [], "summary": {"covered_lines": 0, "num_statements": 11, "percent_covered": 0.0, "percent_covered_display": "0", "missing_lines": 11, "excluded_lines": 0, "percent_statements_covered": 0.0, "percent_statements_covered_display": "0"}, "missing_lines": [5, 6, 7, 9, 10, 11, 12, 13, 15, 26, 39], "excluded_lines": [], "start_line": 1}}, "classes": {"": {"executed_lines": [], "summary": {"covered_lines": 0, "num_statements": 26, "percent_covered": 0.0, "percent_covered_display": "0", "missing_lines": 26, "excluded_lines": 0, "percent_statements_covered": 0.0, "percent_statements_covered_display": "0"}, "missing_lines": [5, 6, 7, 9, 10, 11, 12, 13, 15, 26, 39, 63, 64, 66, 68, 71, 72, 82, 83, 94, 95, 102, 104, 105, 106, 107], "excluded_lines": [], "start_line": 1}}}, "src/api/routers/evidence.py": {"executed_lines": [], "summary": {"covered_lines": 0, "num_statements": 29, "percent_covered": 0.0, "percent_covered_display": "0", "missing_lines": 29, "excluded_lines": 0, "percent_statements_covered": 0.0, "percent_statements_covered_display": "0"}, "missing_lines": [5, 6, 8, 9, 10, 11, 12, 14, 24, 36, 58, 59, 61, 63, 66, 67, 69, 70, 80, 81, 91, 100, 101, 102, 111, 120, 121, 122, 123], "excluded_lines": [], "functions": {"get_evidence_package": {"executed_lines": [], "summary": {"covered_lines": 0, "num_statements": 19, "percent_covered": 0.0, "percent_covered_display": "0", "missing_lines": 19, "excluded_lines": 0, "percent_statements_covered": 0.0, "percent_statements_covered_display": "0"}, "missing_lines": [58, 59, 61, 63, 66, 67, 69, 70, 80, 81, 91, 100, 101, 102, 111, 120, 121, 122, 123], "excluded_lines": [], "start_line": 36}, "": {"executed_lines": [], "summary": {"covered_lines": 0, "num_statements": 10, "percent_covered": 0.0, "percent_covered_display": "0", "missing_lines": 10, "excluded_lines": 0, "percent_statements_covered": 0.0, "percent_statements_covered_display": "0"}, "missing_lines": [5, 6, 8, 9, 10, 11, 12, 14, 24, 36], "excluded_lines": [], "start_line": 1}}, "classes": {"": {"executed_lines": [], "summary": {"covered_lines": 0, "num_statements": 29, "percent_covered": 0.0, "percent_covered_display": "0", "missing_lines": 29, "excluded_lines": 0, "percent_statements_covered": 0.0, "percent_statements_covered_display": "0"}, "missing_lines": [5, 6, 8, 9, 10, 11, 12, 14, 24, 36, 58, 59, 61, 63, 66, 67, 69, 70, 80, 81, 91, 100, 101, 102, 111, 120, 121, 122, 123], "excluded_lines": [], "start_line": 1}}}, "src/api/routers/submissions.py": {"executed_lines": [], "summary": {"covered_lines": 0, "num_statements": 95, "percent_covered": 0.0, "percent_covered_display": "0", "missing_lines": 95, "excluded_lines": 0, "percent_statements_covered": 0.0, "percent_statements_covered_display": "0"}, "missing_lines": [5, 6, 7, 9, 10, 16, 17, 18, 19, 20, 22, 33, 46, 70, 71, 73, 75, 78, 79, 89, 90, 101, 102, 109, 111, 112, 120, 121, 122, 123, 133, 144, 164, 165, 167, 169, 172, 173, 175, 176, 186, 187, 188, 190, 201, 202, 203, 204, 214, 226, 251, 252, 254, 256, 259, 260, 270, 271, 280, 282, 288, 289, 297, 298, 299, 300, 310, 324, 354, 355, 357, 359, 362, 363, 372, 373, 384, 385, 397, 405, 406, 415, 416, 425, 426, 435, 436, 445, 446, 455, 456, 465, 466, 467, 468], "excluded_lines": [], "functions": {"create_submission": {"executed_lines": [], "summary": {"covered_lines": 0, "num_statements": 17, "percent_covered": 0.0, "percent_covered_display": "0", "missing_lines": 17, "excluded_lines": 0, "percent_statements_covered": 0.0, "percent_statements_covered_display": "0"}, "missing_lines": [70, 71, 73, 75, 78, 79, 89, 90, 101, 102, 109, 111, 112, 120, 121, 122, 123], "excluded_lines": [], "start_line": 46}, "get_submission": {"executed_lines": [], "summary": {"covered_lines": 0, "num_statements": 16, "percent_covered": 0.0, "percent_covered_display": "0", "missing_lines": 16, "excluded_lines": 0, "percent_statements_covered": 0.0, "percent_statements_covered_display": "0"}, "missing_lines": [164, 165, 167, 169, 172, 173, 175, 176, 186, 187, 188, 190, 201, 202, 203, 204], "excluded_lines": [], "start_line": 144}, "trigger_validation": {"executed_lines": [], "summary": {"covered_lines": 0, "num_statements": 16, "percent_covered": 0.0, "percent_covered_display": "0", "missing_lines": 16, "excluded_lines": 0, "percent_statements_covered": 0.0, "percent_statements_covered_display": "0"}, "missing_lines": [251, 252, 254, 256, 259, 260, 270, 271, 280, 282, 288, 289, 297, 298, 299, 300], "excluded_lines": [], "start_line": 226}, "approve_submission": {"executed_lines": [], "summary": {"covered_lines": 0, "num_statements": 27, "percent_covered": 0.0, "percent_covered_display": "0", "missing_lines": 27, "excluded_lines": 0, "percent_statements_covered": 0.0, "percent_statements_covered_display": "0"}, "missing_lines": [354, 355, 357, 359, 362, 363, 372, 373, 384, 385, 397, 405, 406, 415, 416, 425, 426, 435, 436, 445, 446, 455, 456, 465, 466, 467, 468], "excluded_lines": [], "start_line": 324}, "": {"executed_lines": [], "summary": {"covered_lines": 0, "num_statements": 19, "percent_covered": 0.0, "percent_covered_display": "0", "missing_lines": 19, "excluded_lines": 0, "percent_statements_covered": 0.0, "percent_statements_covered_display": "0"}, "missing_lines": [5, 6, 7, 9, 10, 16, 17, 18, 19, 20, 22, 33, 46, 133, 144, 214, 226, 310, 324], "excluded_lines": [], "start_line": 1}}, "classes": {"": {"executed_lines": [], "summary": {"covered_lines": 0, "num_statements": 95, "percent_covered": 0.0, "percent_covered_display": "0", "missing_lines": 95, "excluded_lines": 0, "percent_statements_covered": 0.0, "percent_statements_covered_display": "0"}, "missing_lines": [5, 6, 7, 9, 10, 16, 17, 18, 19, 20, 22, 33, 46, 70, 71, 73, 75, 78, 79, 89, 90, 101, 102, 109, 111, 112, 120, 121, 122, 123, 133, 144, 164, 165, 167, 169, 172, 173, 175, 176, 186, 187, 188, 190, 201, 202, 203, 204, 214, 226, 251, 252, 254, 256, 259, 260, 270, 271, 280, 282, 288, 289, 297, 298, 299, 300, 310, 324, 354, 355, 357, 359, 362, 363, 372, 373, 384, 385, 397, 405, 406, 415, 416, 425, 426, 435, 436, 445, 446, 455, 456, 465, 466, 467, 468], "excluded_lines": [], "start_line": 1}}}, "src/api/routers/submissions_compat.py": {"executed_lines": [], "summary": {"covered_lines": 0, "num_statements": 108, "percent_covered": 0.0, "percent_covered_display": "0", "missing_lines": 108, "excluded_lines": 0, "percent_statements_covered": 0.0, "percent_statements_covered_display": "0"}, "missing_lines": [9, 10, 11, 12, 14, 15, 16, 17, 18, 20, 23, 25, 26, 27, 28, 29, 30, 31, 32, 35, 38, 39, 41, 42, 43, 51, 52, 54, 55, 56, 62, 64, 65, 66, 67, 68, 74, 77, 78, 92, 93, 96, 97, 98, 99, 100, 106, 108, 110, 112, 115, 135, 142, 143, 144, 145, 147, 148, 154, 156, 159, 160, 168, 176, 177, 181, 182, 188, 189, 199, 202, 203, 205, 206, 214, 220, 221, 225, 226, 232, 233, 243, 244, 247, 248, 249, 250, 251, 254, 255, 256, 257, 260, 270, 273, 279, 280, 288, 291, 292, 294, 295, 297, 300, 301, 303, 311, 313], "excluded_lines": [], "functions": {"get_or_create_test_user": {"executed_lines": [], "summary": {"covered_lines": 0, "num_statements": 17, "percent_covered": 0.0, "percent_covered_display": "0", "missing_lines": 17, "excluded_lines": 0, "percent_statements_covered": 0.0, "percent_statements_covered_display": "0"}, "missing_lines": [38, 39, 41, 42, 43, 51, 52, 54, 55, 56, 62, 64, 65, 66, 67, 68, 74], "excluded_lines": [], "start_line": 35}, "create_submission_compat": {"executed_lines": [], "summary": {"covered_lines": 0, "num_statements": 28, "percent_covered": 0.0, "percent_covered_display": "0", "missing_lines": 28, "excluded_lines": 0, "percent_statements_covered": 0.0, "percent_statements_covered_display": "0"}, "missing_lines": [92, 93, 96, 97, 98, 99, 100, 106, 108, 110, 112, 115, 135, 142, 143, 144, 145, 147, 148, 154, 156, 159, 160, 168, 176, 177, 181, 182], "excluded_lines": [], "start_line": 78}, "run_quality_gates_compat": {"executed_lines": [], "summary": {"covered_lines": 0, "num_statements": 10, "percent_covered": 0.0, "percent_covered_display": "0", "missing_lines": 10, "excluded_lines": 0, "percent_statements_covered": 0.0, "percent_statements_covered_display": "0"}, "missing_lines": [199, 202, 203, 205, 206, 214, 220, 221, 225, 226], "excluded_lines": [], "start_line": 189}, "approve_submission_compat": {"executed_lines": [], "summary": {"covered_lines": 0, "num_statements": 14, "percent_covered": 0.0, "percent_covered_display": "0", "missing_lines": 14, "excluded_lines": 0, "percent_statements_covered": 0.0, "percent_statements_covered_display": "0"}, "missing_lines": [243, 244, 247, 248, 249, 250, 251, 254, 255, 256, 257, 260, 270, 273], "excluded_lines": [], "start_line": 233}, "publish_submission_compat": {"executed_lines": [], "summary": {"covered_lines": 0, "num_statements": 11, "percent_covered": 0.0, "percent_covered_display": "0", "missing_lines": 11, "excluded_lines": 0, "percent_statements_covered": 0.0, "percent_statements_covered_display": "0"}, "missing_lines": [288, 291, 292, 294, 295, 297, 300, 301, 303, 311, 313], "excluded_lines": [], "start_line": 280}, "": {"executed_lines": [], "summary": {"covered_lines": 0, "num_statements": 28, "percent_covered": 0.0, "percent_covered_display": "0", "missing_lines": 28, "excluded_lines": 0, "percent_statements_covered": 0.0, "percent_statements_covered_display": "0"}, "missing_lines": [9, 10, 11, 12, 14, 15, 16, 17, 18, 20, 23, 25, 26, 27, 28, 29, 30, 31, 32, 35, 77, 78, 188, 189, 232, 233, 279, 280], "excluded_lines": [], "start_line": 1}}, "classes": {"SimplifiedSubmissionPayload": {"executed_lines": [], "summary": {"covered_lines": 0, "num_statements": 0, "percent_covered": 100.0, "percent_covered_display": "100", "missing_lines": 0, "excluded_lines": 0, "percent_statements_covered": 100.0, "percent_statements_covered_display": "100"}, "missing_lines": [], "excluded_lines": [], "start_line": 23}, "": {"executed_lines": [], "summary": {"covered_lines": 0, "num_statements": 108, "percent_covered": 0.0, "percent_covered_display": "0", "missing_lines": 108, "excluded_lines": 0, "percent_statements_covered": 0.0, "percent_statements_covered_display": "0"}, "missing_lines": [9, 10, 11, 12, 14, 15, 16, 17, 18, 20, 23, 25, 26, 27, 28, 29, 30, 31, 32, 35, 38, 39, 41, 42, 43, 51, 52, 54, 55, 56, 62, 64, 65, 66, 67, 68, 74, 77, 78, 92, 93, 96, 97, 98, 99, 100, 106, 108, 110, 112, 115, 135, 142, 143, 144, 145, 147, 148, 154, 156, 159, 160, 168, 176, 177, 181, 182, 188, 189, 199, 202, 203, 205, 206, 214, 220, 221, 225, 226, 232, 233, 243, 244, 247, 248, 249, 250, 251, 254, 255, 256, 257, 260, 270, 273, 279, 280, 288, 291, 292, 294, 295, 297, 300, 301, 303, 311, 313], "excluded_lines": [], "start_line": 1}}}, "src/api/routers/validation.py": {"executed_lines": [], "summary": {"covered_lines": 0, "num_statements": 23, "percent_covered": 0.0, "percent_covered_display": "0", "missing_lines": 23, "excluded_lines": 0, "percent_statements_covered": 0.0, "percent_statements_covered_display": "0"}, "missing_lines": [5, 6, 8, 9, 10, 11, 12, 14, 24, 35, 55, 56, 58, 60, 63, 64, 66, 67, 76, 84, 85, 86, 87], "excluded_lines": [], "functions": {"get_validation_report": {"executed_lines": [], "summary": {"covered_lines": 0, "num_statements": 13, "percent_covered": 0.0, "percent_covered_display": "0", "missing_lines": 13, "excluded_lines": 0, "percent_statements_covered": 0.0, "percent_statements_covered_display": "0"}, "missing_lines": [55, 56, 58, 60, 63, 64, 66, 67, 76, 84, 85, 86, 87], "excluded_lines": [], "start_line": 35}, "": {"executed_lines": [], "summary": {"covered_lines": 0, "num_statements": 10, "percent_covered": 0.0, "percent_covered_display": "0", "missing_lines": 10, "excluded_lines": 0, "percent_statements_covered": 0.0, "percent_statements_covered_display": "0"}, "missing_lines": [5, 6, 8, 9, 10, 11, 12, 14, 24, 35], "excluded_lines": [], "start_line": 1}}, "classes": {"": {"executed_lines": [], "summary": {"covered_lines": 0, "num_statements": 23, "percent_covered": 0.0, "percent_covered_display": "0", "missing_lines": 23, "excluded_lines": 0, "percent_statements_covered": 0.0, "percent_statements_covered_display": "0"}, "missing_lines": [5, 6, 8, 9, 10, 11, 12, 14, 24, 35, 55, 56, 58, 60, 63, 64, 66, 67, 76, 84, 85, 86, 87], "excluded_lines": [], "start_line": 1}}}, "src/database/__init__.py": {"executed_lines": [], "summary": {"covered_lines": 0, "num_statements": 64, "percent_covered": 0.0, "percent_covered_display": "0", "missing_lines": 64, "excluded_lines": 0, "percent_statements_covered": 0.0, "percent_statements_covered_display": "0"}, "missing_lines": [4, 5, 6, 7, 8, 10, 13, 15, 16, 17, 20, 23, 24, 25, 26, 27, 28, 31, 34, 35, 36, 39, 41, 44, 59, 62, 77, 94, 111, 123, 140, 153, 167, 188, 203, 220, 233, 234, 235, 236, 237, 238, 239, 241, 244, 246, 249, 250, 253, 262, 263, 265, 266, 267, 270, 273, 274, 275, 276, 279, 282, 287, 288, 290], "excluded_lines": [], "functions": {"get_db_path": {"executed_lines": [], "summary": {"covered_lines": 0, "num_statements": 3, "percent_covered": 0.0, "percent_covered_display": "0", "missing_lines": 3, "excluded_lines": 0, "percent_statements_covered": 0.0, "percent_statements_covered_display": "0"}, "missing_lines": [15, 16, 17], "excluded_lines": [], "start_line": 13}, "get_connection": {"executed_lines": [], "summary": {"covered_lines": 0, "num_statements": 6, "percent_covered": 0.0, "percent_covered_display": "0", "missing_lines": 6, "excluded_lines": 0, "percent_statements_covered": 0.0, "percent_statements_covered_display": "0"}, "missing_lines": [23, 24, 25, 26, 27, 28], "excluded_lines": [], "start_line": 20}, "close_connection": {"executed_lines": [], "summary": {"covered_lines": 0, "num_statements": 3, "percent_covered": 0.0, "percent_covered_display": "0", "missing_lines": 3, "excluded_lines": 0, "percent_statements_covered": 0.0, "percent_statements_covered_display": "0"}, "missing_lines": [34, 35, 36], "excluded_lines": [], "start_line": 31}, "init_db": {"executed_lines": [], "summary": {"covered_lines": 0, "num_statements": 22, "percent_covered": 0.0, "percent_covered_display": "0", "missing_lines": 22, "excluded_lines": 0, "percent_statements_covered": 0.0, "percent_statements_covered_display": "0"}, "missing_lines": [41, 44, 59, 62, 77, 94, 111, 123, 140, 153, 167, 188, 203, 220, 233, 234, 235, 236, 237, 238, 239, 241], "excluded_lines": [], "start_line": 39}, "seed_test_users": {"executed_lines": [], "summary": {"covered_lines": 0, "num_statements": 19, "percent_covered": 0.0, "percent_covered_display": "0", "missing_lines": 19, "excluded_lines": 0, "percent_statements_covered": 0.0, "percent_statements_covered_display": "0"}, "missing_lines": [246, 249, 250, 253, 262, 263, 265, 266, 267, 270, 273, 274, 275, 276, 279, 282, 287, 288, 290], "excluded_lines": [], "start_line": 244}, "": {"executed_lines": [], "summary": {"covered_lines": 0, "num_statements": 11, "percent_covered": 0.0, "percent_covered_display": "0", "missing_lines": 11, "excluded_lines": 0, "percent_statements_covered": 0.0, "percent_statements_covered_display": "0"}, "missing_lines": [4, 5, 6, 7, 8, 10, 13, 20, 31, 39, 244], "excluded_lines": [], "start_line": 1}}, "classes": {"": {"executed_lines": [], "summary": {"covered_lines": 0, "num_statements": 64, "percent_covered": 0.0, "percent_covered_display": "0", "missing_lines": 64, "excluded_lines": 0, "percent_statements_covered": 0.0, "percent_statements_covered_display": "0"}, "missing_lines": [4, 5, 6, 7, 8, 10, 13, 15, 16, 17, 20, 23, 24, 25, 26, 27, 28, 31, 34, 35, 36, 39, 41, 44, 59, 62, 77, 94, 111, 123, 140, 153, 167, 188, 203, 220, 233, 234, 235, 236, 237, 238, 239, 241, 244, 246, 249, 250, 253, 262, 263, 265, 266, 267, 270, 273, 274, 275, 276, 279, 282, 287, 288, 290], "excluded_lines": [], "start_line": 1}}}, "src/schemas/__init__.py": {"executed_lines": [], "summary": {"covered_lines": 0, "num_statements": 134, "percent_covered": 0.0, "percent_covered_display": "0", "missing_lines": 134, "excluded_lines": 0, "percent_statements_covered": 0.0, "percent_statements_covered_display": "0"}, "missing_lines": [4, 5, 6, 9, 11, 12, 13, 14, 17, 19, 20, 21, 22, 23, 24, 27, 29, 32, 34, 35, 36, 37, 38, 41, 43, 44, 45, 46, 49, 51, 52, 53, 56, 58, 59, 60, 61, 62, 65, 67, 68, 71, 73, 74, 75, 76, 77, 80, 82, 83, 86, 88, 89, 90, 91, 92, 93, 96, 98, 99, 102, 104, 105, 106, 107, 108, 109, 112, 114, 115, 116, 117, 118, 119, 120, 121, 124, 126, 127, 128, 129, 132, 134, 135, 136, 137, 138, 141, 143, 146, 148, 149, 150, 151, 152, 153, 156, 158, 159, 160, 161, 162, 165, 167, 168, 171, 173, 174, 175, 178, 180, 181, 182, 183, 184, 185, 186, 187, 188, 189, 192, 194, 197, 199, 200, 201, 202, 205, 207, 208, 209, 210, 211, 212], "excluded_lines": [], "functions": {"": {"executed_lines": [], "summary": {"covered_lines": 0, "num_statements": 134, "percent_covered": 0.0, "percent_covered_display": "0", "missing_lines": 134, "excluded_lines": 0, "percent_statements_covered": 0.0, "percent_statements_covered_display": "0"}, "missing_lines": [4, 5, 6, 9, 11, 12, 13, 14, 17, 19, 20, 21, 22, 23, 24, 27, 29, 32, 34, 35, 36, 37, 38, 41, 43, 44, 45, 46, 49, 51, 52, 53, 56, 58, 59, 60, 61, 62, 65, 67, 68, 71, 73, 74, 75, 76, 77, 80, 82, 83, 86, 88, 89, 90, 91, 92, 93, 96, 98, 99, 102, 104, 105, 106, 107, 108, 109, 112, 114, 115, 116, 117, 118, 119, 120, 121, 124, 126, 127, 128, 129, 132, 134, 135, 136, 137, 138, 141, 143, 146, 148, 149, 150, 151, 152, 153, 156, 158, 159, 160, 161, 162, 165, 167, 168, 171, 173, 174, 175, 178, 180, 181, 182, 183, 184, 185, 186, 187, 188, 189, 192, 194, 197, 199, 200, 201, 202, 205, 207, 208, 209, 210, 211, 212], "excluded_lines": [], "start_line": 1}}, "classes": {"AuditContext": {"executed_lines": [], "summary": {"covered_lines": 0, "num_statements": 0, "percent_covered": 100.0, "percent_covered_display": "100", "missing_lines": 0, "excluded_lines": 0, "percent_statements_covered": 100.0, "percent_statements_covered_display": "100"}, "missing_lines": [], "excluded_lines": [], "start_line": 9}, "SignatureBlock": {"executed_lines": [], "summary": {"covered_lines": 0, "num_statements": 0, "percent_covered": 100.0, "percent_covered_display": "100", "missing_lines": 0, "excluded_lines": 0, "percent_statements_covered": 100.0, "percent_statements_covered_display": "100"}, "missing_lines": [], "excluded_lines": [], "start_line": 17}, "ErrorResponse": {"executed_lines": [], "summary": {"covered_lines": 0, "num_statements": 0, "percent_covered": 100.0, "percent_covered_display": "100", "missing_lines": 0, "excluded_lines": 0, "percent_statements_covered": 100.0, "percent_statements_covered_display": "100"}, "missing_lines": [], "excluded_lines": [], "start_line": 27}, "DatasetReference": {"executed_lines": [], "summary": {"covered_lines": 0, "num_statements": 0, "percent_covered": 100.0, "percent_covered_display": "100", "missing_lines": 0, "excluded_lines": 0, "percent_statements_covered": 100.0, "percent_statements_covered_display": "100"}, "missing_lines": [], "excluded_lines": [], "start_line": 32}, "SchemaField": {"executed_lines": [], "summary": {"covered_lines": 0, "num_statements": 0, "percent_covered": 100.0, "percent_covered_display": "100", "missing_lines": 0, "excluded_lines": 0, "percent_statements_covered": 100.0, "percent_statements_covered_display": "100"}, "missing_lines": [], "excluded_lines": [], "start_line": 41}, "SchemaDefinition": {"executed_lines": [], "summary": {"covered_lines": 0, "num_statements": 0, "percent_covered": 100.0, "percent_covered_display": "100", "missing_lines": 0, "excluded_lines": 0, "percent_statements_covered": 100.0, "percent_statements_covered_display": "100"}, "missing_lines": [], "excluded_lines": [], "start_line": 49}, "ProductMetadata": {"executed_lines": [], "summary": {"covered_lines": 0, "num_statements": 0, "percent_covered": 100.0, "percent_covered_display": "100", "missing_lines": 0, "excluded_lines": 0, "percent_statements_covered": 100.0, "percent_statements_covered_display": "100"}, "missing_lines": [], "excluded_lines": [], "start_line": 56}, "ControlsMetadata": {"executed_lines": [], "summary": {"covered_lines": 0, "num_statements": 0, "percent_covered": 100.0, "percent_covered_display": "100", "missing_lines": 0, "excluded_lines": 0, "percent_statements_covered": 100.0, "percent_statements_covered_display": "100"}, "missing_lines": [], "excluded_lines": [], "start_line": 65}, "DataProductPackage": {"executed_lines": [], "summary": {"covered_lines": 0, "num_statements": 0, "percent_covered": 100.0, "percent_covered_display": "100", "missing_lines": 0, "excluded_lines": 0, "percent_statements_covered": 100.0, "percent_statements_covered_display": "100"}, "missing_lines": [], "excluded_lines": [], "start_line": 71}, "CreateDraftRequest": {"executed_lines": [], "summary": {"covered_lines": 0, "num_statements": 0, "percent_covered": 100.0, "percent_covered_display": "100", "missing_lines": 0, "excluded_lines": 0, "percent_statements_covered": 100.0, "percent_statements_covered_display": "100"}, "missing_lines": [], "excluded_lines": [], "start_line": 80}, "CreateDraftResponse": {"executed_lines": [], "summary": {"covered_lines": 0, "num_statements": 0, "percent_covered": 100.0, "percent_covered_display": "100", "missing_lines": 0, "excluded_lines": 0, "percent_statements_covered": 100.0, "percent_statements_covered_display": "100"}, "missing_lines": [], "excluded_lines": [], "start_line": 86}, "CreateSubmissionRequest": {"executed_lines": [], "summary": {"covered_lines": 0, "num_statements": 0, "percent_covered": 100.0, "percent_covered_display": "100", "missing_lines": 0, "excluded_lines": 0, "percent_statements_covered": 100.0, "percent_statements_covered_display": "100"}, "missing_lines": [], "excluded_lines": [], "start_line": 96}, "CreateSubmissionResponse": {"executed_lines": [], "summary": {"covered_lines": 0, "num_statements": 0, "percent_covered": 100.0, "percent_covered_display": "100", "missing_lines": 0, "excluded_lines": 0, "percent_statements_covered": 100.0, "percent_statements_covered_display": "100"}, "missing_lines": [], "excluded_lines": [], "start_line": 102}, "GetSubmissionResponse": {"executed_lines": [], "summary": {"covered_lines": 0, "num_statements": 0, "percent_covered": 100.0, "percent_covered_display": "100", "missing_lines": 0, "excluded_lines": 0, "percent_statements_covered": 100.0, "percent_statements_covered_display": "100"}, "missing_lines": [], "excluded_lines": [], "start_line": 112}, "ValidationCheck": {"executed_lines": [], "summary": {"covered_lines": 0, "num_statements": 0, "percent_covered": 100.0, "percent_covered_display": "100", "missing_lines": 0, "excluded_lines": 0, "percent_statements_covered": 100.0, "percent_statements_covered_display": "100"}, "missing_lines": [], "excluded_lines": [], "start_line": 124}, "ValidationReportSummary": {"executed_lines": [], "summary": {"covered_lines": 0, "num_statements": 0, "percent_covered": 100.0, "percent_covered_display": "100", "missing_lines": 0, "excluded_lines": 0, "percent_statements_covered": 100.0, "percent_statements_covered_display": "100"}, "missing_lines": [], "excluded_lines": [], "start_line": 132}, "ApprovalPreconditions": {"executed_lines": [], "summary": {"covered_lines": 0, "num_statements": 0, "percent_covered": 100.0, "percent_covered_display": "100", "missing_lines": 0, "excluded_lines": 0, "percent_statements_covered": 100.0, "percent_statements_covered_display": "100"}, "missing_lines": [], "excluded_lines": [], "start_line": 141}, "ApproveSubmissionRequest": {"executed_lines": [], "summary": {"covered_lines": 0, "num_statements": 0, "percent_covered": 100.0, "percent_covered_display": "100", "missing_lines": 0, "excluded_lines": 0, "percent_statements_covered": 100.0, "percent_statements_covered_display": "100"}, "missing_lines": [], "excluded_lines": [], "start_line": 146}, "ApproveSubmissionResponse": {"executed_lines": [], "summary": {"covered_lines": 0, "num_statements": 0, "percent_covered": 100.0, "percent_covered_display": "100", "missing_lines": 0, "excluded_lines": 0, "percent_statements_covered": 100.0, "percent_statements_covered_display": "100"}, "missing_lines": [], "excluded_lines": [], "start_line": 156}, "TriggerValidationRequest": {"executed_lines": [], "summary": {"covered_lines": 0, "num_statements": 0, "percent_covered": 100.0, "percent_covered_display": "100", "missing_lines": 0, "excluded_lines": 0, "percent_statements_covered": 100.0, "percent_statements_covered_display": "100"}, "missing_lines": [], "excluded_lines": [], "start_line": 165}, "TriggerValidationResponse": {"executed_lines": [], "summary": {"covered_lines": 0, "num_statements": 0, "percent_covered": 100.0, "percent_covered_display": "100", "missing_lines": 0, "excluded_lines": 0, "percent_statements_covered": 100.0, "percent_statements_covered_display": "100"}, "missing_lines": [], "excluded_lines": [], "start_line": 171}, "AuditEvent": {"executed_lines": [], "summary": {"covered_lines": 0, "num_statements": 0, "percent_covered": 100.0, "percent_covered_display": "100", "missing_lines": 0, "excluded_lines": 0, "percent_statements_covered": 100.0, "percent_statements_covered_display": "100"}, "missing_lines": [], "excluded_lines": [], "start_line": 178}, "GetAuditEventsResponse": {"executed_lines": [], "summary": {"covered_lines": 0, "num_statements": 0, "percent_covered": 100.0, "percent_covered_display": "100", "missing_lines": 0, "excluded_lines": 0, "percent_statements_covered": 100.0, "percent_statements_covered_display": "100"}, "missing_lines": [], "excluded_lines": [], "start_line": 192}, "EvidenceArtifact": {"executed_lines": [], "summary": {"covered_lines": 0, "num_statements": 0, "percent_covered": 100.0, "percent_covered_display": "100", "missing_lines": 0, "excluded_lines": 0, "percent_statements_covered": 100.0, "percent_statements_covered_display": "100"}, "missing_lines": [], "excluded_lines": [], "start_line": 197}, "EvidencePackageResponse": {"executed_lines": [], "summary": {"covered_lines": 0, "num_statements": 0, "percent_covered": 100.0, "percent_covered_display": "100", "missing_lines": 0, "excluded_lines": 0, "percent_statements_covered": 100.0, "percent_statements_covered_display": "100"}, "missing_lines": [], "excluded_lines": [], "start_line": 205}, "": {"executed_lines": [], "summary": {"covered_lines": 0, "num_statements": 134, "percent_covered": 0.0, "percent_covered_display": "0", "missing_lines": 134, "excluded_lines": 0, "percent_statements_covered": 0.0, "percent_statements_covered_display": "0"}, "missing_lines": [4, 5, 6, 9, 11, 12, 13, 14, 17, 19, 20, 21, 22, 23, 24, 27, 29, 32, 34, 35, 36, 37, 38, 41, 43, 44, 45, 46, 49, 51, 52, 53, 56, 58, 59, 60, 61, 62, 65, 67, 68, 71, 73, 74, 75, 76, 77, 80, 82, 83, 86, 88, 89, 90, 91, 92, 93, 96, 98, 99, 102, 104, 105, 106, 107, 108, 109, 112, 114, 115, 116, 117, 118, 119, 120, 121, 124, 126, 127, 128, 129, 132, 134, 135, 136, 137, 138, 141, 143, 146, 148, 149, 150, 151, 152, 153, 156, 158, 159, 160, 161, 162, 165, 167, 168, 171, 173, 174, 175, 178, 180, 181, 182, 183, 184, 185, 186, 187, 188, 189, 192, 194, 197, 199, 200, 201, 202, 205, 207, 208, 209, 210, 211, 212], "excluded_lines": [], "start_line": 1}}}, "src/services/__init__.py": {"executed_lines": [], "summary": {"covered_lines": 0, "num_statements": 0, "percent_covered": 100.0, "percent_covered_display": "100", "missing_lines": 0, "excluded_lines": 0, "percent_statements_covered": 100.0, "percent_statements_covered_display": "100"}, "missing_lines": [], "excluded_lines": [], "functions": {"": {"executed_lines": [], "summary": {"covered_lines": 0, "num_statements": 0, "percent_covered": 100.0, "percent_covered_display": "100", "missing_lines": 0, "excluded_lines": 0, "percent_statements_covered": 100.0, "percent_statements_covered_display": "100"}, "missing_lines": [], "excluded_lines": [], "start_line": 1}}, "classes": {"": {"executed_lines": [], "summary": {"covered_lines": 0, "num_statements": 0, "percent_covered": 100.0, "percent_covered_display": "100", "missing_lines": 0, "excluded_lines": 0, "percent_statements_covered": 100.0, "percent_statements_covered_display": "100"}, "missing_lines": [], "excluded_lines": [], "start_line": 1}}}, "src/services/approval.py": {"executed_lines": [], "summary": {"covered_lines": 0, "num_statements": 178, "percent_covered": 0.0, "percent_covered_display": "0", "missing_lines": 178, "excluded_lines": 0, "percent_statements_covered": 0.0, "percent_statements_covered_display": "0"}, "missing_lines": [5, 6, 7, 8, 9, 10, 11, 14, 16, 17, 18, 19, 20, 23, 25, 26, 29, 31, 32, 35, 37, 38, 41, 43, 44, 47, 49, 50, 53, 66, 77, 80, 82, 83, 84, 85, 87, 109, 113, 115, 116, 122, 123, 126, 133, 142, 169, 170, 172, 176, 178, 179, 185, 186, 187, 193, 195, 196, 197, 203, 204, 213, 214, 216, 217, 218, 220, 221, 229, 230, 236, 242, 245, 246, 247, 249, 251, 288, 289, 295, 296, 305, 309, 311, 312, 317, 320, 321, 322, 331, 332, 334, 348, 350, 359, 360, 366, 367, 368, 374, 375, 377, 381, 383, 384, 389, 390, 396, 398, 404, 406, 407, 416, 417, 427, 429, 430, 435, 436, 437, 446, 447, 454, 456, 458, 459, 460, 462, 476, 482, 499, 500, 502, 518, 519, 520, 529, 530, 531, 532, 533, 534, 535, 536, 542, 552, 555, 564, 566, 575, 576, 577, 578, 580, 582, 583, 584, 586, 597, 601, 603, 604, 606, 607, 609, 611, 622, 630, 632, 633, 634, 635, 636, 638, 640, 642, 643, 644], "excluded_lines": [], "functions": {"ApprovalError.__init__": {"executed_lines": [], "summary": {"covered_lines": 0, "num_statements": 4, "percent_covered": 0.0, "percent_covered_display": "0", "missing_lines": 4, "excluded_lines": 0, "percent_statements_covered": 0.0, "percent_statements_covered_display": "0"}, "missing_lines": [17, 18, 19, 20], "excluded_lines": [], "start_line": 16}, "AuthenticationError.__init__": {"executed_lines": [], "summary": {"covered_lines": 0, "num_statements": 1, "percent_covered": 0.0, "percent_covered_display": "0", "missing_lines": 1, "excluded_lines": 0, "percent_statements_covered": 0.0, "percent_statements_covered_display": "0"}, "missing_lines": [26], "excluded_lines": [], "start_line": 25}, "AuthorizationError.__init__": {"executed_lines": [], "summary": {"covered_lines": 0, "num_statements": 1, "percent_covered": 0.0, "percent_covered_display": "0", "missing_lines": 1, "excluded_lines": 0, "percent_statements_covered": 0.0, "percent_statements_covered_display": "0"}, "missing_lines": [32], "excluded_lines": [], "start_line": 31}, "SoDViolationError.__init__": {"executed_lines": [], "summary": {"covered_lines": 0, "num_statements": 1, "percent_covered": 0.0, "percent_covered_display": "0", "missing_lines": 1, "excluded_lines": 0, "percent_statements_covered": 0.0, "percent_statements_covered_display": "0"}, "missing_lines": [38], "excluded_lines": [], "start_line": 37}, "SignatureError.__init__": {"executed_lines": [], "summary": {"covered_lines": 0, "num_statements": 1, "percent_covered": 0.0, "percent_covered_display": "0", "missing_lines": 1, "excluded_lines": 0, "percent_statements_covered": 0.0, "percent_statements_covered_display": "0"}, "missing_lines": [44], "excluded_lines": [], "start_line": 43}, "InvalidStateError.__init__": {"executed_lines": [], "summary": {"covered_lines": 0, "num_statements": 1, "percent_covered": 0.0, "percent_covered_display": "0", "missing_lines": 1, "excluded_lines": 0, "percent_statements_covered": 0.0, "percent_statements_covered_display": "0"}, "missing_lines": [50], "excluded_lines": [], "start_line": 49}, "ApprovalService.__init__": {"executed_lines": [], "summary": {"covered_lines": 0, "num_statements": 3, "percent_covered": 0.0, "percent_covered_display": "0", "missing_lines": 3, "excluded_lines": 0, "percent_statements_covered": 0.0, "percent_statements_covered_display": "0"}, "missing_lines": [83, 84, 85], "excluded_lines": [], "start_line": 82}, "ApprovalService.create_esign_challenge": {"executed_lines": [], "summary": {"covered_lines": 0, "num_statements": 8, "percent_covered": 0.0, "percent_covered_display": "0", "missing_lines": 8, "excluded_lines": 0, "percent_statements_covered": 0.0, "percent_statements_covered_display": "0"}, "missing_lines": [109, 113, 115, 116, 122, 123, 126, 133], "excluded_lines": [], "start_line": 87}, "ApprovalService.verify_esign": {"executed_lines": [], "summary": {"covered_lines": 0, "num_statements": 30, "percent_covered": 0.0, "percent_covered_display": "0", "missing_lines": 30, "excluded_lines": 0, "percent_statements_covered": 0.0, "percent_statements_covered_display": "0"}, "missing_lines": [169, 170, 172, 176, 178, 179, 185, 186, 187, 193, 195, 196, 197, 203, 204, 213, 214, 216, 217, 218, 220, 221, 229, 230, 236, 242, 245, 246, 247, 249], "excluded_lines": [], "start_line": 142}, "ApprovalService.approve_submission": {"executed_lines": [], "summary": {"covered_lines": 0, "num_statements": 80, "percent_covered": 0.0, "percent_covered_display": "0", "missing_lines": 80, "excluded_lines": 0, "percent_statements_covered": 0.0, "percent_statements_covered_display": "0"}, "missing_lines": [288, 289, 295, 296, 305, 309, 311, 312, 317, 320, 321, 322, 331, 332, 334, 348, 350, 359, 360, 366, 367, 368, 374, 375, 377, 381, 383, 384, 389, 390, 396, 398, 404, 406, 407, 416, 417, 427, 429, 430, 435, 436, 437, 446, 447, 454, 456, 458, 459, 460, 462, 476, 482, 499, 500, 502, 518, 519, 520, 529, 530, 531, 532, 533, 534, 535, 536, 542, 552, 555, 564, 566, 575, 576, 577, 578, 580, 582, 583, 584], "excluded_lines": [], "start_line": 251}, "ApprovalService.get_approval_record": {"executed_lines": [], "summary": {"covered_lines": 0, "num_statements": 7, "percent_covered": 0.0, "percent_covered_display": "0", "missing_lines": 7, "excluded_lines": 0, "percent_statements_covered": 0.0, "percent_statements_covered_display": "0"}, "missing_lines": [597, 601, 603, 604, 606, 607, 609], "excluded_lines": [], "start_line": 586}, "ApprovalService.list_approval_records": {"executed_lines": [], "summary": {"covered_lines": 0, "num_statements": 8, "percent_covered": 0.0, "percent_covered_display": "0", "missing_lines": 8, "excluded_lines": 0, "percent_statements_covered": 0.0, "percent_statements_covered_display": "0"}, "missing_lines": [622, 630, 632, 633, 634, 635, 636, 638], "excluded_lines": [], "start_line": 611}, "ApprovalService._add_minutes_to_iso": {"executed_lines": [], "summary": {"covered_lines": 0, "num_statements": 3, "percent_covered": 0.0, "percent_covered_display": "0", "missing_lines": 3, "excluded_lines": 0, "percent_statements_covered": 0.0, "percent_statements_covered_display": "0"}, "missing_lines": [642, 643, 644], "excluded_lines": [], "start_line": 640}, "": {"executed_lines": [], "summary": {"covered_lines": 0, "num_statements": 30, "percent_covered": 0.0, "percent_covered_display": "0", "missing_lines": 30, "excluded_lines": 0, "percent_statements_covered": 0.0, "percent_statements_covered_display": "0"}, "missing_lines": [5, 6, 7, 8, 9, 10, 11, 14, 16, 23, 25, 29, 31, 35, 37, 41, 43, 47, 49, 53, 66, 77, 80, 82, 87, 142, 251, 586, 611, 640], "excluded_lines": [], "start_line": 1}}, "classes": {"ApprovalError": {"executed_lines": [], "summary": {"covered_lines": 0, "num_statements": 4, "percent_covered": 0.0, "percent_covered_display": "0", "missing_lines": 4, "excluded_lines": 0, "percent_statements_covered": 0.0, "percent_statements_covered_display": "0"}, "missing_lines": [17, 18, 19, 20], "excluded_lines": [], "start_line": 14}, "AuthenticationError": {"executed_lines": [], "summary": {"covered_lines": 0, "num_statements": 1, "percent_covered": 0.0, "percent_covered_display": "0", "missing_lines": 1, "excluded_lines": 0, "percent_statements_covered": 0.0, "percent_statements_covered_display": "0"}, "missing_lines": [26], "excluded_lines": [], "start_line": 23}, "AuthorizationError": {"executed_lines": [], "summary": {"covered_lines": 0, "num_statements": 1, "percent_covered": 0.0, "percent_covered_display": "0", "missing_lines": 1, "excluded_lines": 0, "percent_statements_covered": 0.0, "percent_statements_covered_display": "0"}, "missing_lines": [32], "excluded_lines": [], "start_line": 29}, "SoDViolationError": {"executed_lines": [], "summary": {"covered_lines": 0, "num_statements": 1, "percent_covered": 0.0, "percent_covered_display": "0", "missing_lines": 1, "excluded_lines": 0, "percent_statements_covered": 0.0, "percent_statements_covered_display": "0"}, "missing_lines": [38], "excluded_lines": [], "start_line": 35}, "SignatureError": {"executed_lines": [], "summary": {"covered_lines": 0, "num_statements": 1, "percent_covered": 0.0, "percent_covered_display": "0", "missing_lines": 1, "excluded_lines": 0, "percent_statements_covered": 0.0, "percent_statements_covered_display": "0"}, "missing_lines": [44], "excluded_lines": [], "start_line": 41}, "InvalidStateError": {"executed_lines": [], "summary": {"covered_lines": 0, "num_statements": 1, "percent_covered": 0.0, "percent_covered_display": "0", "missing_lines": 1, "excluded_lines": 0, "percent_statements_covered": 0.0, "percent_statements_covered_display": "0"}, "missing_lines": [50], "excluded_lines": [], "start_line": 47}, "ApprovalService": {"executed_lines": [], "summary": {"covered_lines": 0, "num_statements": 139, "percent_covered": 0.0, "percent_covered_display": "0", "missing_lines": 139, "excluded_lines": 0, "percent_statements_covered": 0.0, "percent_statements_covered_display": "0"}, "missing_lines": [83, 84, 85, 109, 113, 115, 116, 122, 123, 126, 133, 169, 170, 172, 176, 178, 179, 185, 186, 187, 193, 195, 196, 197, 203, 204, 213, 214, 216, 217, 218, 220, 221, 229, 230, 236, 242, 245, 246, 247, 249, 288, 289, 295, 296, 305, 309, 311, 312, 317, 320, 321, 322, 331, 332, 334, 348, 350, 359, 360, 366, 367, 368, 374, 375, 377, 381, 383, 384, 389, 390, 396, 398, 404, 406, 407, 416, 417, 427, 429, 430, 435, 436, 437, 446, 447, 454, 456, 458, 459, 460, 462, 476, 482, 499, 500, 502, 518, 519, 520, 529, 530, 531, 532, 533, 534, 535, 536, 542, 552, 555, 564, 566, 575, 576, 577, 578, 580, 582, 583, 584, 597, 601, 603, 604, 606, 607, 609, 622, 630, 632, 633, 634, 635, 636, 638, 642, 643, 644], "excluded_lines": [], "start_line": 53}, "": {"executed_lines": [], "summary": {"covered_lines": 0, "num_statements": 30, "percent_covered": 0.0, "percent_covered_display": "0", "missing_lines": 30, "excluded_lines": 0, "percent_statements_covered": 0.0, "percent_statements_covered_display": "0"}, "missing_lines": [5, 6, 7, 8, 9, 10, 11, 14, 16, 23, 25, 29, 31, 35, 37, 41, 43, 47, 49, 53, 66, 77, 80, 82, 87, 142, 251, 586, 611, 640], "excluded_lines": [], "start_line": 1}}}, "src/services/audit.py": {"executed_lines": [], "summary": {"covered_lines": 0, "num_statements": 26, "percent_covered": 0.0, "percent_covered_display": "0", "missing_lines": 26, "excluded_lines": 0, "percent_statements_covered": 0.0, "percent_statements_covered_display": "0"}, "missing_lines": [5, 6, 7, 10, 15, 16, 18, 49, 50, 51, 53, 68, 70, 88, 89, 91, 92, 93, 95, 96, 97, 99, 100, 102, 103, 105], "excluded_lines": [], "functions": {"AuditService.__init__": {"executed_lines": [], "summary": {"covered_lines": 0, "num_statements": 1, "percent_covered": 0.0, "percent_covered_display": "0", "missing_lines": 1, "excluded_lines": 0, "percent_statements_covered": 0.0, "percent_statements_covered_display": "0"}, "missing_lines": [16], "excluded_lines": [], "start_line": 15}, "AuditService.record_event": {"executed_lines": [], "summary": {"covered_lines": 0, "num_statements": 5, "percent_covered": 0.0, "percent_covered_display": "0", "missing_lines": 5, "excluded_lines": 0, "percent_statements_covered": 0.0, "percent_statements_covered_display": "0"}, "missing_lines": [49, 50, 51, 53, 68], "excluded_lines": [], "start_line": 18}, "AuditService.query_events": {"executed_lines": [], "summary": {"covered_lines": 0, "num_statements": 13, "percent_covered": 0.0, "percent_covered_display": "0", "missing_lines": 13, "excluded_lines": 0, "percent_statements_covered": 0.0, "percent_statements_covered_display": "0"}, "missing_lines": [88, 89, 91, 92, 93, 95, 96, 97, 99, 100, 102, 103, 105], "excluded_lines": [], "start_line": 70}, "": {"executed_lines": [], "summary": {"covered_lines": 0, "num_statements": 7, "percent_covered": 0.0, "percent_covered_display": "0", "missing_lines": 7, "excluded_lines": 0, "percent_statements_covered": 0.0, "percent_statements_covered_display": "0"}, "missing_lines": [5, 6, 7, 10, 15, 18, 70], "excluded_lines": [], "start_line": 1}}, "classes": {"AuditService": {"executed_lines": [], "summary": {"covered_lines": 0, "num_statements": 19, "percent_covered": 0.0, "percent_covered_display": "0", "missing_lines": 19, "excluded_lines": 0, "percent_statements_covered": 0.0, "percent_statements_covered_display": "0"}, "missing_lines": [16, 49, 50, 51, 53, 68, 88, 89, 91, 92, 93, 95, 96, 97, 99, 100, 102, 103, 105], "excluded_lines": [], "start_line": 10}, "": {"executed_lines": [], "summary": {"covered_lines": 0, "num_statements": 7, "percent_covered": 0.0, "percent_covered_display": "0", "missing_lines": 7, "excluded_lines": 0, "percent_statements_covered": 0.0, "percent_statements_covered_display": "0"}, "missing_lines": [5, 6, 7, 10, 15, 18, 70], "excluded_lines": [], "start_line": 1}}}, "src/services/auth.py": {"executed_lines": [], "summary": {"covered_lines": 0, "num_statements": 138, "percent_covered": 0.0, "percent_covered_display": "0", "missing_lines": 138, "excluded_lines": 0, "percent_statements_covered": 0.0, "percent_statements_covered_display": "0"}, "missing_lines": [5, 6, 7, 8, 9, 10, 11, 12, 13, 16, 19, 20, 23, 26, 35, 47, 48, 51, 62, 63, 65, 66, 68, 71, 83, 84, 87, 102, 103, 105, 114, 115, 118, 119, 120, 123, 125, 132, 145, 146, 147, 148, 150, 153, 154, 155, 157, 158, 161, 162, 163, 166, 167, 168, 170, 172, 173, 176, 189, 190, 192, 194, 197, 201, 203, 204, 206, 207, 209, 213, 215, 222, 223, 224, 225, 228, 244, 245, 246, 249, 250, 251, 254, 257, 258, 259, 262, 263, 268, 270, 278, 292, 296, 298, 299, 301, 302, 305, 306, 309, 310, 313, 329, 330, 333, 334, 337, 338, 340, 341, 344, 347, 348, 349, 351, 352, 354, 361, 372, 375, 386, 390, 392, 393, 395, 396, 405, 412, 413, 414, 415, 419, 429, 430, 431, 432, 436, 438], "excluded_lines": [], "functions": {"AuthService.__init__": {"executed_lines": [], "summary": {"covered_lines": 0, "num_statements": 1, "percent_covered": 0.0, "percent_covered_display": "0", "missing_lines": 1, "excluded_lines": 0, "percent_statements_covered": 0.0, "percent_statements_covered_display": "0"}, "missing_lines": [48], "excluded_lines": [], "start_line": 47}, "AuthService.hash_password": {"executed_lines": [], "summary": {"covered_lines": 0, "num_statements": 5, "percent_covered": 0.0, "percent_covered_display": "0", "missing_lines": 5, "excluded_lines": 0, "percent_statements_covered": 0.0, "percent_statements_covered_display": "0"}, "missing_lines": [62, 63, 65, 66, 68], "excluded_lines": [], "start_line": 51}, "AuthService.verify_password": {"executed_lines": [], "summary": {"covered_lines": 0, "num_statements": 2, "percent_covered": 0.0, "percent_covered_display": "0", "missing_lines": 2, "excluded_lines": 0, "percent_statements_covered": 0.0, "percent_statements_covered_display": "0"}, "missing_lines": [83, 84], "excluded_lines": [], "start_line": 71}, "AuthService.create_token": {"executed_lines": [], "summary": {"covered_lines": 0, "num_statements": 10, "percent_covered": 0.0, "percent_covered_display": "0", "missing_lines": 10, "excluded_lines": 0, "percent_statements_covered": 0.0, "percent_statements_covered_display": "0"}, "missing_lines": [102, 103, 105, 114, 115, 118, 119, 120, 123, 125], "excluded_lines": [], "start_line": 87}, "AuthService.decode_token": {"executed_lines": [], "summary": {"covered_lines": 0, "num_statements": 19, "percent_covered": 0.0, "percent_covered_display": "0", "missing_lines": 19, "excluded_lines": 0, "percent_statements_covered": 0.0, "percent_statements_covered_display": "0"}, "missing_lines": [145, 146, 147, 148, 150, 153, 154, 155, 157, 158, 161, 162, 163, 166, 167, 168, 170, 172, 173], "excluded_lines": [], "start_line": 132}, "AuthService.get_current_user": {"executed_lines": [], "summary": {"covered_lines": 0, "num_statements": 17, "percent_covered": 0.0, "percent_covered_display": "0", "missing_lines": 17, "excluded_lines": 0, "percent_statements_covered": 0.0, "percent_statements_covered_display": "0"}, "missing_lines": [189, 190, 192, 194, 197, 201, 203, 204, 206, 207, 209, 213, 215, 222, 223, 224, 225], "excluded_lines": [], "start_line": 176}, "AuthService.create_user": {"executed_lines": [], "summary": {"covered_lines": 0, "num_statements": 14, "percent_covered": 0.0, "percent_covered_display": "0", "missing_lines": 14, "excluded_lines": 0, "percent_statements_covered": 0.0, "percent_statements_covered_display": "0"}, "missing_lines": [244, 245, 246, 249, 250, 251, 254, 257, 258, 259, 262, 263, 268, 270], "excluded_lines": [], "start_line": 228}, "AuthService.authenticate_user": {"executed_lines": [], "summary": {"covered_lines": 0, "num_statements": 10, "percent_covered": 0.0, "percent_covered_display": "0", "missing_lines": 10, "excluded_lines": 0, "percent_statements_covered": 0.0, "percent_statements_covered_display": "0"}, "missing_lines": [292, 296, 298, 299, 301, 302, 305, 306, 309, 310], "excluded_lines": [], "start_line": 278}, "AuthService.assign_role": {"executed_lines": [], "summary": {"covered_lines": 0, "num_statements": 15, "percent_covered": 0.0, "percent_covered_display": "0", "missing_lines": 15, "excluded_lines": 0, "percent_statements_covered": 0.0, "percent_statements_covered_display": "0"}, "missing_lines": [329, 330, 333, 334, 337, 338, 340, 341, 344, 347, 348, 349, 351, 352, 354], "excluded_lines": [], "start_line": 313}, "AuthService.check_roles": {"executed_lines": [], "summary": {"covered_lines": 0, "num_statements": 1, "percent_covered": 0.0, "percent_covered_display": "0", "missing_lines": 1, "excluded_lines": 0, "percent_statements_covered": 0.0, "percent_statements_covered_display": "0"}, "missing_lines": [372], "excluded_lines": [], "start_line": 361}, "AuthService.enforce_sod": {"executed_lines": [], "summary": {"covered_lines": 0, "num_statements": 6, "percent_covered": 0.0, "percent_covered_display": "0", "missing_lines": 6, "excluded_lines": 0, "percent_statements_covered": 0.0, "percent_statements_covered_display": "0"}, "missing_lines": [386, 390, 392, 393, 395, 396], "excluded_lines": [], "start_line": 375}, "get_current_user_dep": {"executed_lines": [], "summary": {"covered_lines": 0, "num_statements": 4, "percent_covered": 0.0, "percent_covered_display": "0", "missing_lines": 4, "excluded_lines": 0, "percent_statements_covered": 0.0, "percent_statements_covered_display": "0"}, "missing_lines": [412, 413, 414, 415], "excluded_lines": [], "start_line": 405}, "require_roles": {"executed_lines": [], "summary": {"covered_lines": 0, "num_statements": 2, "percent_covered": 0.0, "percent_covered_display": "0", "missing_lines": 2, "excluded_lines": 0, "percent_statements_covered": 0.0, "percent_statements_covered_display": "0"}, "missing_lines": [429, 438], "excluded_lines": [], "start_line": 419}, "require_roles.role_checker": {"executed_lines": [], "summary": {"covered_lines": 0, "num_statements": 4, "percent_covered": 0.0, "percent_covered_display": "0", "missing_lines": 4, "excluded_lines": 0, "percent_statements_covered": 0.0, "percent_statements_covered_display": "0"}, "missing_lines": [430, 431, 432, 436], "excluded_lines": [], "start_line": 429}, "": {"executed_lines": [], "summary": {"covered_lines": 0, "num_statements": 28, "percent_covered": 0.0, "percent_covered_display": "0", "missing_lines": 28, "excluded_lines": 0, "percent_statements_covered": 0.0, "percent_statements_covered_display": "0"}, "missing_lines": [5, 6, 7, 8, 9, 10, 11, 12, 13, 16, 19, 20, 23, 26, 35, 47, 51, 71, 87, 132, 176, 228, 278, 313, 361, 375, 405, 419], "excluded_lines": [], "start_line": 1}}, "classes": {"AuthService": {"executed_lines": [], "summary": {"covered_lines": 0, "num_statements": 100, "percent_covered": 0.0, "percent_covered_display": "0", "missing_lines": 100, "excluded_lines": 0, "percent_statements_covered": 0.0, "percent_statements_covered_display": "0"}, "missing_lines": [48, 62, 63, 65, 66, 68, 83, 84, 102, 103, 105, 114, 115, 118, 119, 120, 123, 125, 145, 146, 147, 148, 150, 153, 154, 155, 157, 158, 161, 162, 163, 166, 167, 168, 170, 172, 173, 189, 190, 192, 194, 197, 201, 203, 204, 206, 207, 209, 213, 215, 222, 223, 224, 225, 244, 245, 246, 249, 250, 251, 254, 257, 258, 259, 262, 263, 268, 270, 292, 296, 298, 299, 301, 302, 305, 306, 309, 310, 329, 330, 333, 334, 337, 338, 340, 341, 344, 347, 348, 349, 351, 352, 354, 372, 386, 390, 392, 393, 395, 396], "excluded_lines": [], "start_line": 35}, "": {"executed_lines": [], "summary": {"covered_lines": 0, "num_statements": 38, "percent_covered": 0.0, "percent_covered_display": "0", "missing_lines": 38, "excluded_lines": 0, "percent_statements_covered": 0.0, "percent_statements_covered_display": "0"}, "missing_lines": [5, 6, 7, 8, 9, 10, 11, 12, 13, 16, 19, 20, 23, 26, 35, 47, 51, 71, 87, 132, 176, 228, 278, 313, 361, 375, 405, 412, 413, 414, 415, 419, 429, 430, 431, 432, 436, 438], "excluded_lines": [], "start_line": 1}}}, "src/services/draft.py": {"executed_lines": [], "summary": {"covered_lines": 0, "num_statements": 55, "percent_covered": 0.0, "percent_covered_display": "0", "missing_lines": 55, "excluded_lines": 0, "percent_statements_covered": 0.0, "percent_statements_covered_display": "0"}, "missing_lines": [5, 6, 7, 8, 11, 16, 17, 18, 20, 45, 46, 48, 49, 51, 52, 55, 56, 59, 60, 63, 67, 68, 71, 72, 73, 75, 76, 77, 79, 81, 95, 106, 108, 117, 118, 119, 121, 135, 139, 141, 142, 144, 145, 147, 149, 160, 161, 166, 170, 171, 172, 173, 174, 175, 177], "excluded_lines": [], "functions": {"DraftService.__init__": {"executed_lines": [], "summary": {"covered_lines": 0, "num_statements": 2, "percent_covered": 0.0, "percent_covered_display": "0", "missing_lines": 2, "excluded_lines": 0, "percent_statements_covered": 0.0, "percent_statements_covered_display": "0"}, "missing_lines": [17, 18], "excluded_lines": [], "start_line": 16}, "DraftService.create_draft": {"executed_lines": [], "summary": {"covered_lines": 0, "num_statements": 27, "percent_covered": 0.0, "percent_covered_display": "0", "missing_lines": 27, "excluded_lines": 0, "percent_statements_covered": 0.0, "percent_statements_covered_display": "0"}, "missing_lines": [45, 46, 48, 49, 51, 52, 55, 56, 59, 60, 63, 67, 68, 71, 72, 73, 75, 76, 77, 79, 81, 95, 106, 108, 117, 118, 119], "excluded_lines": [], "start_line": 20}, "DraftService.get_draft": {"executed_lines": [], "summary": {"covered_lines": 0, "num_statements": 7, "percent_covered": 0.0, "percent_covered_display": "0", "missing_lines": 7, "excluded_lines": 0, "percent_statements_covered": 0.0, "percent_statements_covered_display": "0"}, "missing_lines": [135, 139, 141, 142, 144, 145, 147], "excluded_lines": [], "start_line": 121}, "DraftService.list_drafts": {"executed_lines": [], "summary": {"covered_lines": 0, "num_statements": 10, "percent_covered": 0.0, "percent_covered_display": "0", "missing_lines": 10, "excluded_lines": 0, "percent_statements_covered": 0.0, "percent_statements_covered_display": "0"}, "missing_lines": [160, 161, 166, 170, 171, 172, 173, 174, 175, 177], "excluded_lines": [], "start_line": 149}, "": {"executed_lines": [], "summary": {"covered_lines": 0, "num_statements": 9, "percent_covered": 0.0, "percent_covered_display": "0", "missing_lines": 9, "excluded_lines": 0, "percent_statements_covered": 0.0, "percent_statements_covered_display": "0"}, "missing_lines": [5, 6, 7, 8, 11, 16, 20, 121, 149], "excluded_lines": [], "start_line": 1}}, "classes": {"DraftService": {"executed_lines": [], "summary": {"covered_lines": 0, "num_statements": 46, "percent_covered": 0.0, "percent_covered_display": "0", "missing_lines": 46, "excluded_lines": 0, "percent_statements_covered": 0.0, "percent_statements_covered_display": "0"}, "missing_lines": [17, 18, 45, 46, 48, 49, 51, 52, 55, 56, 59, 60, 63, 67, 68, 71, 72, 73, 75, 76, 77, 79, 81, 95, 106, 108, 117, 118, 119, 135, 139, 141, 142, 144, 145, 147, 160, 161, 166, 170, 171, 172, 173, 174, 175, 177], "excluded_lines": [], "start_line": 11}, "": {"executed_lines": [], "summary": {"covered_lines": 0, "num_statements": 9, "percent_covered": 0.0, "percent_covered_display": "0", "missing_lines": 9, "excluded_lines": 0, "percent_statements_covered": 0.0, "percent_statements_covered_display": "0"}, "missing_lines": [5, 6, 7, 8, 11, 16, 20, 121, 149], "excluded_lines": [], "start_line": 1}}}, "src/services/evidence.py": {"executed_lines": [], "summary": {"covered_lines": 0, "num_statements": 136, "percent_covered": 0.0, "percent_covered_display": "0", "missing_lines": 136, "excluded_lines": 0, "percent_statements_covered": 0.0, "percent_statements_covered_display": "0"}, "missing_lines": [5, 6, 7, 8, 9, 10, 13, 15, 16, 17, 18, 19, 22, 34, 35, 36, 37, 38, 40, 70, 74, 76, 77, 82, 83, 86, 89, 91, 92, 93, 94, 95, 98, 101, 102, 104, 105, 108, 117, 125, 136, 139, 140, 141, 143, 144, 147, 158, 170, 188, 190, 199, 200, 201, 207, 218, 227, 229, 230, 232, 235, 236, 237, 238, 241, 242, 243, 253, 262, 264, 275, 286, 288, 290, 304, 308, 310, 311, 313, 314, 316, 317, 318, 321, 322, 323, 333, 342, 344, 364, 368, 369, 374, 378, 379, 385, 399, 401, 422, 423, 426, 429, 430, 432, 433, 436, 445, 447, 468, 469, 472, 475, 476, 478, 479, 482, 491, 493, 508, 510, 511, 516, 524, 525, 527, 528, 530, 532, 534, 535, 541, 546, 548, 549, 554, 556], "excluded_lines": [], "functions": {"EvidenceError.__init__": {"executed_lines": [], "summary": {"covered_lines": 0, "num_statements": 4, "percent_covered": 0.0, "percent_covered_display": "0", "missing_lines": 4, "excluded_lines": 0, "percent_statements_covered": 0.0, "percent_statements_covered_display": "0"}, "missing_lines": [16, 17, 18, 19], "excluded_lines": [], "start_line": 15}, "EvidenceService.__init__": {"executed_lines": [], "summary": {"covered_lines": 0, "num_statements": 4, "percent_covered": 0.0, "percent_covered_display": "0", "missing_lines": 4, "excluded_lines": 0, "percent_statements_covered": 0.0, "percent_statements_covered_display": "0"}, "missing_lines": [35, 36, 37, 38], "excluded_lines": [], "start_line": 34}, "EvidenceService.create_evidence_package": {"executed_lines": [], "summary": {"covered_lines": 0, "num_statements": 35, "percent_covered": 0.0, "percent_covered_display": "0", "missing_lines": 35, "excluded_lines": 0, "percent_statements_covered": 0.0, "percent_statements_covered_display": "0"}, "missing_lines": [70, 74, 76, 77, 82, 83, 86, 89, 91, 92, 93, 94, 95, 98, 101, 102, 104, 105, 108, 117, 125, 136, 139, 140, 141, 143, 144, 147, 158, 170, 188, 190, 199, 200, 201], "excluded_lines": [], "start_line": 40}, "EvidenceService.get_evidence_package": {"executed_lines": [], "summary": {"covered_lines": 0, "num_statements": 14, "percent_covered": 0.0, "percent_covered_display": "0", "missing_lines": 14, "excluded_lines": 0, "percent_statements_covered": 0.0, "percent_statements_covered_display": "0"}, "missing_lines": [218, 227, 229, 230, 232, 235, 236, 237, 238, 241, 242, 243, 253, 262], "excluded_lines": [], "start_line": 207}, "EvidenceService.list_evidence_packages": {"executed_lines": [], "summary": {"covered_lines": 0, "num_statements": 3, "percent_covered": 0.0, "percent_covered_display": "0", "missing_lines": 3, "excluded_lines": 0, "percent_statements_covered": 0.0, "percent_statements_covered_display": "0"}, "missing_lines": [275, 286, 288], "excluded_lines": [], "start_line": 264}, "EvidenceService.get_evidence_artifact": {"executed_lines": [], "summary": {"covered_lines": 0, "num_statements": 14, "percent_covered": 0.0, "percent_covered_display": "0", "missing_lines": 14, "excluded_lines": 0, "percent_statements_covered": 0.0, "percent_statements_covered_display": "0"}, "missing_lines": [304, 308, 310, 311, 313, 314, 316, 317, 318, 321, 322, 323, 333, 342], "excluded_lines": [], "start_line": 290}, "EvidenceService.link_evidence_to_approval": {"executed_lines": [], "summary": {"covered_lines": 0, "num_statements": 8, "percent_covered": 0.0, "percent_covered_display": "0", "missing_lines": 8, "excluded_lines": 0, "percent_statements_covered": 0.0, "percent_statements_covered_display": "0"}, "missing_lines": [364, 368, 369, 374, 378, 379, 385, 399], "excluded_lines": [], "start_line": 344}, "EvidenceService.capture_validation_evidence": {"executed_lines": [], "summary": {"covered_lines": 0, "num_statements": 9, "percent_covered": 0.0, "percent_covered_display": "0", "missing_lines": 9, "excluded_lines": 0, "percent_statements_covered": 0.0, "percent_statements_covered_display": "0"}, "missing_lines": [422, 423, 426, 429, 430, 432, 433, 436, 445], "excluded_lines": [], "start_line": 401}, "EvidenceService.capture_approval_evidence": {"executed_lines": [], "summary": {"covered_lines": 0, "num_statements": 9, "percent_covered": 0.0, "percent_covered_display": "0", "missing_lines": 9, "excluded_lines": 0, "percent_statements_covered": 0.0, "percent_statements_covered_display": "0"}, "missing_lines": [468, 469, 472, 475, 476, 478, 479, 482, 491], "excluded_lines": [], "start_line": 447}, "EvidenceService.verify_evidence_integrity": {"executed_lines": [], "summary": {"covered_lines": 0, "num_statements": 18, "percent_covered": 0.0, "percent_covered_display": "0", "missing_lines": 18, "excluded_lines": 0, "percent_statements_covered": 0.0, "percent_statements_covered_display": "0"}, "missing_lines": [508, 510, 511, 516, 524, 525, 527, 528, 530, 532, 534, 535, 541, 546, 548, 549, 554, 556], "excluded_lines": [], "start_line": 493}, "": {"executed_lines": [], "summary": {"covered_lines": 0, "num_statements": 18, "percent_covered": 0.0, "percent_covered_display": "0", "missing_lines": 18, "excluded_lines": 0, "percent_statements_covered": 0.0, "percent_statements_covered_display": "0"}, "missing_lines": [5, 6, 7, 8, 9, 10, 13, 15, 22, 34, 40, 207, 264, 290, 344, 401, 447, 493], "excluded_lines": [], "start_line": 1}}, "classes": {"EvidenceError": {"executed_lines": [], "summary": {"covered_lines": 0, "num_statements": 4, "percent_covered": 0.0, "percent_covered_display": "0", "missing_lines": 4, "excluded_lines": 0, "percent_statements_covered": 0.0, "percent_statements_covered_display": "0"}, "missing_lines": [16, 17, 18, 19], "excluded_lines": [], "start_line": 13}, "EvidenceService": {"executed_lines": [], "summary": {"covered_lines": 0, "num_statements": 114, "percent_covered": 0.0, "percent_covered_display": "0", "missing_lines": 114, "excluded_lines": 0, "percent_statements_covered": 0.0, "percent_statements_covered_display": "0"}, "missing_lines": [35, 36, 37, 38, 70, 74, 76, 77, 82, 83, 86, 89, 91, 92, 93, 94, 95, 98, 101, 102, 104, 105, 108, 117, 125, 136, 139, 140, 141, 143, 144, 147, 158, 170, 188, 190, 199, 200, 201, 218, 227, 229, 230, 232, 235, 236, 237, 238, 241, 242, 243, 253, 262, 275, 286, 288, 304, 308, 310, 311, 313, 314, 316, 317, 318, 321, 322, 323, 333, 342, 364, 368, 369, 374, 378, 379, 385, 399, 422, 423, 426, 429, 430, 432, 433, 436, 445, 468, 469, 472, 475, 476, 478, 479, 482, 491, 508, 510, 511, 516, 524, 525, 527, 528, 530, 532, 534, 535, 541, 546, 548, 549, 554, 556], "excluded_lines": [], "start_line": 22}, "": {"executed_lines": [], "summary": {"covered_lines": 0, "num_statements": 18, "percent_covered": 0.0, "percent_covered_display": "0", "missing_lines": 18, "excluded_lines": 0, "percent_statements_covered": 0.0, "percent_statements_covered_display": "0"}, "missing_lines": [5, 6, 7, 8, 9, 10, 13, 15, 22, 34, 40, 207, 264, 290, 344, 401, 447, 493], "excluded_lines": [], "start_line": 1}}}, "src/services/submission.py": {"executed_lines": [], "summary": {"covered_lines": 0, "num_statements": 43, "percent_covered": 0.0, "percent_covered_display": "0", "missing_lines": 43, "excluded_lines": 0, "percent_statements_covered": 0.0, "percent_statements_covered_display": "0"}, "missing_lines": [5, 6, 7, 8, 11, 16, 17, 18, 20, 45, 49, 51, 52, 54, 56, 57, 58, 60, 62, 76, 77, 87, 98, 110, 112, 121, 122, 123, 125, 136, 140, 142, 143, 144, 146, 165, 167, 168, 173, 184, 185, 186, 187], "excluded_lines": [], "functions": {"SubmissionService.__init__": {"executed_lines": [], "summary": {"covered_lines": 0, "num_statements": 2, "percent_covered": 0.0, "percent_covered_display": "0", "missing_lines": 2, "excluded_lines": 0, "percent_statements_covered": 0.0, "percent_statements_covered_display": "0"}, "missing_lines": [17, 18], "excluded_lines": [], "start_line": 16}, "SubmissionService.create_submission": {"executed_lines": [], "summary": {"covered_lines": 0, "num_statements": 19, "percent_covered": 0.0, "percent_covered_display": "0", "missing_lines": 19, "excluded_lines": 0, "percent_statements_covered": 0.0, "percent_statements_covered_display": "0"}, "missing_lines": [45, 49, 51, 52, 54, 56, 57, 58, 60, 62, 76, 77, 87, 98, 110, 112, 121, 122, 123], "excluded_lines": [], "start_line": 20}, "SubmissionService.get_submission": {"executed_lines": [], "summary": {"covered_lines": 0, "num_statements": 5, "percent_covered": 0.0, "percent_covered_display": "0", "missing_lines": 5, "excluded_lines": 0, "percent_statements_covered": 0.0, "percent_statements_covered_display": "0"}, "missing_lines": [136, 140, 142, 143, 144], "excluded_lines": [], "start_line": 125}, "SubmissionService.update_state": {"executed_lines": [], "summary": {"covered_lines": 0, "num_statements": 8, "percent_covered": 0.0, "percent_covered_display": "0", "missing_lines": 8, "excluded_lines": 0, "percent_statements_covered": 0.0, "percent_statements_covered_display": "0"}, "missing_lines": [165, 167, 168, 173, 184, 185, 186, 187], "excluded_lines": [], "start_line": 146}, "": {"executed_lines": [], "summary": {"covered_lines": 0, "num_statements": 9, "percent_covered": 0.0, "percent_covered_display": "0", "missing_lines": 9, "excluded_lines": 0, "percent_statements_covered": 0.0, "percent_statements_covered_display": "0"}, "missing_lines": [5, 6, 7, 8, 11, 16, 20, 125, 146], "excluded_lines": [], "start_line": 1}}, "classes": {"SubmissionService": {"executed_lines": [], "summary": {"covered_lines": 0, "num_statements": 34, "percent_covered": 0.0, "percent_covered_display": "0", "missing_lines": 34, "excluded_lines": 0, "percent_statements_covered": 0.0, "percent_statements_covered_display": "0"}, "missing_lines": [17, 18, 45, 49, 51, 52, 54, 56, 57, 58, 60, 62, 76, 77, 87, 98, 110, 112, 121, 122, 123, 136, 140, 142, 143, 144, 165, 167, 168, 173, 184, 185, 186, 187], "excluded_lines": [], "start_line": 11}, "": {"executed_lines": [], "summary": {"covered_lines": 0, "num_statements": 9, "percent_covered": 0.0, "percent_covered_display": "0", "missing_lines": 9, "excluded_lines": 0, "percent_statements_covered": 0.0, "percent_statements_covered_display": "0"}, "missing_lines": [5, 6, 7, 8, 11, 16, 20, 125, 146], "excluded_lines": [], "start_line": 1}}}, "src/services/validation.py": {"executed_lines": [], "summary": {"covered_lines": 0, "num_statements": 70, "percent_covered": 0.0, "percent_covered_display": "0", "missing_lines": 70, "excluded_lines": 0, "percent_statements_covered": 0.0, "percent_statements_covered_display": "0"}, "missing_lines": [5, 6, 7, 8, 9, 10, 13, 18, 19, 20, 21, 22, 24, 47, 56, 58, 59, 61, 62, 65, 68, 69, 72, 73, 76, 77, 80, 83, 84, 86, 98, 101, 102, 103, 105, 106, 108, 110, 120, 121, 123, 137, 138, 144, 155, 157, 163, 164, 165, 167, 170, 177, 180, 187, 190, 197, 208, 217, 219, 220, 223, 224, 225, 226, 227, 229, 231, 242, 251, 253], "excluded_lines": [], "functions": {"ValidationService.__init__": {"executed_lines": [], "summary": {"covered_lines": 0, "num_statements": 4, "percent_covered": 0.0, "percent_covered_display": "0", "missing_lines": 4, "excluded_lines": 0, "percent_statements_covered": 0.0, "percent_statements_covered_display": "0"}, "missing_lines": [19, 20, 21, 22], "excluded_lines": [], "start_line": 18}, "ValidationService.run_validation": {"executed_lines": [], "summary": {"covered_lines": 0, "num_statements": 36, "percent_covered": 0.0, "percent_covered_display": "0", "missing_lines": 36, "excluded_lines": 0, "percent_statements_covered": 0.0, "percent_statements_covered_display": "0"}, "missing_lines": [47, 56, 58, 59, 61, 62, 65, 68, 69, 72, 73, 76, 77, 80, 83, 84, 86, 98, 101, 102, 103, 105, 106, 108, 110, 120, 121, 123, 137, 138, 144, 155, 157, 163, 164, 165], "excluded_lines": [], "start_line": 24}, "ValidationService._check_schema_conformance": {"executed_lines": [], "summary": {"covered_lines": 0, "num_statements": 1, "percent_covered": 0.0, "percent_covered_display": "0", "missing_lines": 1, "excluded_lines": 0, "percent_statements_covered": 0.0, "percent_statements_covered_display": "0"}, "missing_lines": [170], "excluded_lines": [], "start_line": 167}, "ValidationService._check_freshness": {"executed_lines": [], "summary": {"covered_lines": 0, "num_statements": 1, "percent_covered": 0.0, "percent_covered_display": "0", "missing_lines": 1, "excluded_lines": 0, "percent_statements_covered": 0.0, "percent_statements_covered_display": "0"}, "missing_lines": [180], "excluded_lines": [], "start_line": 177}, "ValidationService._check_completeness": {"executed_lines": [], "summary": {"covered_lines": 0, "num_statements": 1, "percent_covered": 0.0, "percent_covered_display": "0", "missing_lines": 1, "excluded_lines": 0, "percent_statements_covered": 0.0, "percent_statements_covered_display": "0"}, "missing_lines": [190], "excluded_lines": [], "start_line": 187}, "ValidationService.get_validation_report": {"executed_lines": [], "summary": {"covered_lines": 0, "num_statements": 10, "percent_covered": 0.0, "percent_covered_display": "0", "missing_lines": 10, "excluded_lines": 0, "percent_statements_covered": 0.0, "percent_statements_covered_display": "0"}, "missing_lines": [208, 217, 219, 220, 223, 224, 225, 226, 227, 229], "excluded_lines": [], "start_line": 197}, "ValidationService.list_validation_runs": {"executed_lines": [], "summary": {"covered_lines": 0, "num_statements": 3, "percent_covered": 0.0, "percent_covered_display": "0", "missing_lines": 3, "excluded_lines": 0, "percent_statements_covered": 0.0, "percent_statements_covered_display": "0"}, "missing_lines": [242, 251, 253], "excluded_lines": [], "start_line": 231}, "": {"executed_lines": [], "summary": {"covered_lines": 0, "num_statements": 14, "percent_covered": 0.0, "percent_covered_display": "0", "missing_lines": 14, "excluded_lines": 0, "percent_statements_covered": 0.0, "percent_statements_covered_display": "0"}, "missing_lines": [5, 6, 7, 8, 9, 10, 13, 18, 24, 167, 177, 187, 197, 231], "excluded_lines": [], "start_line": 1}}, "classes": {"ValidationService": {"executed_lines": [], "summary": {"covered_lines": 0, "num_statements": 56, "percent_covered": 0.0, "percent_covered_display": "0", "missing_lines": 56, "excluded_lines": 0, "percent_statements_covered": 0.0, "percent_statements_covered_display": "0"}, "missing_lines": [19, 20, 21, 22, 47, 56, 58, 59, 61, 62, 65, 68, 69, 72, 73, 76, 77, 80, 83, 84, 86, 98, 101, 102, 103, 105, 106, 108, 110, 120, 121, 123, 137, 138, 144, 155, 157, 163, 164, 165, 170, 180, 190, 208, 217, 219, 220, 223, 224, 225, 226, 227, 229, 242, 251, 253], "excluded_lines": [], "start_line": 13}, "": {"executed_lines": [], "summary": {"covered_lines": 0, "num_statements": 14, "percent_covered": 0.0, "percent_covered_display": "0", "missing_lines": 14, "excluded_lines": 0, "percent_statements_covered": 0.0, "percent_statements_covered_display": "0"}, "missing_lines": [5, 6, 7, 8, 9, 10, 13, 18, 24, 167, 177, 187, 197, 231], "excluded_lines": [], "start_line": 1}}}, "src/utils/__init__.py": {"executed_lines": [], "summary": {"covered_lines": 0, "num_statements": 21, "percent_covered": 0.0, "percent_covered_display": "0", "missing_lines": 21, "excluded_lines": 0, "percent_statements_covered": 0.0, "percent_statements_covered_display": "0"}, "missing_lines": [4, 5, 6, 7, 8, 11, 13, 14, 17, 19, 22, 24, 27, 29, 30, 31, 32, 34, 36, 39, 41], "excluded_lines": [], "functions": {"generate_id": {"executed_lines": [], "summary": {"covered_lines": 0, "num_statements": 2, "percent_covered": 0.0, "percent_covered_display": "0", "missing_lines": 2, "excluded_lines": 0, "percent_statements_covered": 0.0, "percent_statements_covered_display": "0"}, "missing_lines": [13, 14], "excluded_lines": [], "start_line": 11}, "utc_now_iso": {"executed_lines": [], "summary": {"covered_lines": 0, "num_statements": 1, "percent_covered": 0.0, "percent_covered_display": "0", "missing_lines": 1, "excluded_lines": 0, "percent_statements_covered": 0.0, "percent_statements_covered_display": "0"}, "missing_lines": [19], "excluded_lines": [], "start_line": 17}, "canonical_json": {"executed_lines": [], "summary": {"covered_lines": 0, "num_statements": 1, "percent_covered": 0.0, "percent_covered_display": "0", "missing_lines": 1, "excluded_lines": 0, "percent_statements_covered": 0.0, "percent_statements_covered_display": "0"}, "missing_lines": [24], "excluded_lines": [], "start_line": 22}, "compute_hash": {"executed_lines": [], "summary": {"covered_lines": 0, "num_statements": 6, "percent_covered": 0.0, "percent_covered_display": "0", "missing_lines": 6, "excluded_lines": 0, "percent_statements_covered": 0.0, "percent_statements_covered_display": "0"}, "missing_lines": [29, 30, 31, 32, 34, 36], "excluded_lines": [], "start_line": 27}, "make_error_response": {"executed_lines": [], "summary": {"covered_lines": 0, "num_statements": 1, "percent_covered": 0.0, "percent_covered_display": "0", "missing_lines": 1, "excluded_lines": 0, "percent_statements_covered": 0.0, "percent_statements_covered_display": "0"}, "missing_lines": [41], "excluded_lines": [], "start_line": 39}, "": {"executed_lines": [], "summary": {"covered_lines": 0, "num_statements": 10, "percent_covered": 0.0, "percent_covered_display": "0", "missing_lines": 10, "excluded_lines": 0, "percent_statements_covered": 0.0, "percent_statements_covered_display": "0"}, "missing_lines": [4, 5, 6, 7, 8, 11, 17, 22, 27, 39], "excluded_lines": [], "start_line": 1}}, "classes": {"": {"executed_lines": [], "summary": {"covered_lines": 0, "num_statements": 21, "percent_covered": 0.0, "percent_covered_display": "0", "missing_lines": 21, "excluded_lines": 0, "percent_statements_covered": 0.0, "percent_statements_covered_display": "0"}, "missing_lines": [4, 5, 6, 7, 8, 11, 13, 14, 17, 19, 22, 24, 27, 29, 30, 31, 32, 34, 36, 39, 41], "excluded_lines": [], "start_line": 1}}}}, "totals": {"covered_lines": 4, "num_statements": 1316, "percent_covered": 0.303951367781155, "percent_covered_display": "1", "missing_lines": 1312, "excluded_lines": 0, "percent_statements_covered": 0.303951367781155, "percent_statements_covered_display": "1"}}